<?xml version="1.0" encoding="utf-8"?><testsuites name="pytest tests"><testsuite name="pytest" errors="0" failures="0" skipped="0" tests="9" time="4.695" timestamp="2026-08-06T13:19:55.816365+00:00" hostname="agent-env-23837487-44ed-4227-9a7f-ba18017f06e1"><testcase classname="tests.test_iter153_frozen_and_cancel.TestFrozenBalances" name="test_frozen_appears_after_withdrawal" time="0.721" /><testcase classname="tests.test_iter153_frozen_and_cancel.TestCancelOwnWithdrawal" name="test_cancel_pending_refunds_and_second_call_409" time="0.889" /><testcase classname="tests.test_iter153_frozen_and_cancel.TestCancelOwnWithdrawal" name="test_cancel_other_user_returns_404" time="0.170" /><testcase classname="tests.test_iter153_frozen_and_cancel.TestCancelOwnWithdrawal" name="test_cancel_approved_returns_409" time="0.652" /><testcase classname="tests.test_iter153_frozen_and_cancel.TestAdminWithdrawalGuards" name="test_admin_cannot_change_cancelled" time="0.506" /><testcase classname="tests.test_iter153_frozen_and_cancel.TestAdminWithdrawalGuards" name="test_admin_status_timestamps" time="0.735" /><testcase classname="tests.test_iter153_frozen_and_cancel.TestDepositNetwork" name="test_crypto_bep20_with_trc20_hash_returns_422" time="0.146" /><testcase classname="tests.test_iter153_frozen_and_cancel.TestDepositNetwork" name="test_crypto_matching_network_hash_ok" time="0.328" /><testcase classname="tests.test_iter153_frozen_and_cancel.TestDepositNetwork" name="test_crypto_no_network_still_ok" time="0.461" /></testsuite></testsuites>