<?xml version="1.0" encoding="utf-8"?><testsuites name="pytest tests"><testsuite name="pytest" errors="0" failures="4" skipped="0" tests="67" time="18.644" timestamp="2026-06-27T09:17:57.282551+00:00" hostname="agent-env-23837487-44ed-4227-9a7f-ba18017f06e1"><testcase classname="backend.tests.test_iter28_anti_scam_trust.TestBulkImport" name="test_bulk_import_real_whatsapp_example" time="0.174" /><testcase classname="backend.tests.test_iter28_anti_scam_trust.TestBulkImport" name="test_bulk_import_dedupe_second_run" time="0.139" /><testcase classname="backend.tests.test_iter28_anti_scam_trust.TestBulkImport" name="test_bulk_import_multi_blocks" time="0.107" /><testcase classname="backend.tests.test_iter28_anti_scam_trust.TestBulkImport" name="test_bulk_import_garbage_no_phones" time="0.109" /><testcase classname="backend.tests.test_iter28_anti_scam_trust.TestBulkImport" name="test_bulk_import_freezes_existing_user_with_matching_phone" time="0.108" /><testcase classname="backend.tests.test_iter28_anti_scam_trust.TestPermissionGating" name="test_employee_without_perm_blocked_on_blocklist_endpoints" time="0.706" /><testcase classname="backend.tests.test_iter28_anti_scam_trust.TestPermissionGating" name="test_employee_with_perm_can_list" time="0.130" /><testcase classname="backend.tests.test_iter28_anti_scam_trust.TestPermissionGating" name="test_admin_bypasses_perm_check" time="0.095" /><testcase classname="backend.tests.test_iter28_anti_scam_trust.TestVerifyReject" name="test_verify_phone_blocked_returns_409" time="0.110" /><testcase classname="backend.tests.test_iter28_anti_scam_trust.TestVerifyReject" name="test_verify_phone_happy_path_activates_account" time="0.109" /><testcase classname="backend.tests.test_iter28_anti_scam_trust.TestVerifyReject" name="test_reject_phone_blocks_and_freezes" time="0.213" /><testcase classname="backend.tests.test_iter28_anti_scam_trust.TestAccountStatusEnforcement" name="test_under_review_normal_user_cannot_create_order" time="0.131" /><testcase classname="backend.tests.test_iter28_anti_scam_trust.TestAccountStatusEnforcement" name="test_under_review_vip_user_cannot_withdraw" time="0.138" /><testcase classname="backend.tests.test_iter28_anti_scam_trust.TestAccountStatusEnforcement" name="test_under_review_vip_user_cannot_redeem" time="0.103" /><testcase classname="backend.tests.test_iter28_anti_scam_trust.TestAccountStatusEnforcement" name="test_admin_bypasses_account_status_check" time="0.100" /><testcase classname="backend.tests.test_iter28_anti_scam_trust.TestLoginRecheck" name="test_login_freezes_account_when_phone_blocked" time="0.948" /><testcase classname="backend.tests.test_iter28_anti_scam_trust.TestLoginRecheck" name="test_register_default_account_status_under_review_for_normal" time="0.511" /><testcase classname="backend.tests.test_iter29_notifications.TestRegisterFanout" name="test_register_normal_user_fanout_to_admin_and_perm_employees" time="0.500" /><testcase classname="backend.tests.test_iter29_notifications.TestRegisterFanout" name="test_employee_without_perm_does_not_receive_fanout" time="0.502" /><testcase classname="backend.tests.test_iter29_notifications.TestVerifyRejectNotifications" name="test_verify_phone_creates_phone_verified_notification" time="0.264" /><testcase classname="backend.tests.test_iter29_notifications.TestVerifyRejectNotifications" name="test_reject_phone_creates_phone_rejected_notification_with_reason" time="0.137" /><testcase classname="backend.tests.test_iter29_notifications.TestEndpoints" name="test_list_scoped_to_current_user_no_leak" time="0.114" /><testcase classname="backend.tests.test_iter29_notifications.TestEndpoints" name="test_unread_count_and_mark_all_read" time="0.323" /><testcase classname="backend.tests.test_iter29_notifications.TestEndpoints" name="test_mark_read_idempotent" time="0.221" /><testcase classname="backend.tests.test_iter29_notifications.TestEndpoints" name="test_mark_read_other_users_notification_no_leak" time="0.110" /><testcase classname="backend.tests.test_iter29_notifications.TestEndpoints" name="test_mark_all_read_only_affects_current_user" time="0.120" /><testcase classname="backend.tests.test_iter29_notifications.TestMePhoneFanout" name="test_first_phone_set_triggers_fanout_update_does_not" time="0.244" /><testcase classname="backend.tests.test_iter30_blocklist_push.TestBlocklistCRUD" name="test_list_blocked_contacts_admin_ok" time="0.107" /><testcase classname="backend.tests.test_iter30_blocklist_push.TestBlocklistCRUD" name="test_create_then_get_then_delete" time="0.517" /><testcase classname="backend.tests.test_iter30_blocklist_push.TestBlocklistCRUD" name="test_create_requires_phone_or_email" time="0.113" /><testcase classname="backend.tests.test_iter30_blocklist_push.TestBlocklistCRUD" name="test_bulk_import_response_shape" time="0.110" /><testcase classname="backend.tests.test_iter30_blocklist_push.TestPermissionGating" name="test_employee_without_perm_403_on_all" time="0.660" /><testcase classname="backend.tests.test_iter30_blocklist_push.TestPermissionGating" name="test_employee_with_perm_can_list" time="0.129" /><testcase classname="backend.tests.test_iter30_blocklist_push.TestVerifyRejectPushFanout" name="test_verify_phone_prunes_dead_push_subscription" time="0.159" /><testcase classname="backend.tests.test_iter30_blocklist_push.TestVerifyRejectPushFanout" name="test_reject_phone_prunes_dead_push_subscription" time="0.154" /><testcase classname="backend.tests.test_iter30_blocklist_push.TestVerifyRejectPushFanout" name="test_register_invokes_push_for_admin_recipients" time="0.533" /><testcase classname="backend.tests.test_iter30_blocklist_push.TestVerifyRejectPushFanout" name="test_register_does_not_break_when_push_fails" time="0.496" /><testcase classname="backend.tests.test_iter30_blocklist_push.TestAccountActiveStillGuards" name="test_under_review_user_cannot_create_order" time="0.101" /><testcase classname="backend.tests.test_iter21_employee_perms.TestEmployeeProductPerms" name="test_employee_without_price_perm_cannot_change_price" time="0.116" /><testcase classname="backend.tests.test_iter21_employee_perms.TestEmployeeProductPerms" name="test_employee_without_price_perm_cannot_change_cost" time="0.112" /><testcase classname="backend.tests.test_iter21_employee_perms.TestEmployeeProductPerms" name="test_employee_with_price_perm_can_change_price" time="0.163" /><testcase classname="backend.tests.test_iter21_employee_perms.TestEmployeeProductPerms" name="test_employee_without_perms_can_still_edit_unrelated_fields" time="0.128" /><testcase classname="backend.tests.test_iter21_employee_perms.TestEmployeeProductPerms" name="test_employee_without_image_perm_cannot_change_image" time="0.140" /><testcase classname="backend.tests.test_iter21_employee_perms.TestEmployeeProductPerms" name="test_employee_with_image_perm_can_change_image" time="0.114" /><testcase classname="backend.tests.test_iter21_employee_perms.TestEmployeeProductPerms" name="test_partial_perms_only_unlock_their_field" time="0.121" /><testcase classname="backend.tests.test_iter21_employee_perms.TestEmployeeProductPerms" name="test_employee_without_delete_perm_cannot_delete" time="0.120" /><testcase classname="backend.tests.test_iter21_employee_perms.TestEmployeeProductPerms" name="test_employee_with_delete_perm_can_delete" time="0.118" /><testcase classname="backend.tests.test_iter21_employee_perms.TestEmployeeProductPerms" name="test_employee_without_perms_cannot_create_with_price" time="0.107" /><testcase classname="backend.tests.test_iter21_employee_perms.TestEmployeeProductPerms" name="test_admin_bypasses_all_perms" time="0.106" /><testcase classname="backend.tests.test_iter21_employee_perms.TestEmployeeProductPerms" name="test_admin_can_toggle_employee_perm" time="0.111" /><testcase classname="backend.tests.test_iter21_employee_perms.TestEmployeeProductPerms" name="test_new_employees_default_to_no_perms" time="0.011" /><testcase classname="backend.tests.test_iter18_onboarding.TestOnboardingFlag" name="test_new_email_user_has_onboarding_false" time="0.108"><failure message="TypeError: 'NoneType' object is not subscriptable">backend/tests/test_iter18_onboarding.py:47: in test_new_email_user_has_onboarding_false
    user, _token = _register_and_login()
                   ^^^^^^^^^^^^^^^^^^^^^
backend/tests/test_iter18_onboarding.py:38: in _register_and_login
    v = requests.get(f"{BASE_URL}/api/auth/verify-email/{user['verification_token']}")
                                                         ^^^^^^^^^^^^^^^^^^^^^^^^^^
E   TypeError: 'NoneType' object is not subscriptable</failure></testcase><testcase classname="backend.tests.test_iter18_onboarding.TestOnboardingFlag" name="test_me_endpoint_exposes_onboarding_flag" time="0.103"><failure message="TypeError: 'NoneType' object is not subscriptable">backend/tests/test_iter18_onboarding.py:51: in test_me_endpoint_exposes_onboarding_flag
    _user, token = _register_and_login()
                   ^^^^^^^^^^^^^^^^^^^^^
backend/tests/test_iter18_onboarding.py:38: in _register_and_login
    v = requests.get(f"{BASE_URL}/api/auth/verify-email/{user['verification_token']}")
                                                         ^^^^^^^^^^^^^^^^^^^^^^^^^^
E   TypeError: 'NoneType' object is not subscriptable</failure></testcase><testcase classname="backend.tests.test_iter18_onboarding.TestOnboardingFlag" name="test_complete_onboarding_endpoint_sets_flag_true" time="0.110"><failure message="TypeError: 'NoneType' object is not subscriptable">backend/tests/test_iter18_onboarding.py:59: in test_complete_onboarding_endpoint_sets_flag_true
    _user, token = _register_and_login()
                   ^^^^^^^^^^^^^^^^^^^^^
backend/tests/test_iter18_onboarding.py:38: in _register_and_login
    v = requests.get(f"{BASE_URL}/api/auth/verify-email/{user['verification_token']}")
                                                         ^^^^^^^^^^^^^^^^^^^^^^^^^^
E   TypeError: 'NoneType' object is not subscriptable</failure></testcase><testcase classname="backend.tests.test_iter18_onboarding.TestOnboardingFlag" name="test_complete_onboarding_requires_auth" time="0.108" /><testcase classname="backend.tests.test_iter18_onboarding.TestOnboardingFlag" name="test_complete_onboarding_is_idempotent" time="0.119"><failure message="TypeError: 'NoneType' object is not subscriptable">backend/tests/test_iter18_onboarding.py:77: in test_complete_onboarding_is_idempotent
    _user, token = _register_and_login()
                   ^^^^^^^^^^^^^^^^^^^^^
backend/tests/test_iter18_onboarding.py:38: in _register_and_login
    v = requests.get(f"{BASE_URL}/api/auth/verify-email/{user['verification_token']}")
                                                         ^^^^^^^^^^^^^^^^^^^^^^^^^^
E   TypeError: 'NoneType' object is not subscriptable</failure></testcase><testcase classname="backend.tests.test_iter14_corrections.TestNormalCanWithdraw" name="test_normal_with_balance_can_withdraw" time="0.739" /><testcase classname="backend.tests.test_iter14_corrections.TestNormalCanWithdraw" name="test_employee_cannot_withdraw" time="0.096" /><testcase classname="backend.tests.test_iter14_corrections.TestConfirmedOrderLock" name="test_employee_cannot_change_confirmed_order" time="0.990" /><testcase classname="backend.tests.test_iter14_corrections.TestConfirmedOrderLock" name="test_admin_can_change_confirmed_order" time="0.992" /><testcase classname="backend.tests.test_iter14_corrections.TestEmployeeAllowedCurrencies" name="test_orders_filtered_by_currency" time="0.165" /><testcase classname="backend.tests.test_iter14_corrections.TestEmployeeAllowedCurrencies" name="test_cannot_update_unauthorized_rate" time="0.218" /><testcase classname="backend.tests.test_iter14_corrections.TestEmployeeAllowedCurrencies" name="test_can_update_authorized_rate" time="0.208" /><testcase classname="backend.tests.test_iter14_corrections.TestEmployeeAllowedCurrencies" name="test_cannot_update_unauthorized_order" time="0.308" /><testcase classname="backend.tests.test_iter14_corrections.TestWithdrawalPayoutProof" name="test_paid_requires_proof_for_transfer" time="1.525" /><testcase classname="backend.tests.test_iter14_corrections.TestWithdrawalPayoutProof" name="test_paid_with_proof_succeeds" time="0.792" /><testcase classname="backend.tests.test_iter14_corrections.TestWithdrawalPayoutProof" name="test_employee_cannot_modify_paid_withdrawal" time="0.881" /></testsuite></testsuites>