<?xml version="1.0" encoding="utf-8"?><testsuites name="pytest tests"><testsuite name="pytest" errors="0" failures="0" skipped="0" tests="15" time="2.049" timestamp="2026-07-18T11:37:34.027189+00:00" hostname="agent-env-23837487-44ed-4227-9a7f-ba18017f06e1"><testcase classname="tests.test_iter77_fee_model" name="test_usdt_source_full_amount_to_and_debits_amount_plus_fee" time="0.173" /><testcase classname="tests.test_iter77_fee_model" name="test_usdt_source_exactly_amount_no_room_for_fee_rejected" time="0.119" /><testcase classname="tests.test_iter77_fee_model" name="test_non_usdt_source_full_amount_to_and_usdt_fee_debit" time="0.122" /><testcase classname="tests.test_iter77_fee_model" name="test_non_usdt_source_zero_usdt_rejected_with_spanish_msg" time="0.124" /><testcase classname="tests.test_iter77_fee_model" name="test_eur_to_cup_full_amount_and_usdt_fee_only" time="0.138" /><testcase classname="tests.test_iter77_fee_model" name="test_response_shape_removes_legacy_fields" time="0.109" /><testcase classname="tests.test_iter76_client_fixes" name="test_daily_closing_pdf_normal_client" time="0.284" /><testcase classname="tests.test_iter76_client_fixes" name="test_daily_closing_pdf_employee_still_forbidden" time="0.105" /><testcase classname="tests.test_iter76_client_fixes" name="test_convert_fee_is_always_001_usdt_regardless_of_destination" time="0.121" /><testcase classname="tests.test_iter76_client_fixes" name="test_convert_requires_usdt_balance_for_fee" time="0.111" /><testcase classname="tests.test_iter76_client_fixes" name="test_convert_debits_source_and_fee_separately" time="0.112" /><testcase classname="tests.test_iter76_client_fixes" name="test_convert_response_no_longer_exposes_fee_in_to_code" time="0.110" /><testcase classname="tests.test_iter76_client_fixes" name="test_me_transactions_exposes_payout_hash_and_explorer" time="0.108" /><testcase classname="tests.test_iter76_client_fixes" name="test_me_transactions_withdrawal_exposes_explorer_url_from_stored_network" time="0.106" /><testcase classname="tests.test_iter76_client_fixes" name="test_me_transactions_no_explorer_url_for_transfer_payouts" time="0.117" /></testsuite></testsuites>