<?xml version="1.0" encoding="utf-8"?><testsuites name="pytest tests"><testsuite name="pytest" errors="0" failures="0" skipped="0" tests="51" time="16.550" timestamp="2026-07-13T12:45:13.905183+00:00" hostname="agent-env-23837487-44ed-4227-9a7f-ba18017f06e1"><testcase classname="tests.test_iter55_16_permissions" name="test_permissions_catalog_returns_13_items" time="0.125" /><testcase classname="tests.test_iter55_16_permissions" name="test_permissions_catalog_accessible_by_staff" time="0.107" /><testcase classname="tests.test_iter55_16_permissions" name="test_permissions_catalog_forbidden_for_non_staff" time="0.108" /><testcase classname="tests.test_iter55_16_permissions" name="test_has_permission_predicate" time="0.004" /><testcase classname="tests.test_iter55_16_permissions" name="test_admin_can_grant_kyc_permission_to_employee" time="0.114" /><testcase classname="tests.test_iter55_16_permissions" name="test_admin_can_clear_permissions" time="0.116" /><testcase classname="tests.test_iter55_16_permissions" name="test_employee_cannot_modify_permissions_of_others" time="0.119" /><testcase classname="tests.test_iter55_16_permissions" name="test_unknown_permission_codes_are_dropped" time="0.114" /><testcase classname="tests.test_iter55_16_permissions" name="test_employee_with_kyc_perm_can_access_kyc_queue" time="0.118" /><testcase classname="tests.test_iter55_16_permissions" name="test_employee_without_kyc_perm_gets_403_on_kyc_queue" time="0.106" /><testcase classname="tests.test_iter55_16_permissions" name="test_employee_with_empty_perms_backward_compatible" time="0.103" /><testcase classname="tests.test_iter55_16_permissions" name="test_admin_never_gated_regardless_of_perms" time="0.284" /><testcase classname="tests.test_iter55_16_permissions" name="test_normal_user_still_blocked_from_admin_routes" time="0.189" /><testcase classname="tests.test_iter55_16_permissions" name="test_narrow_scope_employee_kyc_only" time="0.523" /><testcase classname="tests.test_iter55_16_permissions" name="test_narrow_scope_employee_orders_only" time="0.392" /><testcase classname="tests.test_iter55_16_permissions" name="test_new_permission_grants_legacy_blocklist_access" time="0.113" /><testcase classname="tests.test_iter55_32_capital_requests" name="test_vip_create_capital_request_happy_path" time="0.217" /><testcase classname="tests.test_iter55_32_capital_requests" name="test_normal_user_cannot_create_capital_request" time="0.101" /><testcase classname="tests.test_iter55_32_capital_requests" name="test_capital_request_rejects_invalid_currency" time="0.117" /><testcase classname="tests.test_iter55_32_capital_requests" name="test_capital_request_rejects_short_reason" time="0.104" /><testcase classname="tests.test_iter55_32_capital_requests" name="test_admin_approve_credits_balance_and_marks_disbursed" time="0.215" /><testcase classname="tests.test_iter55_32_capital_requests" name="test_admin_reject_locks_request_no_money_moves" time="0.319" /><testcase classname="tests.test_iter55_32_capital_requests" name="test_admin_list_filters_by_status" time="0.301" /><testcase classname="tests.test_iter55_32_capital_requests" name="test_auto_discount_on_accumulated_order_pays_down_debt" time="0.133" /><testcase classname="tests.test_iter55_32_capital_requests" name="test_auto_discount_closes_debt_at_zero_marks_paid_off" time="0.143" /><testcase classname="tests.test_iter55_32_capital_requests" name="test_auto_discount_fifo_across_multiple_debts" time="0.133" /><testcase classname="tests.test_iter55_32_capital_requests" name="test_auto_discount_only_matches_same_currency" time="0.139" /><testcase classname="tests.test_iter55_32_capital_requests" name="test_admin_user_stats_returns_correct_structure" time="0.118" /><testcase classname="tests.test_iter55_32_capital_requests" name="test_admin_user_stats_net_position_reflects_debt" time="0.121" /><testcase classname="tests.test_iter55_32_capital_requests" name="test_admin_cannot_double_approve_disbursed_request" time="0.354" /><testcase classname="tests.test_iter55_32_capital_requests" name="test_admin_user_stats_404_for_unknown_user" time="0.106" /><testcase classname="tests.test_iter55_33_user_admin_gating" name="test_staff_without_view_user_sensitive_gets_stripped_list" time="0.329" /><testcase classname="tests.test_iter55_33_user_admin_gating" name="test_staff_with_view_user_sensitive_sees_all_fields" time="0.337" /><testcase classname="tests.test_iter55_33_user_admin_gating" name="test_admin_always_sees_all_fields" time="0.111" /><testcase classname="tests.test_iter55_33_user_admin_gating" name="test_staff_without_user_stats_perm_gets_403" time="0.350" /><testcase classname="tests.test_iter55_33_user_admin_gating" name="test_staff_with_user_stats_perm_can_read_stats" time="0.348" /><testcase classname="tests.test_iter55_33_user_admin_gating" name="test_empty_permissions_grants_full_access_backward_compat" time="0.449" /><testcase classname="tests.test_iter55_33_user_admin_gating" name="test_staff_without_user_functions_cannot_change_role" time="0.330" /><testcase classname="tests.test_iter55_33_user_admin_gating" name="test_staff_with_user_functions_can_change_role" time="0.333" /><testcase classname="tests.test_iter55_33_user_admin_gating" name="test_staff_without_user_functions_can_still_verify_email" time="0.351" /><testcase classname="tests.test_iter55_33_user_admin_gating" name="test_permission_catalog_includes_new_codes" time="0.098" /><testcase classname="tests.test_iter55_30_password_change" name="test_change_password_happy_path" time="1.629" /><testcase classname="tests.test_iter55_30_password_change" name="test_change_password_wrong_current_rejected" time="0.791" /><testcase classname="tests.test_iter55_30_password_change" name="test_change_password_same_as_current_rejected" time="0.786" /><testcase classname="tests.test_iter55_30_password_change" name="test_change_password_too_short_rejected_by_pydantic" time="0.342" /><testcase classname="tests.test_iter55_30_password_change" name="test_change_password_requires_2fa_setup_first" time="0.774" /><testcase classname="tests.test_iter55_30_password_change" name="test_change_password_wrong_totp_rejected" time="1.004" /><testcase classname="tests.test_iter55_30_password_change" name="test_change_password_google_user_forbidden" time="0.116" /><testcase classname="tests.test_iter55_30_password_change" name="test_change_password_revokes_other_sessions" time="1.189" /><testcase classname="tests.test_iter55_30_password_change" name="test_profile_me_exposes_auth_provider" time="0.350" /><testcase classname="tests.test_iter55_30_password_change" name="test_audit_log_records_password_change" time="1.149" /></testsuite></testsuites>