<?xml version="1.0" encoding="utf-8"?><testsuites name="pytest tests"><testsuite name="pytest" errors="0" failures="0" skipped="0" tests="8" time="2.482" timestamp="2026-07-11T09:11:43.763102+00:00" hostname="agent-env-23837487-44ed-4227-9a7f-ba18017f06e1"><testcase classname="tests.test_iter55_24_cash_usd_floor" name="test_pure_helper_matches_screenshot_scenario" time="0.443" /><testcase classname="tests.test_iter55_24_cash_usd_floor" name="test_backend_floors_cash_usd_amount_end_to_end" time="0.590" /><testcase classname="tests.test_iter55_24_cash_usd_floor" name="test_backend_does_not_floor_transfer_delivery" time="0.299" /><testcase classname="tests.test_iter55_24_cash_usd_floor" name="test_backend_does_not_floor_cash_to_non_usd" time="0.281" /><testcase classname="tests.test_iter55_24_cash_usd_floor" name="test_backend_leaves_exact_amounts_unchanged" time="0.330" /><testcase classname="tests.test_iter55_25_dashboard_pending_semantics" name="test_orders_mine_returns_all_statuses_verbatim" time="0.181" /><testcase classname="tests.test_iter55_25_dashboard_pending_semantics" name="test_withdrawals_mine_returns_all_statuses_verbatim" time="0.207" /><testcase classname="tests.test_iter55_25_dashboard_pending_semantics" name="test_pending_semantics_documented" time="0.005" /></testsuite></testsuites>