<?xml version="1.0" encoding="utf-8"?><testsuites name="pytest tests"><testsuite name="pytest" errors="0" failures="0" skipped="0" tests="7" time="1.696" timestamp="2026-07-04T11:30:39.043453+00:00" hostname="agent-env-23837487-44ed-4227-9a7f-ba18017f06e1"><testcase classname="tests.test_appeals" name="test_client_cannot_appeal_when_active" time="0.180" /><testcase classname="tests.test_appeals" name="test_client_can_appeal_when_under_review" time="0.341" /><testcase classname="tests.test_appeals" name="test_client_appeal_rejects_short_message" time="0.109" /><testcase classname="tests.test_appeals" name="test_staff_can_list_appeals_and_resolve" time="0.562" /><testcase classname="tests.test_appeals" name="test_staff_can_reject_appeal" time="0.213" /><testcase classname="tests.test_appeals" name="test_employee_without_permission_is_forbidden" time="0.107" /><testcase classname="tests.test_appeals" name="test_employee_with_permission_can_list" time="0.113" /></testsuite></testsuites>