<?xml version="1.0" encoding="utf-8"?><testsuites name="pytest tests"><testsuite name="pytest" errors="0" failures="0" skipped="0" tests="3" time="0.490" timestamp="2026-07-04T11:31:08.884496+00:00" hostname="agent-env-23837487-44ed-4227-9a7f-ba18017f06e1"><testcase classname="tests.test_appeals_authz" name="test_vip_forbidden_admin_appeals" time="0.161" /><testcase classname="tests.test_appeals_authz" name="test_normal_forbidden_admin_appeals" time="0.119" /><testcase classname="tests.test_appeals_authz" name="test_normal_forbidden_resolve" time="0.145" /></testsuite></testsuites>