<?xml version="1.0" encoding="utf-8"?><testsuites name="pytest tests"><testsuite name="pytest" errors="0" failures="0" skipped="0" tests="10" time="13.384" timestamp="2026-08-14T10:41:34.372514+00:00" hostname="agent-env-23837487-44ed-4227-9a7f-ba18017f06e1"><testcase classname="tests.test_iter205_cash_courier_locks" name="test_creation_with_coords_charges_fee_and_creates_job" time="1.166" /><testcase classname="tests.test_iter205_cash_courier_locks" name="test_paid_blocked_until_courier_delivers" time="1.451" /><testcase classname="tests.test_iter205_cash_courier_locks" name="test_no_coords_manual_review_blocks_paid_until_fee_charged" time="1.295" /><testcase classname="tests.test_iter205_cash_courier_locks" name="test_office_pickup_waives_fee_and_courier" time="1.034" /><testcase classname="tests.test_iter205_cash_courier_locks" name="test_free_threshold_skips_fee_but_requires_courier" time="1.055" /><testcase classname="tests.test_iter205_cash_courier_locks" name="test_reject_refunds_amount_plus_fee_and_cancels_job" time="1.157" /><testcase classname="tests.test_iter205_cash_courier_locks" name="test_client_cancel_refunds_and_cancels_job" time="1.650" /><testcase classname="tests.test_iter205_regression" name="test_transfer_withdrawal_unaffected_by_cash_locks" time="2.004" /><testcase classname="tests.test_iter205_regression" name="test_crypto_withdrawal_unaffected_by_cash_locks" time="1.320" /><testcase classname="tests.test_iter205_regression" name="test_redemption_delivered_blocked_without_courier" time="1.160" /></testsuite></testsuites>