<?xml version="1.0" encoding="utf-8"?><testsuites name="pytest tests"><testsuite name="pytest" errors="0" failures="15" skipped="2" tests="390" time="149.573" timestamp="2026-06-27T10:22:12.289768+00:00" hostname="agent-env-23837487-44ed-4227-9a7f-ba18017f06e1"><testcase classname="tests.test_admin_alerts.TestAdminSettings" name="test_get_settings_unauth_401" time="0.133" /><testcase classname="tests.test_admin_alerts.TestAdminSettings" name="test_get_settings_normal_403" time="0.103" /><testcase classname="tests.test_admin_alerts.TestAdminSettings" name="test_get_settings_admin_default" time="0.102" /><testcase classname="tests.test_admin_alerts.TestAdminSettings" name="test_put_settings_normal_403" time="0.093" /><testcase classname="tests.test_admin_alerts.TestAdminSettings" name="test_put_settings_admin_persists" time="0.300" /><testcase classname="tests.test_admin_alerts.TestAdminSettings" name="test_put_settings_invalid_payload_422" time="0.096" /><testcase classname="tests.test_admin_alerts.TestAlertHooksNonBreaking" name="test_create_order_still_200" time="0.906" /><testcase classname="tests.test_admin_alerts.TestAlertHooksNonBreaking" name="test_vip_withdraw_still_200" time="0.495" /><testcase classname="tests.test_admin_alerts.TestAlertHooksNonBreaking" name="test_vip_redeem_still_200" time="0.531" /><testcase classname="tests.test_admin_alerts.TestVipThresholdAlert" name="test_threshold_crossing_sets_last_vip_alert_threshold" time="1.533" /><testcase classname="tests.test_admin_alerts.TestVipThresholdAlert" name="test_threshold_does_not_refire_on_small_increment" time="1.307" /><testcase classname="tests.test_admin_pagination.TestAdminOrdersPagination" name="test_headers_present" time="0.098" /><testcase classname="tests.test_admin_pagination.TestAdminOrdersPagination" name="test_offset_returns_different_page" time="0.193" /><testcase classname="tests.test_admin_pagination.TestAdminOrdersPagination" name="test_filter_status_combined_with_pagination" time="0.193" /><testcase classname="tests.test_admin_pagination.TestAdminUsersPagination" name="test_headers_present" time="0.103" /><testcase classname="tests.test_admin_pagination.TestAdminUsersPagination" name="test_offset_disjoint_pages" time="0.196" /><testcase classname="tests.test_admin_pagination.TestAdminUsersPagination" name="test_search_by_email_case_insensitive" time="0.103" /><testcase classname="tests.test_admin_pagination.TestAdminUsersPagination" name="test_search_no_match_returns_empty" time="0.097" /><testcase classname="tests.test_audit_export_and_dates.TestAuditPagination" name="test_headers_present_and_array_body" time="0.104" /><testcase classname="tests.test_audit_export_and_dates.TestAuditPagination" name="test_pages_are_disjoint" time="0.205" /><testcase classname="tests.test_audit_export_and_dates.TestAuditCSVExport" name="test_employee_forbidden" time="0.103" /><testcase classname="tests.test_audit_export_and_dates.TestAuditCSVExport" name="test_unauthenticated_blocked" time="0.100" /><testcase classname="tests.test_audit_export_and_dates.TestAuditCSVExport" name="test_admin_csv_format" time="0.305" /><testcase classname="tests.test_audit_export_and_dates.TestAuditCSVExport" name="test_csv_respects_action_filter" time="0.142" /><testcase classname="tests.test_audit_export_and_dates.TestAuditPDFExport" name="test_employee_forbidden" time="0.098" /><testcase classname="tests.test_audit_export_and_dates.TestAuditPDFExport" name="test_admin_pdf_format" time="0.857" /><testcase classname="tests.test_audit_export_and_dates.TestAuditPDFExport" name="test_pdf_with_filters_does_not_500" time="0.352" /><testcase classname="tests.test_audit_export_and_dates.TestAuditDateFilters" name="test_since_date_only_accepted" time="0.105" /><testcase classname="tests.test_audit_export_and_dates.TestAuditDateFilters" name="test_until_date_only_accepted" time="0.104" /><testcase classname="tests.test_audit_export_and_dates.TestAuditDateFilters" name="test_full_iso_accepted" time="0.101" /><testcase classname="tests.test_audit_export_and_dates.TestAuditDateFilters" name="test_invalid_date_400" time="0.099" /><testcase classname="tests.test_audit_export_and_dates.TestAuditDateFilters" name="test_future_since_returns_empty" time="0.096" /><testcase classname="tests.test_audit_export_and_dates.TestAuditDateFilters" name="test_date_filter_propagates_to_csv" time="0.095" /><testcase classname="tests.test_audit_export_and_dates.TestAuditDateFilters" name="test_date_filter_propagates_to_pdf" time="0.290" /><testcase classname="tests.test_audit_log_and_defensive.TestAuditAccess" name="test_unauth_401" time="0.100" /><testcase classname="tests.test_audit_log_and_defensive.TestAuditAccess" name="test_normal_403" time="0.098" /><testcase classname="tests.test_audit_log_and_defensive.TestAuditAccess" name="test_vip_403" time="0.102" /><testcase classname="tests.test_audit_log_and_defensive.TestAuditAccess" name="test_employee_403" time="0.143" /><testcase classname="tests.test_audit_log_and_defensive.TestAuditAccess" name="test_admin_200_list" time="0.102" /><testcase classname="tests.test_audit_log_and_defensive.TestAuditWrites" name="test_rate_update_writes_audit_entry" time="0.701" /><testcase classname="tests.test_audit_log_and_defensive.TestAuditWrites" name="test_settings_update_writes_audit_entry" time="0.499" /><testcase classname="tests.test_audit_log_and_defensive.TestAuditWrites" name="test_user_update_writes_audit_entry" time="0.499" /><testcase classname="tests.test_audit_log_and_defensive.TestAuditWrites" name="test_order_approved_and_rejected_write_audit_entries" time="2.088" /><testcase classname="tests.test_audit_log_and_defensive.TestAuditQueryOptions" name="test_sort_desc_by_created_at" time="0.659" /><testcase classname="tests.test_audit_log_and_defensive.TestAuditQueryOptions" name="test_limit_cap_clamps_to_500" time="0.119" /><testcase classname="tests.test_audit_log_and_defensive.TestAuditQueryOptions" name="test_limit_min_1" time="0.100" /><testcase classname="tests.test_audit_log_and_defensive.TestAuditQueryOptions" name="test_filter_by_actor_id" time="0.107" /><testcase classname="tests.test_audit_log_and_defensive.TestAuditQueryOptions" name="test_pagination_headers_and_offset" time="0.245" /><testcase classname="tests.test_audit_log_and_defensive.TestDefensiveModeAutoFlag" name="test_order_flagged_when_margin_below_threshold" time="1.051" /><testcase classname="tests.test_audit_log_and_defensive.TestDefensiveModeAutoFlag" name="test_order_not_flagged_when_margin_above_threshold" time="1.097" /><testcase classname="tests.test_audit_log_and_defensive.TestDefensiveModeAutoFlag" name="test_defensive_disabled_when_setting_none" time="1.068" /><testcase classname="tests.test_audit_log_and_defensive.TestDefensiveApprovalGating" name="test_employee_cannot_approve_flagged_order" time="1.156" /><testcase classname="tests.test_audit_log_and_defensive.TestDefensiveApprovalGating" name="test_admin_can_approve_flagged_order" time="1.694" /><testcase classname="tests.test_audit_log_and_defensive.TestDefensiveApprovalGating" name="test_employee_can_still_approve_non_flagged_order" time="1.163" /><testcase classname="tests.test_audit_log_and_defensive.TestRegressions" name="test_vip_accumulate_flow_still_increments_balance" time="1.392" /><testcase classname="tests.test_audit_log_and_defensive.TestRegressions" name="test_revenue_excludes_requires_double_approval" time="1.267" /><testcase classname="tests.test_email_and_closing.TestEmailNotificationsAndStatusUpdate" name="test_approve_does_not_break_endpoint_even_if_email_fails" time="1.297" /><testcase classname="tests.test_email_and_closing.TestEmailNotificationsAndStatusUpdate" name="test_reject_does_not_break_endpoint" time="0.638" /><testcase classname="tests.test_email_and_closing.TestEmailNotificationsAndStatusUpdate" name="test_completed_status_does_not_break" time="0.530" /><testcase classname="tests.test_email_and_closing.TestEmailNotificationsAndStatusUpdate" name="test_pending_status_noop_no_email" time="0.539" /><testcase classname="tests.test_email_and_closing.TestEmailNotificationsAndStatusUpdate" name="test_double_approve_only_credits_once" time="1.380" /><testcase classname="tests.test_email_and_closing.TestVipDailyClosing" name="test_unauth_401" time="0.103" /><testcase classname="tests.test_email_and_closing.TestVipDailyClosing" name="test_normal_403" time="0.095" /><testcase classname="tests.test_email_and_closing.TestVipDailyClosing" name="test_vip_returns_pdf" time="0.294" /><testcase classname="tests.test_email_and_closing.TestVipDailyClosing" name="test_admin_returns_pdf" time="0.297" /><testcase classname="tests.test_email_and_closing.TestVipDailyClosing" name="test_invalid_date_400" time="0.104" /><testcase classname="tests.test_email_and_closing.TestVipDailyClosing" name="test_valid_date_filter" time="0.310" /><testcase classname="tests.test_email_and_closing.TestVipDailyClosing" name="test_closing_includes_approved_orders_today" time="1.256" /><testcase classname="tests.test_email_and_closing.TestVipDailyClosing" name="test_closing_past_date_still_returns_pdf" time="0.296" /><testcase classname="tests.test_employee_and_revenue.TestEmployeeAuthMe" name="test_me_employee_role" time="0.099" /><testcase classname="tests.test_employee_and_revenue.TestRevenueAccess" name="test_unauth_401" time="0.098" /><testcase classname="tests.test_employee_and_revenue.TestRevenueAccess" name="test_normal_403" time="0.098" /><testcase classname="tests.test_employee_and_revenue.TestRevenueAccess" name="test_vip_403" time="0.099" /><testcase classname="tests.test_employee_and_revenue.TestRevenueAccess" name="test_employee_403" time="0.092" /><testcase classname="tests.test_employee_and_revenue.TestRevenueAccess" name="test_admin_200_shape" time="0.105" /><testcase classname="tests.test_employee_and_revenue.TestRevenueAccess" name="test_admin_days_filter" time="0.100" /><testcase classname="tests.test_employee_and_revenue.TestRatesRealRate" name="test_employee_can_list_rates_via_public" time="0.189" /><testcase classname="tests.test_employee_and_revenue.TestRatesRealRate" name="test_employee_can_create_rate_with_real_rate" time="0.380" /><testcase classname="tests.test_employee_and_revenue.TestRatesRealRate" name="test_real_rate_null_persists_as_null" time="0.389" /><testcase classname="tests.test_employee_and_revenue.TestRatesRealRate" name="test_put_updates_real_rate" time="0.481" /><testcase classname="tests.test_employee_and_revenue.TestEmployeeStaffEndpoints" name="test_employee_can_get[/api/admin/orders]" time="0.127" /><testcase classname="tests.test_employee_and_revenue.TestEmployeeStaffEndpoints" name="test_employee_can_get[/api/admin/withdrawals]" time="0.110" /><testcase classname="tests.test_employee_and_revenue.TestEmployeeStaffEndpoints" name="test_employee_can_get[/api/admin/redemptions]" time="0.109" /><testcase classname="tests.test_employee_and_revenue.TestEmployeeStaffEndpoints" name="test_employee_can_get[/api/admin/stats]" time="0.104" /><testcase classname="tests.test_employee_and_revenue.TestEmployeeStaffEndpoints" name="test_employee_can_get[/api/admin/users]" time="0.104" /><testcase classname="tests.test_employee_and_revenue.TestEmployeeStaffEndpoints" name="test_employee_can_seed" time="0.097" /><testcase classname="tests.test_employee_and_revenue.TestEmployeeStaffEndpoints" name="test_employee_can_push_test" time="0.095" /><testcase classname="tests.test_employee_and_revenue.TestEmployeeRestrictions" name="test_employee_cannot_update_admin_settings" time="0.120" /><testcase classname="tests.test_employee_and_revenue.TestEmployeeRestrictions" name="test_admin_can_update_admin_settings" time="0.102" /><testcase classname="tests.test_employee_and_revenue.TestEmployeeRestrictions" name="test_employee_cannot_promote_to_admin" time="0.192" /><testcase classname="tests.test_employee_and_revenue.TestEmployeeRestrictions" name="test_employee_cannot_promote_to_employee" time="0.107" /><testcase classname="tests.test_employee_and_revenue.TestEmployeeRestrictions" name="test_employee_can_set_normal_or_vip" time="0.240" /><testcase classname="tests.test_employee_and_revenue.TestEmployeeRestrictions" name="test_admin_can_promote_to_employee" time="0.214" /><testcase classname="tests.test_employee_and_revenue.TestRevenueCalculation" name="test_e2e_profit_computation" time="0.972" /><testcase classname="tests.test_employee_and_revenue.TestRevenueCalculation" name="test_missing_real_rate_appears_in_missing_list" time="1.239" /><testcase classname="tests.test_iter14_corrections.TestNormalCanWithdraw" name="test_normal_with_balance_can_withdraw" time="0.539" /><testcase classname="tests.test_iter14_corrections.TestNormalCanWithdraw" name="test_employee_cannot_withdraw" time="0.113" /><testcase classname="tests.test_iter14_corrections.TestConfirmedOrderLock" name="test_employee_cannot_change_confirmed_order" time="1.087" /><testcase classname="tests.test_iter14_corrections.TestConfirmedOrderLock" name="test_admin_can_change_confirmed_order" time="1.109" /><testcase classname="tests.test_iter14_corrections.TestEmployeeAllowedCurrencies" name="test_orders_filtered_by_currency" time="0.105" /><testcase classname="tests.test_iter14_corrections.TestEmployeeAllowedCurrencies" name="test_cannot_update_unauthorized_rate" time="0.201" /><testcase classname="tests.test_iter14_corrections.TestEmployeeAllowedCurrencies" name="test_can_update_authorized_rate" time="0.204" /><testcase classname="tests.test_iter14_corrections.TestEmployeeAllowedCurrencies" name="test_cannot_update_unauthorized_order" time="0.231" /><testcase classname="tests.test_iter14_corrections.TestWithdrawalPayoutProof" name="test_paid_requires_proof_for_transfer" time="0.671" /><testcase classname="tests.test_iter14_corrections.TestWithdrawalPayoutProof" name="test_paid_with_proof_succeeds" time="0.612" /><testcase classname="tests.test_iter14_corrections.TestWithdrawalPayoutProof" name="test_employee_cannot_modify_paid_withdrawal" time="0.724" /><testcase classname="tests.test_iter15_company_funds.TestCompanyFunds" name="test_admin_sees_all_currencies" time="0.102" /><testcase classname="tests.test_iter15_company_funds.TestCompanyFunds" name="test_employee_scope_restricts_currencies" time="0.104" /><testcase classname="tests.test_iter15_company_funds.TestCompanyFunds" name="test_normal_user_forbidden" time="0.095" /><testcase classname="tests.test_iter15_company_funds.TestCompanyWithdrawalCreate" name="test_admin_creates_with_totp" time="0.110" /><testcase classname="tests.test_iter15_company_funds.TestCompanyWithdrawalCreate" name="test_missing_totp_returns_401" time="0.106" /><testcase classname="tests.test_iter15_company_funds.TestCompanyWithdrawalCreate" name="test_insufficient_funds_rejected" time="0.121" /><testcase classname="tests.test_iter15_company_funds.TestCompanyWithdrawalCreate" name="test_employee_scope_blocks_currency" time="0.124" /><testcase classname="tests.test_iter15_company_funds.TestCompanyWithdrawalStatus" name="test_employee_cannot_change_status" time="0.211" /><testcase classname="tests.test_iter15_company_funds.TestCompanyWithdrawalStatus" name="test_admin_can_approve_and_pay" time="0.320" /><testcase classname="tests.test_iter15_company_funds.TestCompanyWithdrawalStatus" name="test_paid_locked" time="0.334" /><testcase classname="tests.test_iter15_company_funds.TestQueue" name="test_admin_sees_pending_orders_and_withdrawals" time="0.129" /><testcase classname="tests.test_iter15_company_funds.TestQueue" name="test_employee_scope_filters" time="0.112" /><testcase classname="tests.test_iter16_email_auth.TestEmailPasswordAuth" name="test_register_creates_unverified_user" time="0.101"><failure message="AssertionError: {&quot;detail&quot;:[{&quot;type&quot;:&quot;missing&quot;,&quot;loc&quot;:[&quot;body&quot;,&quot;phone&quot;],&quot;msg&quot;:&quot;Field required&quot;,&quot;input&quot;:{&quot;email&quot;:&quot;cuba.iter16@example.com&quot;,&quot;password&quot;:&quot;veryStrongPass123&quot;,&quot;name&quot;:&quot;Iter16 Test User&quot;},&quot;url&quot;:&quot;https://errors.pydantic.dev/2.13/v/missing&quot;}]}&#10;assert 422 == 200&#10; +  where 422 = &lt;Response [422]&gt;.status_code">tests/test_iter16_email_auth.py:52: in test_register_creates_unverified_user
    assert r.status_code == 200, r.text
E   AssertionError: {"detail":[{"type":"missing","loc":["body","phone"],"msg":"Field required","input":{"email":"cuba.iter16@example.com","password":"veryStrongPass123","name":"Iter16 Test User"},"url":"https://errors.pydantic.dev/2.13/v/missing"}]}
E   assert 422 == 200
E    +  where 422 = &lt;Response [422]&gt;.status_code</failure></testcase><testcase classname="tests.test_iter16_email_auth.TestEmailPasswordAuth" name="test_register_duplicate_email_rejected" time="0.192"><failure message="assert 422 == 409&#10; +  where 422 = &lt;Response [422]&gt;.status_code">tests/test_iter16_email_auth.py:70: in test_register_duplicate_email_rejected
    assert r.status_code == 409
E   assert 422 == 409
E    +  where 422 = &lt;Response [422]&gt;.status_code</failure></testcase><testcase classname="tests.test_iter16_email_auth.TestEmailPasswordAuth" name="test_register_invalid_email_rejected" time="0.136" /><testcase classname="tests.test_iter16_email_auth.TestEmailPasswordAuth" name="test_register_short_password_rejected" time="0.107" /><testcase classname="tests.test_iter16_email_auth.TestEmailPasswordAuth" name="test_verify_email_logs_user_in" time="0.100"><failure message="TypeError: 'NoneType' object is not subscriptable">tests/test_iter16_email_auth.py:89: in test_verify_email_logs_user_in
    v = _verify(user["verification_token"])
                ^^^^^^^^^^^^^^^^^^^^^^^^^^
E   TypeError: 'NoneType' object is not subscriptable</failure></testcase><testcase classname="tests.test_iter16_email_auth.TestEmailPasswordAuth" name="test_verify_invalid_token_rejected" time="0.101" /><testcase classname="tests.test_iter16_email_auth.TestEmailPasswordAuth" name="test_verify_token_single_use" time="0.102"><failure message="TypeError: 'NoneType' object is not subscriptable">tests/test_iter16_email_auth.py:104: in test_verify_token_single_use
    token = user["verification_token"]
            ^^^^^^^^^^^^^^^^^^^^^^^^^^
E   TypeError: 'NoneType' object is not subscriptable</failure></testcase><testcase classname="tests.test_iter16_email_auth.TestEmailPasswordAuth" name="test_login_blocked_until_verified" time="0.195"><failure message="AssertionError: {&quot;detail&quot;:{&quot;code&quot;:&quot;USER_NOT_FOUND&quot;,&quot;message&quot;:&quot;No existe una cuenta con este email. Crea una cuenta para acceder a la plataforma.&quot;}}&#10;assert 404 == 403&#10; +  where 404 = &lt;Response [404]&gt;.status_code">tests/test_iter16_email_auth.py:117: in test_login_blocked_until_verified
    assert r.status_code == 403, r.text
E   AssertionError: {"detail":{"code":"USER_NOT_FOUND","message":"No existe una cuenta con este email. Crea una cuenta para acceder a la plataforma."}}
E   assert 404 == 403
E    +  where 404 = &lt;Response [404]&gt;.status_code</failure></testcase><testcase classname="tests.test_iter16_email_auth.TestEmailPasswordAuth" name="test_login_works_after_verification" time="0.107"><failure message="TypeError: 'NoneType' object is not subscriptable">tests/test_iter16_email_auth.py:123: in test_login_works_after_verification
    _verify(user["verification_token"])
            ^^^^^^^^^^^^^^^^^^^^^^^^^^
E   TypeError: 'NoneType' object is not subscriptable</failure></testcase><testcase classname="tests.test_iter16_email_auth.TestEmailPasswordAuth" name="test_login_wrong_password_rejected" time="0.108"><failure message="TypeError: 'NoneType' object is not subscriptable">tests/test_iter16_email_auth.py:140: in test_login_wrong_password_rejected
    _verify(user["verification_token"])
            ^^^^^^^^^^^^^^^^^^^^^^^^^^
E   TypeError: 'NoneType' object is not subscriptable</failure></testcase><testcase classname="tests.test_iter16_email_auth.TestEmailPasswordAuth" name="test_login_unknown_user_returns_user_not_found" time="0.104" /><testcase classname="tests.test_iter16_email_auth.TestEmailPasswordAuth" name="test_login_google_only_account_returns_use_google" time="0.142" /><testcase classname="tests.test_iter16_email_auth.TestEmailPasswordAuth" name="test_brute_force_locks_out_after_5_fails" time="0.102"><failure message="TypeError: 'NoneType' object is not subscriptable">tests/test_iter16_email_auth.py:179: in test_brute_force_locks_out_after_5_fails
    _verify(user["verification_token"])
            ^^^^^^^^^^^^^^^^^^^^^^^^^^
E   TypeError: 'NoneType' object is not subscriptable</failure></testcase><testcase classname="tests.test_iter16_email_auth.TestEmailPasswordAuth" name="test_login_default_session_is_7_days" time="0.102"><failure message="TypeError: 'NoneType' object is not subscriptable">tests/test_iter16_email_auth.py:194: in test_login_default_session_is_7_days
    _verify(user["verification_token"])
            ^^^^^^^^^^^^^^^^^^^^^^^^^^
E   TypeError: 'NoneType' object is not subscriptable</failure></testcase><testcase classname="tests.test_iter16_email_auth.TestEmailPasswordAuth" name="test_login_with_remember_hours_24_creates_short_session" time="0.102"><failure message="TypeError: 'NoneType' object is not subscriptable">tests/test_iter16_email_auth.py:217: in test_login_with_remember_hours_24_creates_short_session
    _verify(user["verification_token"])
            ^^^^^^^^^^^^^^^^^^^^^^^^^^
E   TypeError: 'NoneType' object is not subscriptable</failure></testcase><testcase classname="tests.test_iter16_email_auth.TestEmailPasswordAuth" name="test_login_remember_hours_clamped_to_max_7d" time="0.111"><failure message="TypeError: 'NoneType' object is not subscriptable">tests/test_iter16_email_auth.py:239: in test_login_remember_hours_clamped_to_max_7d
    _verify(user["verification_token"])
            ^^^^^^^^^^^^^^^^^^^^^^^^^^
E   TypeError: 'NoneType' object is not subscriptable</failure></testcase><testcase classname="tests.test_iter16_email_auth.TestEmailPasswordAuth" name="test_forgot_password_creates_token_for_known_user" time="0.212"><failure message="AttributeError: 'NoneType' object has no attribute 'get'">tests/test_iter16_email_auth.py:269: in test_forgot_password_creates_token_for_known_user
    assert u.get("password_reset_token")
           ^^^^^
E   AttributeError: 'NoneType' object has no attribute 'get'</failure></testcase><testcase classname="tests.test_iter16_email_auth.TestEmailPasswordAuth" name="test_forgot_password_silent_for_unknown" time="0.108" /><testcase classname="tests.test_iter16_email_auth.TestEmailPasswordAuth" name="test_reset_password_updates_hash_and_verifies" time="0.195"><failure message="TypeError: 'NoneType' object is not subscriptable">tests/test_iter16_email_auth.py:283: in test_reset_password_updates_hash_and_verifies
    token = db.users.find_one({"email": TEST_EMAIL})["password_reset_token"]
            ^^^^^^^^^^^^^^^^^^^^^^^^^^^^^^^^^^^^^^^^^^^^^^^^^^^^^^^^^^^^^^^^
E   TypeError: 'NoneType' object is not subscriptable</failure></testcase><testcase classname="tests.test_iter16_email_auth.TestEmailPasswordAuth" name="test_reset_password_invalid_token_rejected" time="0.103" /><testcase classname="tests.test_iter16_email_auth.TestEmailPasswordAuth" name="test_reset_password_token_single_use" time="0.200"><failure message="TypeError: 'NoneType' object is not subscriptable">tests/test_iter16_email_auth.py:314: in test_reset_password_token_single_use
    token = db.users.find_one({"email": TEST_EMAIL})["password_reset_token"]
            ^^^^^^^^^^^^^^^^^^^^^^^^^^^^^^^^^^^^^^^^^^^^^^^^^^^^^^^^^^^^^^^^
E   TypeError: 'NoneType' object is not subscriptable</failure></testcase><testcase classname="tests.test_iter18_onboarding.TestOnboardingFlag" name="test_new_email_user_has_onboarding_false" time="0.899" /><testcase classname="tests.test_iter18_onboarding.TestOnboardingFlag" name="test_me_endpoint_exposes_onboarding_flag" time="0.942" /><testcase classname="tests.test_iter18_onboarding.TestOnboardingFlag" name="test_complete_onboarding_endpoint_sets_flag_true" time="1.101" /><testcase classname="tests.test_iter18_onboarding.TestOnboardingFlag" name="test_complete_onboarding_requires_auth" time="0.115" /><testcase classname="tests.test_iter18_onboarding.TestOnboardingFlag" name="test_complete_onboarding_is_idempotent" time="1.045" /><testcase classname="tests.test_iter19_no_commission.TestCommissionRemoved" name="test_normal_user_order_has_zero_commission" time="0.418" /><testcase classname="tests.test_iter19_no_commission.TestCommissionRemoved" name="test_vip_user_order_still_zero_commission_and_vip_rate" time="0.439" /><testcase classname="tests.test_iter19_no_commission.TestCommissionRemoved" name="test_rate_differentiation_preserved" time="0.863" /><testcase classname="tests.test_iter20_manual_verify.TestAdminManualVerify" name="test_admin_can_verify_user_email" time="0.871" /><testcase classname="tests.test_iter20_manual_verify.TestAdminManualVerify" name="test_verify_again_is_idempotent" time="0.654" /><testcase classname="tests.test_iter20_manual_verify.TestAdminManualVerify" name="test_unknown_user_returns_404" time="0.115" /><testcase classname="tests.test_iter20_manual_verify.TestAdminManualVerify" name="test_non_staff_cannot_verify" time="0.563" /><testcase classname="tests.test_iter20_manual_verify.TestAdminManualVerify" name="test_anonymous_cannot_verify" time="0.539" /><testcase classname="tests.test_iter20_manual_verify.TestAdminManualVerify" name="test_requires_totp_step_up" time="0.529" /><testcase classname="tests.test_iter20_manual_verify.TestAdminManualVerify" name="test_verification_token_cleared_after_manual_verify" time="0.536" /><testcase classname="tests.test_iter20_manual_verify.TestAdminManualVerify" name="test_audit_log_entry_created" time="0.532" /><testcase classname="tests.test_iter21_employee_perms.TestEmployeeProductPerms" name="test_employee_without_price_perm_cannot_change_price" time="0.104" /><testcase classname="tests.test_iter21_employee_perms.TestEmployeeProductPerms" name="test_employee_without_price_perm_cannot_change_cost" time="0.104" /><testcase classname="tests.test_iter21_employee_perms.TestEmployeeProductPerms" name="test_employee_with_price_perm_can_change_price" time="0.110" /><testcase classname="tests.test_iter21_employee_perms.TestEmployeeProductPerms" name="test_employee_without_perms_can_still_edit_unrelated_fields" time="0.113" /><testcase classname="tests.test_iter21_employee_perms.TestEmployeeProductPerms" name="test_employee_without_image_perm_cannot_change_image" time="0.104" /><testcase classname="tests.test_iter21_employee_perms.TestEmployeeProductPerms" name="test_employee_with_image_perm_can_change_image" time="0.116" /><testcase classname="tests.test_iter21_employee_perms.TestEmployeeProductPerms" name="test_partial_perms_only_unlock_their_field" time="0.104" /><testcase classname="tests.test_iter21_employee_perms.TestEmployeeProductPerms" name="test_employee_without_delete_perm_cannot_delete" time="0.110" /><testcase classname="tests.test_iter21_employee_perms.TestEmployeeProductPerms" name="test_employee_with_delete_perm_can_delete" time="0.102" /><testcase classname="tests.test_iter21_employee_perms.TestEmployeeProductPerms" name="test_employee_without_perms_cannot_create_with_price" time="0.107" /><testcase classname="tests.test_iter21_employee_perms.TestEmployeeProductPerms" name="test_admin_bypasses_all_perms" time="0.119" /><testcase classname="tests.test_iter21_employee_perms.TestEmployeeProductPerms" name="test_admin_can_toggle_employee_perm" time="0.109" /><testcase classname="tests.test_iter21_employee_perms.TestEmployeeProductPerms" name="test_new_employees_default_to_no_perms" time="0.010" /><testcase classname="tests.test_iter23_phone_trust.TestPhoneRegistration" name="test_register_requires_phone" time="0.104" /><testcase classname="tests.test_iter23_phone_trust.TestPhoneRegistration" name="test_register_validates_e164_format" time="0.100" /><testcase classname="tests.test_iter23_phone_trust.TestPhoneRegistration" name="test_register_accepts_valid_e164" time="0.503" /><testcase classname="tests.test_iter23_phone_trust.TestPhoneRegistration" name="test_register_strips_spaces_and_dashes" time="0.447" /><testcase classname="tests.test_iter23_phone_trust.TestPhoneRegistration" name="test_phone_uniqueness" time="0.563" /><testcase classname="tests.test_iter23_phone_trust.TestBlockedContacts" name="test_blocked_phone_rejects_registration" time="0.298" /><testcase classname="tests.test_iter23_phone_trust.TestBlockedContacts" name="test_blocked_email_rejects_registration" time="0.218" /><testcase classname="tests.test_iter23_phone_trust.TestBlockedContacts" name="test_admin_can_list_and_delete_blocks" time="0.299" /><testcase classname="tests.test_iter23_phone_trust.TestBlockedContacts" name="test_non_staff_cannot_block" time="0.112" /><testcase classname="tests.test_iter23_phone_trust.TestBlockedContacts" name="test_duplicate_block_rejected" time="0.198" /><testcase classname="tests.test_iter23_phone_trust.TestPhoneVerification" name="test_staff_can_verify_phone" time="0.534" /><testcase classname="tests.test_iter23_phone_trust.TestPhoneVerification" name="test_verify_phone_requires_totp" time="0.523" /><testcase classname="tests.test_iter23_phone_trust.TestPhoneVerification" name="test_verify_phone_fails_without_phone_set" time="0.109" /><testcase classname="tests.test_iter23_phone_trust.TestSelfServicePhone" name="test_user_can_set_own_phone" time="0.111" /><testcase classname="tests.test_iter23_phone_trust" name="test_legacy_users_can_still_withdraw_without_phone" time="0.005" /><testcase classname="tests.test_iter24_defensive_mode.TestDefensiveMode" name="test_admin_can_enable" time="0.107" /><testcase classname="tests.test_iter24_defensive_mode.TestDefensiveMode" name="test_admin_can_disable" time="0.215" /><testcase classname="tests.test_iter24_defensive_mode.TestDefensiveMode" name="test_toggle_requires_admin_role" time="0.106" /><testcase classname="tests.test_iter24_defensive_mode.TestDefensiveMode" name="test_toggle_requires_totp" time="0.110" /><testcase classname="tests.test_iter24_defensive_mode.TestDefensiveMode" name="test_public_endpoint_open" time="0.211" /><testcase classname="tests.test_iter24_defensive_mode.TestDefensiveMode" name="test_public_endpoint_defaults_to_off" time="0.098" /><testcase classname="tests.test_iter24_defensive_mode.TestDefensiveMode" name="test_registration_blocked_when_enabled" time="0.214" /><testcase classname="tests.test_iter24_defensive_mode.TestDefensiveMode" name="test_registration_works_when_disabled" time="0.659" /><testcase classname="tests.test_iter24_defensive_mode.TestDefensiveMode" name="test_normal_user_withdrawal_blocked_when_enabled" time="0.206" /><testcase classname="tests.test_iter24_defensive_mode.TestDefensiveMode" name="test_admin_withdrawal_bypasses_defensive_mode" time="0.201" /><testcase classname="tests.test_iter24_defensive_mode.TestDefensiveMode" name="test_toggle_creates_audit_entry" time="0.112" /><testcase classname="tests.test_iter27_auth_refactor" name="test_api_root_alive" time="0.100" /><testcase classname="tests.test_iter27_auth_refactor" name="test_openapi_path_count_unchanged" time="0.007" /><testcase classname="tests.test_iter27_auth_refactor" name="test_register_valid_payload" time="0.428" /><testcase classname="tests.test_iter27_auth_refactor" name="test_register_missing_phone_returns_422" time="0.129" /><testcase classname="tests.test_iter27_auth_refactor" name="test_register_invalid_phone_format_returns_422" time="0.107" /><testcase classname="tests.test_iter27_auth_refactor" name="test_login_success_sets_cookie" time="0.753" /><testcase classname="tests.test_iter27_auth_refactor" name="test_login_user_not_found_returns_404" time="0.107" /><testcase classname="tests.test_iter27_auth_refactor" name="test_login_invalid_password_returns_401" time="0.752" /><testcase classname="tests.test_iter27_auth_refactor" name="test_login_email_not_verified_returns_403" time="0.750" /><testcase classname="tests.test_iter27_auth_refactor" name="test_login_brute_force_lockout" time="2.131" /><testcase classname="tests.test_iter27_auth_refactor" name="test_verify_email_with_valid_token" time="0.585" /><testcase classname="tests.test_iter27_auth_refactor" name="test_verify_email_invalid_token_returns_400" time="0.097" /><testcase classname="tests.test_iter27_auth_refactor" name="test_resend_verification_unverified_user" time="0.858" /><testcase classname="tests.test_iter27_auth_refactor" name="test_resend_verification_nonexistent_returns_200_generic" time="0.097" /><testcase classname="tests.test_iter27_auth_refactor" name="test_forgot_password_existing_user_sets_token" time="0.651" /><testcase classname="tests.test_iter27_auth_refactor" name="test_forgot_password_nonexistent_returns_200" time="0.105" /><testcase classname="tests.test_iter27_auth_refactor" name="test_reset_password_with_valid_token" time="1.589" /><testcase classname="tests.test_iter27_auth_refactor" name="test_auth_me_no_session_returns_401" time="0.099" /><testcase classname="tests.test_iter27_auth_refactor" name="test_auth_me_with_session_returns_user" time="0.802" /><testcase classname="tests.test_iter27_auth_refactor" name="test_logout_clears_session" time="0.875" /><testcase classname="tests.test_iter27_auth_refactor" name="test_google_login_redirects_to_google" time="0.137" /><testcase classname="tests.test_iter28_anti_scam_trust.TestBulkImport" name="test_bulk_import_real_whatsapp_example" time="0.108" /><testcase classname="tests.test_iter28_anti_scam_trust.TestBulkImport" name="test_bulk_import_dedupe_second_run" time="0.098" /><testcase classname="tests.test_iter28_anti_scam_trust.TestBulkImport" name="test_bulk_import_multi_blocks" time="0.104" /><testcase classname="tests.test_iter28_anti_scam_trust.TestBulkImport" name="test_bulk_import_garbage_no_phones" time="0.098" /><testcase classname="tests.test_iter28_anti_scam_trust.TestBulkImport" name="test_bulk_import_freezes_existing_user_with_matching_phone" time="0.105" /><testcase classname="tests.test_iter28_anti_scam_trust.TestPermissionGating" name="test_employee_without_perm_blocked_on_blocklist_endpoints" time="1.221" /><testcase classname="tests.test_iter28_anti_scam_trust.TestPermissionGating" name="test_employee_with_perm_can_list" time="0.102" /><testcase classname="tests.test_iter28_anti_scam_trust.TestPermissionGating" name="test_admin_bypasses_perm_check" time="0.100" /><testcase classname="tests.test_iter28_anti_scam_trust.TestVerifyReject" name="test_verify_phone_blocked_returns_409" time="0.107" /><testcase classname="tests.test_iter28_anti_scam_trust.TestVerifyReject" name="test_verify_phone_happy_path_activates_account" time="0.106" /><testcase classname="tests.test_iter28_anti_scam_trust.TestVerifyReject" name="test_reject_phone_blocks_and_freezes" time="0.213" /><testcase classname="tests.test_iter28_anti_scam_trust.TestAccountStatusEnforcement" name="test_under_review_normal_user_cannot_create_order" time="0.103" /><testcase classname="tests.test_iter28_anti_scam_trust.TestAccountStatusEnforcement" name="test_under_review_vip_user_cannot_withdraw" time="0.102" /><testcase classname="tests.test_iter28_anti_scam_trust.TestAccountStatusEnforcement" name="test_under_review_vip_user_cannot_redeem" time="0.105" /><testcase classname="tests.test_iter28_anti_scam_trust.TestAccountStatusEnforcement" name="test_admin_bypasses_account_status_check" time="0.099" /><testcase classname="tests.test_iter28_anti_scam_trust.TestLoginRecheck" name="test_login_freezes_account_when_phone_blocked" time="0.882" /><testcase classname="tests.test_iter28_anti_scam_trust.TestLoginRecheck" name="test_register_default_account_status_under_review_for_normal" time="0.451" /><testcase classname="tests.test_iter29_notifications.TestRegisterFanout" name="test_register_normal_user_fanout_to_admin_and_perm_employees" time="0.440" /><testcase classname="tests.test_iter29_notifications.TestRegisterFanout" name="test_employee_without_perm_does_not_receive_fanout" time="0.432" /><testcase classname="tests.test_iter29_notifications.TestVerifyRejectNotifications" name="test_verify_phone_creates_phone_verified_notification" time="0.246" /><testcase classname="tests.test_iter29_notifications.TestVerifyRejectNotifications" name="test_reject_phone_creates_phone_rejected_notification_with_reason" time="0.111" /><testcase classname="tests.test_iter29_notifications.TestEndpoints" name="test_list_scoped_to_current_user_no_leak" time="0.105" /><testcase classname="tests.test_iter29_notifications.TestEndpoints" name="test_unread_count_and_mark_all_read" time="0.315" /><testcase classname="tests.test_iter29_notifications.TestEndpoints" name="test_mark_read_idempotent" time="0.197" /><testcase classname="tests.test_iter29_notifications.TestEndpoints" name="test_mark_read_other_users_notification_no_leak" time="0.149" /><testcase classname="tests.test_iter29_notifications.TestEndpoints" name="test_mark_all_read_only_affects_current_user" time="0.112" /><testcase classname="tests.test_iter29_notifications.TestMePhoneFanout" name="test_first_phone_set_triggers_fanout_update_does_not" time="0.215" /><testcase classname="tests.test_iter30_blocklist_push.TestBlocklistCRUD" name="test_list_blocked_contacts_admin_ok" time="0.100" /><testcase classname="tests.test_iter30_blocklist_push.TestBlocklistCRUD" name="test_create_then_get_then_delete" time="1.776" /><testcase classname="tests.test_iter30_blocklist_push.TestBlocklistCRUD" name="test_create_requires_phone_or_email" time="0.135" /><testcase classname="tests.test_iter30_blocklist_push.TestBlocklistCRUD" name="test_bulk_import_response_shape" time="0.102" /><testcase classname="tests.test_iter30_blocklist_push.TestPermissionGating" name="test_employee_without_perm_403_on_all" time="0.579" /><testcase classname="tests.test_iter30_blocklist_push.TestPermissionGating" name="test_employee_with_perm_can_list" time="0.108" /><testcase classname="tests.test_iter30_blocklist_push.TestVerifyRejectPushFanout" name="test_verify_phone_prunes_dead_push_subscription" time="0.121" /><testcase classname="tests.test_iter30_blocklist_push.TestVerifyRejectPushFanout" name="test_reject_phone_prunes_dead_push_subscription" time="0.118" /><testcase classname="tests.test_iter30_blocklist_push.TestVerifyRejectPushFanout" name="test_register_invokes_push_for_admin_recipients" time="0.487" /><testcase classname="tests.test_iter30_blocklist_push.TestVerifyRejectPushFanout" name="test_register_does_not_break_when_push_fails" time="0.438" /><testcase classname="tests.test_iter30_blocklist_push.TestAccountActiveStillGuards" name="test_under_review_user_cannot_create_order" time="0.136" /><testcase classname="tests.test_marketplace_profit_and_margin.TestProductCostUsd" name="test_create_persists_cost_usd" time="0.191" /><testcase classname="tests.test_marketplace_profit_and_margin.TestProductCostUsd" name="test_default_cost_usd_zero" time="0.101" /><testcase classname="tests.test_marketplace_profit_and_margin.TestProductCostUsd" name="test_put_updates_cost_usd" time="0.298" /><testcase classname="tests.test_marketplace_profit_and_margin.TestRedemptionSnapshot" name="test_redemption_records_cost_snapshot" time="0.535" /><testcase classname="tests.test_marketplace_profit_and_margin.TestRedemptionSnapshot" name="test_cost_snapshot_independent_of_later_product_edit" time="0.654" /><testcase classname="tests.test_marketplace_profit_and_margin.TestRedemptionSnapshot" name="test_redemption_defaults_cost_when_product_missing_cost" time="0.437" /><testcase classname="tests.test_marketplace_profit_and_margin.TestRevenueMarketplaceSection" name="test_revenue_shape_includes_marketplace_keys" time="0.102" /><testcase classname="tests.test_marketplace_profit_and_margin.TestRevenueMarketplaceSection" name="test_marketplace_profit_after_delivery" time="0.887" /><testcase classname="tests.test_marketplace_profit_and_margin.TestRevenueMarketplaceSection" name="test_pending_redemption_not_counted" time="0.755" /><testcase classname="tests.test_marketplace_profit_and_margin.TestNegativeMarginOrderCreate" name="test_no_alert_when_no_real_rate" time="1.101" /><testcase classname="tests.test_marketplace_profit_and_margin.TestNegativeMarginOrderCreate" name="test_alert_when_real_rate_makes_loss" time="0.898"><failure message="assert 38000.0 == 36100.0 ± 0.0361&#10;  &#10;  comparison failed&#10;  Obtained: 38000.0&#10;  Expected: 36100.0 ± 0.0361">tests/test_marketplace_profit_and_margin.py:301: in test_alert_when_real_rate_makes_loss
    assert body["amount_to"] == pytest.approx(36100.0)
E   assert 38000.0 == 36100.0 ± 0.0361
E     
E     comparison failed
E     Obtained: 38000.0
E     Expected: 36100.0 ± 0.0361</failure></testcase><testcase classname="tests.test_marketplace_profit_and_margin.TestNegativeMarginOnRateUpdate" name="test_rate_update_pending_losers_does_not_break" time="1.585" /><testcase classname="tests.test_marketplace_profit_and_margin.TestOrderEndpointRobust" name="test_order_creation_returns_200_with_alert_path" time="0.868" /><testcase classname="tests.test_multicurrency_and_stats.TestVipBalancesEndpoint" name="test_unauth_401" time="19.674" /><testcase classname="tests.test_multicurrency_and_stats.TestVipBalancesEndpoint" name="test_normal_200" time="0.174" /><testcase classname="tests.test_multicurrency_and_stats.TestVipBalancesEndpoint" name="test_admin_200" time="0.112" /><testcase classname="tests.test_multicurrency_and_stats.TestVipBalancesEndpoint" name="test_vip_legacy_plus_dict_usdt_conversion" time="0.304" /><testcase classname="tests.test_multicurrency_and_stats.TestAdminStats" name="test_unauth_401" time="0.100" /><testcase classname="tests.test_multicurrency_and_stats.TestAdminStats" name="test_normal_403" time="0.099" /><testcase classname="tests.test_multicurrency_and_stats.TestAdminStats" name="test_vip_403" time="0.102" /><testcase classname="tests.test_multicurrency_and_stats.TestAdminStats" name="test_admin_structure" time="0.100" /><testcase classname="tests.test_multicurrency_and_stats.TestAdminStats" name="test_admin_stats_grouped_by_currency" time="1.281" /><testcase classname="tests.test_multicurrency_and_stats.TestCurrencyWithdrawals" name="test_withdraw_with_currency_cup" time="0.931" /><testcase classname="tests.test_multicurrency_and_stats.TestCurrencyWithdrawals" name="test_withdraw_insufficient_balance_400" time="0.304" /><testcase classname="tests.test_multicurrency_and_stats.TestCurrencyWithdrawals" name="test_legacy_withdraw_no_currency_uses_usd" time="0.838" /><testcase classname="tests.test_multicurrency_and_stats.TestCurrencyWithdrawals" name="test_rejected_withdrawal_refunds_correct_currency" time="1.029" /><testcase classname="tests.test_multicurrency_and_stats.TestRedemptionMergedUsd" name="test_redeem_with_only_vip_balances_usd" time="0.857" /><testcase classname="tests.test_multicurrency_and_stats.TestDoubleApproveGuard" name="test_double_approve_does_not_double_credit_balance" time="1.470" /><testcase classname="tests.test_p2p_backend.TestPublic" name="test_root" time="0.092" /><testcase classname="tests.test_p2p_backend.TestPublic" name="test_currencies" time="0.110" /><testcase classname="tests.test_p2p_backend.TestPublic" name="test_rates" time="0.108" /><testcase classname="tests.test_p2p_backend.TestPublic" name="test_products" time="0.095" /><testcase classname="tests.test_p2p_backend.TestAuth" name="test_me_unauth_401" time="0.096" /><testcase classname="tests.test_p2p_backend.TestAuth" name="test_me_with_bearer_admin" time="0.101" /><testcase classname="tests.test_p2p_backend.TestAuth" name="test_me_with_bearer_vip" time="0.096" /><testcase classname="tests.test_p2p_backend.TestAuth" name="test_admin_endpoint_rejects_normal" time="0.225" /><testcase classname="tests.test_p2p_backend.TestAuth" name="test_admin_endpoint_rejects_vip" time="0.103" /><testcase classname="tests.test_p2p_backend.TestSeed" name="test_seed" time="0.368" /><testcase classname="tests.test_p2p_backend.TestCurrencyCRUD" name="test_currency_crud" time="0.539" /><testcase classname="tests.test_p2p_backend.TestCurrencyCRUD" name="test_currency_normal_forbidden" time="0.095" /><testcase classname="tests.test_p2p_backend.TestRateCRUD" name="test_rate_create_edit" time="0.307" /><testcase classname="tests.test_p2p_backend.TestOrders" name="test_order_normal_no_commission" time="0.877" /><testcase classname="tests.test_p2p_backend.TestOrders" name="test_order_vip_0pct" time="0.887" /><testcase classname="tests.test_p2p_backend.TestOrders" name="test_order_vip_accumulate_approve_credits_balance" time="1.104" /><testcase classname="tests.test_p2p_backend.TestOrders" name="test_orders_mine_isolation" time="0.244" /><testcase classname="tests.test_p2p_backend.TestOrders" name="test_admin_orders_all" time="0.124" /><testcase classname="tests.test_p2p_backend.TestOrders" name="test_order_status_invalid" time="0.231" /><testcase classname="tests.test_p2p_backend.TestWithdrawals" name="test_employee_cannot_withdraw" time="0.098" /><testcase classname="tests.test_p2p_backend.TestWithdrawals" name="test_vip_withdraw_then_reject_refunds" time="0.094"><skipped type="pytest.skip" message="VIP balance too low">/app/backend/tests/test_p2p_backend.py:212: VIP balance too low</skipped></testcase><testcase classname="tests.test_p2p_backend.TestRedemptions" name="test_normal_cannot_redeem" time="0.584" /><testcase classname="tests.test_p2p_backend.TestRedemptions" name="test_vip_redeem_and_reject_refunds" time="1.227" /><testcase classname="tests.test_p2p_backend.TestProductsCRUD" name="test_product_crud" time="0.284" /><testcase classname="tests.test_p2p_backend.TestUsersAdmin" name="test_list_and_update_user" time="0.307" /><testcase classname="tests.test_push_notifications.TestVapidKey" name="test_get_vapid_key_no_auth" time="0.104" /><testcase classname="tests.test_push_notifications.TestSubscribe" name="test_subscribe_requires_auth" time="0.103" /><testcase classname="tests.test_push_notifications.TestSubscribe" name="test_subscribe_persists" time="0.100" /><testcase classname="tests.test_push_notifications.TestSubscribe" name="test_subscribe_upsert_no_duplicate" time="0.203" /><testcase classname="tests.test_push_notifications.TestSubscribe" name="test_subscribe_upsert_across_users" time="0.196" /><testcase classname="tests.test_push_notifications.TestSubscribe" name="test_subscribe_missing_endpoint_400" time="0.098" /><testcase classname="tests.test_push_notifications.TestUnsubscribe" name="test_unsubscribe_requires_auth" time="0.099" /><testcase classname="tests.test_push_notifications.TestUnsubscribe" name="test_unsubscribe_missing_endpoint_400" time="0.096" /><testcase classname="tests.test_push_notifications.TestUnsubscribe" name="test_unsubscribe_removes_record" time="0.206" /><testcase classname="tests.test_push_notifications.TestPushTestEndpoint" name="test_push_test_no_subscriptions_returns_404" time="0.095" /><testcase classname="tests.test_push_notifications.TestPushTestEndpoint" name="test_push_test_with_dummy_subscription_returns_delivered_total" time="0.194" /><testcase classname="tests.test_push_notifications.TestOrderApprovalPush" name="test_approve_order_with_dummy_sub_still_returns_200" time="1.093" /><testcase classname="tests.test_push_notifications.TestOrderApprovalPush" name="test_reject_order_with_dummy_sub_still_returns_200" time="1.129" /><testcase classname="tests.test_push_notifications.TestPwaAssets" name="test_splash_1170" time="0.187" /><testcase classname="tests.test_push_notifications.TestPwaAssets" name="test_splash_1290" time="0.136" /><testcase classname="tests.test_push_notifications.TestPwaAssets" name="test_icon_192_exists" time="0.107" /><testcase classname="tests.test_push_notifications.TestPwaAssets" name="test_logo_300_exists" time="0.157" /><testcase classname="tests.test_resend_verification_iter26" name="test_resend_nonexistent_email_returns_generic_200" time="0.093" /><testcase classname="tests.test_resend_verification_iter26" name="test_resend_invalid_email_format_returns_422" time="0.099" /><testcase classname="tests.test_resend_verification_iter26" name="test_resend_already_verified_returns_generic_no_changes" time="0.102" /><testcase classname="tests.test_resend_verification_iter26" name="test_resend_google_account_returns_generic_no_changes" time="0.101" /><testcase classname="tests.test_resend_verification_iter26" name="test_resend_unverified_user_regenerates_token" time="0.234" /><testcase classname="tests.test_resend_verification_iter26" name="test_resend_rate_limit_returns_429_on_second_call" time="0.316" /><testcase classname="tests.test_resend_verification_iter26" name="test_resend_after_cooldown_succeeds" time="0.205" /><testcase classname="tests.test_revenue_registry.TestRevenueTimeseries" name="test_daily_timeseries_shape" time="0.109" /><testcase classname="tests.test_revenue_registry.TestRevenueTimeseries" name="test_monthly_timeseries_shape" time="0.110" /><testcase classname="tests.test_revenue_registry.TestRevenueTimeseries" name="test_invalid_granularity_rejected" time="0.092" /><testcase classname="tests.test_revenue_registry.TestRevenueTimeseries" name="test_employee_forbidden" time="0.099" /><testcase classname="tests.test_revenue_registry.TestRevenueTimeseries" name="test_normal_user_unauthorized" time="0.097" /><testcase classname="tests.test_revenue_registry.TestMonthlyExport" name="test_csv_export" time="0.101" /><testcase classname="tests.test_revenue_registry.TestMonthlyExport" name="test_pdf_export" time="0.303" /><testcase classname="tests.test_revenue_registry.TestMonthlyExport" name="test_invalid_month_rejected" time="0.116" /><testcase classname="tests.test_revenue_registry.TestMonthlyExport" name="test_invalid_format_rejected" time="0.097" /><testcase classname="tests.test_revenue_registry.TestMonthlyExport" name="test_employee_forbidden" time="0.097" /><testcase classname="tests.test_revenue_scheduler.TestPdfChart" name="test_pdf_export_contains_chart_payload" time="0.580" /><testcase classname="tests.test_revenue_scheduler.TestSendNowEndpoint" name="test_requires_totp" time="0.105" /><testcase classname="tests.test_revenue_scheduler.TestSendNowEndpoint" name="test_employee_forbidden" time="0.096" /><testcase classname="tests.test_revenue_scheduler.TestSendNowEndpoint" name="test_invalid_month_rejected" time="0.106" /><testcase classname="tests.test_revenue_scheduler.TestSendNowEndpoint" name="test_send_now_succeeds_with_totp" time="0.987" /><testcase classname="tests.test_revenue_scheduler.TestSchedulerHelper" name="test_previous_month_helper" time="0.127" /><testcase classname="tests.test_totp_2fa.TestTotpSetup" name="test_status_when_disabled" time="0.099" /><testcase classname="tests.test_totp_2fa.TestTotpSetup" name="test_setup_requires_auth" time="0.098" /><testcase classname="tests.test_totp_2fa.TestTotpSetup" name="test_setup_returns_qr_and_secret" time="0.114" /><testcase classname="tests.test_totp_2fa.TestTotpSetup" name="test_verify_setup_wrong_code_401" time="0.108" /><testcase classname="tests.test_totp_2fa.TestWithdrawalStepUp" name="test_no_2fa_returns_412" time="0.116" /><testcase classname="tests.test_totp_2fa.TestWithdrawalStepUp" name="test_missing_code_returns_401" time="0.134" /><testcase classname="tests.test_totp_2fa.TestWithdrawalStepUp" name="test_wrong_code_returns_401" time="0.109" /><testcase classname="tests.test_totp_2fa.TestWithdrawalStepUp" name="test_valid_code_accepts" time="0.437" /><testcase classname="tests.test_totp_2fa.TestSecretEncryption" name="test_status_never_leaks_secret" time="0.110" /><testcase classname="tests.test_totp_2fa.TestSecretEncryption" name="test_encrypt_decrypt_round_trip" time="0.004" /><testcase classname="tests.test_transactions_registry.TestRequiredFields" name="test_order_create_rejects_empty_sender_name" time="0.099" /><testcase classname="tests.test_transactions_registry.TestRequiredFields" name="test_order_create_rejects_short_sender_name" time="0.102" /><testcase classname="tests.test_transactions_registry.TestRequiredFields" name="test_withdrawal_create_rejects_missing_beneficiary" time="0.101" /><testcase classname="tests.test_transactions_registry.TestTransactionsAccess" name="test_unauth_401" time="0.093" /><testcase classname="tests.test_transactions_registry.TestTransactionsAccess" name="test_employee_now_allowed" time="0.105" /><testcase classname="tests.test_transactions_registry.TestTransactionsAccess" name="test_admin_ok" time="0.114" /><testcase classname="tests.test_transactions_registry.TestTransactionsE2E" name="test_new_order_appears_as_entrada" time="0.959" /><testcase classname="tests.test_transactions_registry.TestTransactionsE2E" name="test_new_withdrawal_appears_as_salida" time="0.837" /><testcase classname="tests.test_transactions_registry.TestTransactionFilters" name="test_direction_in_only" time="0.112" /><testcase classname="tests.test_transactions_registry.TestTransactionFilters" name="test_direction_out_only" time="0.100" /><testcase classname="tests.test_transactions_registry.TestTransactionFilters" name="test_invalid_direction" time="0.105" /><testcase classname="tests.test_transactions_registry.TestTransactionFilters" name="test_totals_consistent_with_items" time="0.109"><skipped type="pytest.skip" message="dataset has 649 rows but endpoint capped at 500">/app/backend/tests/test_transactions_registry.py:170: dataset has 649 rows but endpoint capped at 500</skipped></testcase><testcase classname="tests.test_transactions_registry.TestTransactionAmountFilters" name="test_min_amount_filter" time="0.101" /><testcase classname="tests.test_transactions_registry.TestTransactionAmountFilters" name="test_max_amount_filter" time="0.106" /><testcase classname="tests.test_transactions_registry.TestTransactionAmountFilters" name="test_amount_range" time="0.100" /><testcase classname="tests.test_transactions_registry.TestTransactionAmountFilters" name="test_negative_amount_rejected" time="0.100" /><testcase classname="tests.test_transactions_registry.TestTransactionAmountFilters" name="test_min_greater_than_max_rejected" time="0.101" /><testcase classname="tests.test_transactions_registry.TestTransactionAmountFilters" name="test_amount_filter_propagates_to_csv" time="0.103" /><testcase classname="tests.test_transactions_registry.TestTransactionAmountFilters" name="test_amount_filter_propagates_to_pdf" time="0.385" /><testcase classname="tests.test_transactions_registry.TestTransactionsExports" name="test_csv_admin_ok_with_bom_and_headers" time="0.143" /><testcase classname="tests.test_transactions_registry.TestTransactionsExports" name="test_pdf_admin_valid" time="0.491" /><testcase classname="tests.test_transactions_registry.TestTransactionsExports" name="test_csv_employee_forbidden" time="0.168" /><testcase classname="tests.test_transactions_registry.TestTransactionsExports" name="test_pdf_employee_forbidden" time="0.441" /><testcase classname="tests.test_transactions_registry.TestMyTransactions" name="test_unauth_401" time="0.099" /><testcase classname="tests.test_transactions_registry.TestMyTransactions" name="test_vip_returns_only_own" time="0.203" /><testcase classname="tests.test_transactions_registry.TestMyTransactions" name="test_self_isolation" time="0.212" /><testcase classname="tests.test_transactions_registry.TestMyTransactions" name="test_filters_work" time="0.106" /><testcase classname="tests.test_transactions_registry.TestMyTransactions" name="test_csv_export" time="0.133" /><testcase classname="tests.test_transactions_registry.TestMyTransactions" name="test_pdf_export" time="0.418" /><testcase classname="tests.test_transactions_registry.TestMyTransactions" name="test_invalid_direction_400" time="0.101" /><testcase classname="tests.test_verify_email_iter25" name="test_verify_email_valid_returns_data_and_no_session" time="0.101" /><testcase classname="tests.test_verify_email_iter25" name="test_verify_email_invalid_returns_400" time="0.095" /><testcase classname="tests.test_verify_email_iter25" name="test_verify_email_expired_returns_400" time="0.117" /><testcase classname="tests.test_verify_email_iter25" name="test_verify_email_reuse_returns_400" time="0.208" /></testsuite></testsuites>