<?xml version="1.0" encoding="utf-8"?><testsuites name="pytest tests"><testsuite name="pytest" errors="0" failures="0" skipped="0" tests="34" time="16.868" timestamp="2026-06-28T10:10:58.158537+00:00" hostname="agent-env-23837487-44ed-4227-9a7f-ba18017f06e1"><testcase classname="tests.test_iter36_wiring.TestOpenAPIWiring" name="test_openapi_json_reachable_publicly" time="0.192" /><testcase classname="tests.test_iter36_wiring.TestOpenAPIWiring" name="test_swagger_docs_reachable_publicly" time="0.102" /><testcase classname="tests.test_iter36_wiring.TestOpenAPIWiring" name="test_redoc_reachable_publicly" time="0.104" /><testcase classname="tests.test_iter36_wiring.TestOpenAPIWiring" name="test_legacy_openapi_json_no_longer_served_by_backend" time="0.120" /><testcase classname="tests.test_iter36_wiring.TestProofSizeContract" name="test_oversize_proof_returns_413_and_order_not_created" time="0.956" /><testcase classname="tests.test_iter36_wiring.TestProofSizeContract" name="test_small_proof_uploads_successfully" time="1.274" /><testcase classname="tests.test_iter36_wiring.TestProofSizeContract" name="test_normal_small_base64_upload_round_trips" time="1.510" /><testcase classname="tests.test_iter36_wiring.TestBackfillScript" name="test_dry_run_completes_successfully" time="1.535" /><testcase classname="tests.test_iter36_wiring.TestBackfillScript" name="test_dry_run_is_idempotent" time="2.977" /><testcase classname="tests.test_iter36_wiring.TestBackfillScript" name="test_post_migration_no_pending_orders" time="1.533" /><testcase classname="tests.test_iter36_wiring.TestMigratedOrderSpotCheck" name="test_random_migrated_order_is_fetchable" time="0.224" /><testcase classname="tests.test_storage_iter35" name="test_storage_default_disabled" time="0.005" /><testcase classname="tests.test_storage_iter35" name="test_storage_unknown_provider_disables" time="0.005" /><testcase classname="tests.test_storage_iter35" name="test_storage_r2_missing_creds_falls_back" time="0.080" /><testcase classname="tests.test_storage_iter35" name="test_maybe_upload_proof_passes_through_empty" time="0.177" /><testcase classname="tests.test_storage_iter35" name="test_maybe_upload_proof_passes_through_existing_ref" time="0.004" /><testcase classname="tests.test_storage_iter35" name="test_maybe_upload_proof_keeps_base64_when_storage_off" time="0.003" /><testcase classname="tests.test_storage_iter35" name="test_maybe_upload_proof_uploads_when_storage_on" time="0.004" /><testcase classname="tests.test_storage_iter35" name="test_maybe_upload_proof_raises_413_on_oversize" time="0.303" /><testcase classname="tests.test_storage_iter35" name="test_maybe_upload_proof_413_fires_even_when_storage_off" time="0.286" /><testcase classname="tests.test_storage_iter35_e2e.TestStorageBoot" name="test_root_alive" time="0.104" /><testcase classname="tests.test_storage_iter35_e2e.TestStorageBoot" name="test_openapi_exposes_files_route" time="0.111" /><testcase classname="tests.test_storage_iter35_e2e.TestOrdersR2Upload" name="test_proof_image_uploaded_to_storage" time="1.040" /><testcase classname="tests.test_storage_iter35_e2e.TestOrdersR2Upload" name="test_mongo_persisted_reference" time="0.014" /><testcase classname="tests.test_storage_iter35_e2e.TestOrdersR2Upload" name="test_owner_can_fetch_file" time="0.483" /><testcase classname="tests.test_storage_iter35_e2e.TestOrdersR2Upload" name="test_admin_can_fetch_any_file" time="0.189" /><testcase classname="tests.test_storage_iter35_e2e.TestOrdersR2Upload" name="test_employee_can_fetch_any_file" time="0.197" /><testcase classname="tests.test_storage_iter35_e2e.TestOrdersR2Upload" name="test_other_non_admin_user_forbidden" time="0.104" /><testcase classname="tests.test_storage_iter35_e2e.TestOrdersR2Upload" name="test_unauthenticated_returns_401" time="0.099" /><testcase classname="tests.test_storage_iter35_e2e.TestOrdersR2Upload" name="test_missing_key_returns_404" time="0.188" /><testcase classname="tests.test_storage_iter35_e2e.TestPathTraversal" name="test_path_traversal_blocked" time="0.107" /><testcase classname="tests.test_storage_iter35_e2e.TestOversizeFallback" name="test_oversize_proof_image_returns_413" time="0.985" /><testcase classname="tests.test_storage_iter35_e2e.TestAdminWithdrawalProof" name="test_payout_proof_uploaded_when_marking_paid" time="1.083" /><testcase classname="tests.test_storage_iter35_e2e.TestCompanyWithdrawalInvoice" name="test_invoice_image_uploaded" time="0.674" /></testsuite></testsuites>