<?xml version="1.0" encoding="utf-8"?><testsuites name="pytest tests"><testsuite name="pytest" errors="0" failures="0" skipped="0" tests="16" time="4.163" timestamp="2026-06-28T11:22:35.173970+00:00" hostname="agent-env-23837487-44ed-4227-9a7f-ba18017f06e1"><testcase classname="tests.test_refactor_regression_iter25.TestUpdateWithdrawalRefactor" name="test_invalid_status_returns_400" time="0.297" /><testcase classname="tests.test_refactor_regression_iter25.TestUpdateWithdrawalRefactor" name="test_missing_id_returns_404" time="0.122" /><testcase classname="tests.test_refactor_regression_iter25.TestUpdateWithdrawalRefactor" name="test_employee_cannot_unpay_paid" time="0.135" /><testcase classname="tests.test_refactor_regression_iter25.TestUpdateWithdrawalRefactor" name="test_admin_can_unpay_paid" time="0.137" /><testcase classname="tests.test_refactor_regression_iter25.TestUpdateWithdrawalRefactor" name="test_reject_refunds_balance" time="0.137" /><testcase classname="tests.test_refactor_regression_iter25.TestUpdateWithdrawalRefactor" name="test_paid_transfer_missing_proof_400" time="0.127" /><testcase classname="tests.test_refactor_regression_iter25.TestUpdateWithdrawalRefactor" name="test_paid_crypto_no_evidence_400" time="0.126" /><testcase classname="tests.test_refactor_regression_iter25.TestUpdateWithdrawalRefactor" name="test_paid_crypto_with_hash_ok" time="0.119" /><testcase classname="tests.test_refactor_regression_iter25.TestUpdateWithdrawalRefactor" name="test_missing_totp_step_up_returns_401" time="0.114" /><testcase classname="tests.test_refactor_regression_iter25.TestRevenueShape" name="test_revenue_default" time="0.128" /><testcase classname="tests.test_refactor_regression_iter25.TestRevenueShape" name="test_revenue_days_30" time="0.128" /><testcase classname="tests.test_refactor_regression_iter25.TestPDFOutputs" name="test_vip_daily_closing_no_orders" time="0.367" /><testcase classname="tests.test_refactor_regression_iter25.TestPDFOutputs" name="test_vip_daily_closing_today" time="0.300" /><testcase classname="tests.test_refactor_regression_iter25.TestPDFOutputs" name="test_audit_pdf_no_filters" time="0.947" /><testcase classname="tests.test_refactor_regression_iter25.TestPDFOutputs" name="test_audit_pdf_with_filters" time="0.454" /><testcase classname="tests.test_refactor_regression_iter25.TestHealthSummaryShape" name="test_sections_present" time="0.442" /></testsuite></testsuites>