<?xml version="1.0" encoding="utf-8"?><testsuites name="pytest tests"><testsuite name="pytest" errors="0" failures="0" skipped="0" tests="16" time="11.735" timestamp="2026-07-05T16:50:11.342314+00:00" hostname="agent-env-23837487-44ed-4227-9a7f-ba18017f06e1"><testcase classname="tests.test_iter52_kyc" name="test_submit_kyc_requires_auth" time="0.322" /><testcase classname="tests.test_iter52_kyc" name="test_my_status_requires_auth" time="0.118" /><testcase classname="tests.test_iter52_kyc" name="test_admin_queue_forbidden_for_non_staff[test_session_normal_X]" time="0.131" /><testcase classname="tests.test_iter52_kyc" name="test_admin_queue_forbidden_for_non_staff[test_session_vip_X]" time="0.107" /><testcase classname="tests.test_iter52_kyc" name="test_admin_queue_ok_for_admin" time="0.130" /><testcase classname="tests.test_iter52_kyc" name="test_admin_queue_ok_for_employee" time="0.101" /><testcase classname="tests.test_iter52_kyc" name="test_submit_kyc_validates_data_url" time="0.119" /><testcase classname="tests.test_iter52_kyc" name="test_submit_kyc_requires_all_three_docs" time="0.440" /><testcase classname="tests.test_iter52_kyc" name="test_full_flow_submit_and_approve" time="1.660" /><testcase classname="tests.test_iter52_kyc" name="test_cannot_submit_twice_while_pending" time="1.773" /><testcase classname="tests.test_iter52_kyc" name="test_reject_requires_reasons" time="2.163" /><testcase classname="tests.test_iter52_kyc" name="test_needs_more_info_blocks_resubmit" time="2.089" /><testcase classname="tests.test_iter52_kyc" name="test_funnel_dashboard_returns_counts" time="2.210" /><testcase classname="tests.test_iter52_kyc" name="test_risk_score_disposable_email" time="0.213" /><testcase classname="tests.test_iter52_kyc" name="test_risk_score_duplicate_name_across_accounts" time="0.022" /><testcase classname="tests.test_iter52_kyc" name="test_risk_score_no_country_check" time="0.044" /></testsuite></testsuites>