<?xml version="1.0" encoding="utf-8"?><testsuites name="pytest tests"><testsuite name="pytest" errors="0" failures="3" skipped="0" tests="117" time="129.507" timestamp="2026-06-28T10:26:13.453138+00:00" hostname="agent-env-23837487-44ed-4227-9a7f-ba18017f06e1"><testcase classname="tests.test_p2p_backend.TestPublic" name="test_root" time="0.121" /><testcase classname="tests.test_p2p_backend.TestPublic" name="test_currencies" time="0.105" /><testcase classname="tests.test_p2p_backend.TestPublic" name="test_rates" time="0.098" /><testcase classname="tests.test_p2p_backend.TestPublic" name="test_products" time="0.101" /><testcase classname="tests.test_p2p_backend.TestAuth" name="test_me_unauth_401" time="0.103" /><testcase classname="tests.test_p2p_backend.TestAuth" name="test_me_with_bearer_admin" time="0.105" /><testcase classname="tests.test_p2p_backend.TestAuth" name="test_me_with_bearer_vip" time="0.104" /><testcase classname="tests.test_p2p_backend.TestAuth" name="test_admin_endpoint_rejects_normal" time="0.098" /><testcase classname="tests.test_p2p_backend.TestAuth" name="test_admin_endpoint_rejects_vip" time="0.098" /><testcase classname="tests.test_p2p_backend.TestSeed" name="test_seed" time="0.383" /><testcase classname="tests.test_p2p_backend.TestCurrencyCRUD" name="test_currency_crud" time="0.530" /><testcase classname="tests.test_p2p_backend.TestCurrencyCRUD" name="test_currency_normal_forbidden" time="0.097" /><testcase classname="tests.test_p2p_backend.TestRateCRUD" name="test_rate_create_edit" time="0.299" /><testcase classname="tests.test_p2p_backend.TestOrders" name="test_order_normal_no_commission" time="1.284" /><testcase classname="tests.test_p2p_backend.TestOrders" name="test_order_vip_0pct" time="1.334" /><testcase classname="tests.test_p2p_backend.TestOrders" name="test_order_vip_accumulate_approve_credits_balance" time="1.255" /><testcase classname="tests.test_p2p_backend.TestOrders" name="test_orders_mine_isolation" time="0.601" /><testcase classname="tests.test_p2p_backend.TestOrders" name="test_admin_orders_all" time="0.440" /><testcase classname="tests.test_p2p_backend.TestOrders" name="test_order_status_invalid" time="0.616" /><testcase classname="tests.test_p2p_backend.TestWithdrawals" name="test_employee_cannot_withdraw" time="0.099" /><testcase classname="tests.test_p2p_backend.TestWithdrawals" name="test_vip_withdraw_then_reject_refunds" time="0.867" /><testcase classname="tests.test_p2p_backend.TestRedemptions" name="test_normal_cannot_redeem" time="0.197" /><testcase classname="tests.test_p2p_backend.TestRedemptions" name="test_vip_redeem_and_reject_refunds" time="1.226" /><testcase classname="tests.test_p2p_backend.TestProductsCRUD" name="test_product_crud" time="0.316" /><testcase classname="tests.test_p2p_backend.TestUsersAdmin" name="test_list_and_update_user" time="0.303" /><testcase classname="tests.test_iter27_auth_refactor" name="test_api_root_alive" time="0.117" /><testcase classname="tests.test_iter27_auth_refactor" name="test_openapi_path_count_unchanged" time="0.034"><failure message="AssertionError: assert 82 == 81&#10; +  where 82 = len({'/api/': {'get': {'operationId': 'root_api__get', 'responses': {'200': {'content': {'application/json': {...}}, 'desc...'content': {'application/json': {...}}, 'description': 'Validation Error'}}, 'summary': 'Export Audit Pdf', ...}}, ...})">tests/test_iter27_auth_refactor.py:44: in test_openapi_path_count_unchanged
    assert len(r.json()["paths"]) == 81
E   AssertionError: assert 82 == 81
E    +  where 82 = len({'/api/': {'get': {'operationId': 'root_api__get', 'responses': {'200': {'content': {'application/json': {...}}, 'desc...'content': {'application/json': {...}}, 'description': 'Validation Error'}}, 'summary': 'Export Audit Pdf', ...}}, ...})</failure></testcase><testcase classname="tests.test_iter27_auth_refactor" name="test_register_valid_payload" time="0.441" /><testcase classname="tests.test_iter27_auth_refactor" name="test_register_missing_phone_returns_422" time="0.102" /><testcase classname="tests.test_iter27_auth_refactor" name="test_register_invalid_phone_format_returns_422" time="0.106" /><testcase classname="tests.test_iter27_auth_refactor" name="test_login_success_sets_cookie" time="0.785" /><testcase classname="tests.test_iter27_auth_refactor" name="test_login_user_not_found_returns_404" time="0.100" /><testcase classname="tests.test_iter27_auth_refactor" name="test_login_invalid_password_returns_401" time="0.757" /><testcase classname="tests.test_iter27_auth_refactor" name="test_login_email_not_verified_returns_403" time="0.785" /><testcase classname="tests.test_iter27_auth_refactor" name="test_login_brute_force_lockout" time="2.136" /><testcase classname="tests.test_iter27_auth_refactor" name="test_verify_email_with_valid_token" time="0.559" /><testcase classname="tests.test_iter27_auth_refactor" name="test_verify_email_invalid_token_returns_400" time="0.100" /><testcase classname="tests.test_iter27_auth_refactor" name="test_resend_verification_unverified_user" time="0.752" /><testcase classname="tests.test_iter27_auth_refactor" name="test_resend_verification_nonexistent_returns_200_generic" time="0.135" /><testcase classname="tests.test_iter27_auth_refactor" name="test_forgot_password_existing_user_sets_token" time="0.672" /><testcase classname="tests.test_iter27_auth_refactor" name="test_forgot_password_nonexistent_returns_200" time="0.099" /><testcase classname="tests.test_iter27_auth_refactor" name="test_reset_password_with_valid_token" time="1.683" /><testcase classname="tests.test_iter27_auth_refactor" name="test_auth_me_no_session_returns_401" time="0.101" /><testcase classname="tests.test_iter27_auth_refactor" name="test_auth_me_with_session_returns_user" time="0.805" /><testcase classname="tests.test_iter27_auth_refactor" name="test_logout_clears_session" time="69.248" /><testcase classname="tests.test_iter27_auth_refactor" name="test_google_login_redirects_to_google" time="0.105" /><testcase classname="tests.test_iter36_wiring.TestOpenAPIWiring" name="test_openapi_json_reachable_publicly" time="0.111"><failure message="AssertionError: expected 81 paths, got 82&#10;assert 82 == 81&#10; +  where 82 = len({'/api/': {'get': {'operationId': 'root_api__get', 'responses': {'200': {'content': {'application/json': {...}}, 'desc...'content': {'application/json': {...}}, 'description': 'Validation Error'}}, 'summary': 'Export Audit Pdf', ...}}, ...})">tests/test_iter36_wiring.py:40: in test_openapi_json_reachable_publicly
    assert len(paths) == 81, f"expected 81 paths, got {len(paths)}"
E   AssertionError: expected 81 paths, got 82
E   assert 82 == 81
E    +  where 82 = len({'/api/': {'get': {'operationId': 'root_api__get', 'responses': {'200': {'content': {'application/json': {...}}, 'desc...'content': {'application/json': {...}}, 'description': 'Validation Error'}}, 'summary': 'Export Audit Pdf', ...}}, ...})</failure></testcase><testcase classname="tests.test_iter36_wiring.TestOpenAPIWiring" name="test_swagger_docs_reachable_publicly" time="0.100" /><testcase classname="tests.test_iter36_wiring.TestOpenAPIWiring" name="test_redoc_reachable_publicly" time="0.124" /><testcase classname="tests.test_iter36_wiring.TestOpenAPIWiring" name="test_legacy_openapi_json_no_longer_served_by_backend" time="0.105" /><testcase classname="tests.test_iter36_wiring.TestProofSizeContract" name="test_oversize_proof_returns_413_and_order_not_created" time="0.919" /><testcase classname="tests.test_iter36_wiring.TestProofSizeContract" name="test_small_proof_uploads_successfully" time="1.265" /><testcase classname="tests.test_iter36_wiring.TestProofSizeContract" name="test_normal_small_base64_upload_round_trips" time="1.262" /><testcase classname="tests.test_iter36_wiring.TestBackfillScript" name="test_dry_run_completes_successfully" time="1.043" /><testcase classname="tests.test_iter36_wiring.TestBackfillScript" name="test_dry_run_is_idempotent" time="2.391" /><testcase classname="tests.test_iter36_wiring.TestBackfillScript" name="test_post_migration_no_pending_orders" time="0.939" /><testcase classname="tests.test_iter36_wiring.TestMigratedOrderSpotCheck" name="test_random_migrated_order_is_fetchable" time="0.221" /><testcase classname="tests.test_storage_iter35" name="test_storage_default_disabled" time="0.004" /><testcase classname="tests.test_storage_iter35" name="test_storage_unknown_provider_disables" time="0.004" /><testcase classname="tests.test_storage_iter35" name="test_storage_r2_missing_creds_falls_back" time="0.050" /><testcase classname="tests.test_storage_iter35" name="test_maybe_upload_proof_passes_through_empty" time="0.175" /><testcase classname="tests.test_storage_iter35" name="test_maybe_upload_proof_passes_through_existing_ref" time="0.004" /><testcase classname="tests.test_storage_iter35" name="test_maybe_upload_proof_keeps_base64_when_storage_off" time="0.003" /><testcase classname="tests.test_storage_iter35" name="test_maybe_upload_proof_uploads_when_storage_on" time="0.004" /><testcase classname="tests.test_storage_iter35" name="test_maybe_upload_proof_raises_413_on_oversize" time="0.280" /><testcase classname="tests.test_storage_iter35" name="test_maybe_upload_proof_413_fires_even_when_storage_off" time="0.277" /><testcase classname="tests.test_storage_iter35_e2e.TestStorageBoot" name="test_root_alive" time="0.114" /><testcase classname="tests.test_storage_iter35_e2e.TestStorageBoot" name="test_openapi_exposes_files_route" time="0.115"><failure message="AssertionError: expected 81 paths, got 82&#10;assert 82 == 81&#10; +  where 82 = len({'/api/': {'get': {'operationId': 'root_api__get', 'responses': {'200': {'content': {'application/json': {...}}, 'desc...'content': {'application/json': {...}}, 'description': 'Validation Error'}}, 'summary': 'Export Audit Pdf', ...}}, ...})">tests/test_storage_iter35_e2e.py:58: in test_openapi_exposes_files_route
    assert len(paths) == 81, f"expected 81 paths, got {len(paths)}"
E   AssertionError: expected 81 paths, got 82
E   assert 82 == 81
E    +  where 82 = len({'/api/': {'get': {'operationId': 'root_api__get', 'responses': {'200': {'content': {'application/json': {...}}, 'desc...'content': {'application/json': {...}}, 'description': 'Validation Error'}}, 'summary': 'Export Audit Pdf', ...}}, ...})</failure></testcase><testcase classname="tests.test_storage_iter35_e2e.TestOrdersR2Upload" name="test_proof_image_uploaded_to_storage" time="0.998" /><testcase classname="tests.test_storage_iter35_e2e.TestOrdersR2Upload" name="test_mongo_persisted_reference" time="0.006" /><testcase classname="tests.test_storage_iter35_e2e.TestOrdersR2Upload" name="test_owner_can_fetch_file" time="0.332" /><testcase classname="tests.test_storage_iter35_e2e.TestOrdersR2Upload" name="test_admin_can_fetch_any_file" time="0.192" /><testcase classname="tests.test_storage_iter35_e2e.TestOrdersR2Upload" name="test_employee_can_fetch_any_file" time="0.181" /><testcase classname="tests.test_storage_iter35_e2e.TestOrdersR2Upload" name="test_other_non_admin_user_forbidden" time="0.107" /><testcase classname="tests.test_storage_iter35_e2e.TestOrdersR2Upload" name="test_unauthenticated_returns_401" time="0.098" /><testcase classname="tests.test_storage_iter35_e2e.TestOrdersR2Upload" name="test_missing_key_returns_404" time="0.187" /><testcase classname="tests.test_storage_iter35_e2e.TestPathTraversal" name="test_path_traversal_blocked" time="0.099" /><testcase classname="tests.test_storage_iter35_e2e.TestOversizeFallback" name="test_oversize_proof_image_returns_413" time="0.743" /><testcase classname="tests.test_storage_iter35_e2e.TestAdminWithdrawalProof" name="test_payout_proof_uploaded_when_marking_paid" time="1.100" /><testcase classname="tests.test_storage_iter35_e2e.TestCompanyWithdrawalInvoice" name="test_invoice_image_uploaded" time="0.599" /><testcase classname="tests.test_sentry_config" name="test_init_returns_false_when_dsn_missing" time="0.005" /><testcase classname="tests.test_sentry_config" name="test_init_returns_false_when_dsn_blank" time="0.005" /><testcase classname="tests.test_sentry_config" name="test_init_returns_true_with_well_formed_dsn" time="1.038" /><testcase classname="tests.test_iter16_email_auth.TestEmailPasswordAuth" name="test_register_creates_unverified_user" time="0.480" /><testcase classname="tests.test_iter16_email_auth.TestEmailPasswordAuth" name="test_register_duplicate_email_rejected" time="0.585" /><testcase classname="tests.test_iter16_email_auth.TestEmailPasswordAuth" name="test_register_invalid_email_rejected" time="0.123" /><testcase classname="tests.test_iter16_email_auth.TestEmailPasswordAuth" name="test_register_short_password_rejected" time="0.110" /><testcase classname="tests.test_iter16_email_auth.TestEmailPasswordAuth" name="test_verify_email_logs_user_in" time="0.556" /><testcase classname="tests.test_iter16_email_auth.TestEmailPasswordAuth" name="test_verify_invalid_token_rejected" time="0.112" /><testcase classname="tests.test_iter16_email_auth.TestEmailPasswordAuth" name="test_verify_token_single_use" time="0.645" /><testcase classname="tests.test_iter16_email_auth.TestEmailPasswordAuth" name="test_login_blocked_until_verified" time="0.780" /><testcase classname="tests.test_iter16_email_auth.TestEmailPasswordAuth" name="test_login_works_after_verification" time="0.993" /><testcase classname="tests.test_iter16_email_auth.TestEmailPasswordAuth" name="test_login_wrong_password_rejected" time="0.952" /><testcase classname="tests.test_iter16_email_auth.TestEmailPasswordAuth" name="test_login_unknown_user_returns_user_not_found" time="0.137" /><testcase classname="tests.test_iter16_email_auth.TestEmailPasswordAuth" name="test_login_google_only_account_returns_use_google" time="0.157" /><testcase classname="tests.test_iter16_email_auth.TestEmailPasswordAuth" name="test_brute_force_locks_out_after_5_fails" time="2.298" /><testcase classname="tests.test_iter16_email_auth.TestEmailPasswordAuth" name="test_login_default_session_is_7_days" time="0.897" /><testcase classname="tests.test_iter16_email_auth.TestEmailPasswordAuth" name="test_login_with_remember_hours_24_creates_short_session" time="0.890" /><testcase classname="tests.test_iter16_email_auth.TestEmailPasswordAuth" name="test_login_remember_hours_clamped_to_max_7d" time="0.879" /><testcase classname="tests.test_iter16_email_auth.TestEmailPasswordAuth" name="test_forgot_password_creates_token_for_known_user" time="0.700" /><testcase classname="tests.test_iter16_email_auth.TestEmailPasswordAuth" name="test_forgot_password_silent_for_unknown" time="0.107" /><testcase classname="tests.test_iter16_email_auth.TestEmailPasswordAuth" name="test_reset_password_updates_hash_and_verifies" time="1.640" /><testcase classname="tests.test_iter16_email_auth.TestEmailPasswordAuth" name="test_reset_password_invalid_token_rejected" time="0.105" /><testcase classname="tests.test_iter16_email_auth.TestEmailPasswordAuth" name="test_reset_password_token_single_use" time="1.085" /><testcase classname="tests.test_marketplace_profit_and_margin.TestProductCostUsd" name="test_create_persists_cost_usd" time="0.225" /><testcase classname="tests.test_marketplace_profit_and_margin.TestProductCostUsd" name="test_default_cost_usd_zero" time="0.107" /><testcase classname="tests.test_marketplace_profit_and_margin.TestProductCostUsd" name="test_put_updates_cost_usd" time="0.302" /><testcase classname="tests.test_marketplace_profit_and_margin.TestRedemptionSnapshot" name="test_redemption_records_cost_snapshot" time="0.579" /><testcase classname="tests.test_marketplace_profit_and_margin.TestRedemptionSnapshot" name="test_cost_snapshot_independent_of_later_product_edit" time="0.625" /><testcase classname="tests.test_marketplace_profit_and_margin.TestRedemptionSnapshot" name="test_redemption_defaults_cost_when_product_missing_cost" time="0.454" /><testcase classname="tests.test_marketplace_profit_and_margin.TestRevenueMarketplaceSection" name="test_revenue_shape_includes_marketplace_keys" time="0.113" /><testcase classname="tests.test_marketplace_profit_and_margin.TestRevenueMarketplaceSection" name="test_marketplace_profit_after_delivery" time="0.838" /><testcase classname="tests.test_marketplace_profit_and_margin.TestRevenueMarketplaceSection" name="test_pending_redemption_not_counted" time="0.774" /><testcase classname="tests.test_marketplace_profit_and_margin.TestNegativeMarginOrderCreate" name="test_no_alert_when_no_real_rate" time="1.021" /><testcase classname="tests.test_marketplace_profit_and_margin.TestNegativeMarginOrderCreate" name="test_alert_when_real_rate_makes_loss" time="1.940" /><testcase classname="tests.test_marketplace_profit_and_margin.TestNegativeMarginOnRateUpdate" name="test_rate_update_pending_losers_does_not_break" time="1.620" /><testcase classname="tests.test_marketplace_profit_and_margin.TestOrderEndpointRobust" name="test_order_creation_returns_200_with_alert_path" time="0.889" /></testsuite></testsuites>