<?xml version="1.0" encoding="utf-8"?><testsuites name="pytest tests"><testsuite name="pytest" errors="0" failures="0" skipped="0" tests="29" time="5.453" timestamp="2026-07-18T11:37:43.028898+00:00" hostname="agent-env-23837487-44ed-4227-9a7f-ba18017f06e1"><testcase classname="tests.test_iter55_27_residue_credit_and_usdt_fee" name="test_convert_to_usdt_charges_flat_fee" time="0.227" /><testcase classname="tests.test_iter55_27_residue_credit_and_usdt_fee" name="test_convert_blocks_below_1_usdt_source_equivalent" time="0.148" /><testcase classname="tests.test_iter55_27_residue_credit_and_usdt_fee" name="test_convert_from_usdt_to_other_charges_fee" time="0.150" /><testcase classname="tests.test_iter55_27_residue_credit_and_usdt_fee" name="test_convert_non_usdt_pair_charges_fee_in_dest_currency" time="0.186" /><testcase classname="tests.test_iter55_27_residue_credit_and_usdt_fee" name="test_convert_fee_and_amount_appear_in_audit" time="0.159" /><testcase classname="tests.test_iter55_29_convertible_destination_flag" name="test_convert_to_non_convertible_currency_is_rejected" time="0.147" /><testcase classname="tests.test_iter55_29_convertible_destination_flag" name="test_convert_to_convertible_currency_still_works" time="0.370" /><testcase classname="tests.test_iter55_29_convertible_destination_flag" name="test_convert_from_non_convertible_source_still_works" time="0.163" /><testcase classname="tests.test_iter55_29_convertible_destination_flag" name="test_backward_compat_missing_flag_treated_as_convertible" time="0.157" /><testcase classname="tests.test_iter55_29_convertible_destination_flag" name="test_admin_can_toggle_convertible_flag" time="0.336" /><testcase classname="tests.test_iter55_29_convertible_destination_flag" name="test_orders_endpoint_still_allows_non_convertible_target" time="0.619" /><testcase classname="tests.test_iter55_36o_verification_gate.TestVipConvertGate" name="test_fully_verified_vip_can_convert" time="0.120" /><testcase classname="tests.test_iter55_36o_verification_gate.TestVipConvertGate" name="test_missing_kyc_blocks_convert" time="0.123" /><testcase classname="tests.test_iter55_36o_verification_gate.TestVipConvertGate" name="test_missing_phone_blocks_convert" time="0.112" /><testcase classname="tests.test_iter76_client_fixes" name="test_convert_fee_is_always_001_usdt_regardless_of_destination" time="0.109" /><testcase classname="tests.test_iter76_client_fixes" name="test_convert_requires_usdt_balance_for_fee" time="0.109" /><testcase classname="tests.test_iter76_client_fixes" name="test_convert_debits_source_and_fee_separately" time="0.109" /><testcase classname="tests.test_iter76_client_fixes" name="test_convert_response_no_longer_exposes_fee_in_to_code" time="0.113" /><testcase classname="tests.test_vip_convert.TestVipConvert" name="test_cup_to_usdt_happy_path" time="0.111" /><testcase classname="tests.test_vip_convert.TestVipConvert" name="test_insufficient_balance_returns_400" time="0.102" /><testcase classname="tests.test_vip_convert.TestVipConvert" name="test_same_currency_rejected" time="0.108" /><testcase classname="tests.test_vip_convert.TestVipConvert" name="test_missing_rate_pair_returns_400" time="0.114" /><testcase classname="tests.test_vip_convert.TestVipConvert" name="test_employee_role_rejected" time="0.114" /><testcase classname="tests.test_vip_convert.TestVipConvert" name="test_unauth_rejected" time="0.097" /><testcase classname="tests.test_vip_convert.TestVipConvert" name="test_validation_amount_must_be_positive" time="0.205" /><testcase classname="tests.test_vip_convert.TestVipConvert" name="test_audit_log_entry_is_written" time="0.124" /><testcase classname="tests.test_vip_convert.TestVipConvert" name="test_usdt_to_cup_direct_rate_used" time="0.105" /><testcase classname="tests.test_vip_convert.TestVipConvert" name="test_usd_to_cup_via_inverse_rate" time="0.107" /><testcase classname="tests.test_vip_convert.TestVipConvert" name="test_normal_role_can_convert_uses_rate_normal" time="0.107" /></testsuite></testsuites>