<?xml version="1.0" encoding="utf-8"?><testsuites name="pytest tests"><testsuite name="pytest" errors="0" failures="0" skipped="0" tests="4" time="2.091" timestamp="2026-07-12T10:11:55.584579+00:00" hostname="agent-env-23837487-44ed-4227-9a7f-ba18017f06e1"><testcase classname="tests.test_iter55_37_session_ttl_24h" name="test_email_login_default_ttl_is_24h" time="0.717" /><testcase classname="tests.test_iter55_37_session_ttl_24h" name="test_email_login_over_request_is_clamped_to_24h" time="0.579" /><testcase classname="tests.test_iter55_37_session_ttl_24h" name="test_email_login_under_request_is_respected" time="0.560" /><testcase classname="tests.test_iter55_37_session_ttl_24h" name="test_session_max_hours_constant" time="0.164" /></testsuite></testsuites>