<?xml version="1.0" encoding="utf-8"?><testsuites name="pytest tests"><testsuite name="pytest" errors="0" failures="0" skipped="0" tests="60" time="84.086" timestamp="2026-06-15T02:31:15.893079+00:00" hostname="agent-env-23837487-44ed-4227-9a7f-ba18017f06e1"><testcase classname="backend.tests.test_audit_log_and_defensive.TestAuditAccess" name="test_unauth_401" time="0.122" /><testcase classname="backend.tests.test_audit_log_and_defensive.TestAuditAccess" name="test_normal_403" time="0.097" /><testcase classname="backend.tests.test_audit_log_and_defensive.TestAuditAccess" name="test_vip_403" time="0.103" /><testcase classname="backend.tests.test_audit_log_and_defensive.TestAuditAccess" name="test_employee_403" time="0.110" /><testcase classname="backend.tests.test_audit_log_and_defensive.TestAuditAccess" name="test_admin_200_list" time="0.106" /><testcase classname="backend.tests.test_audit_log_and_defensive.TestAuditWrites" name="test_rate_update_writes_audit_entry" time="0.704" /><testcase classname="backend.tests.test_audit_log_and_defensive.TestAuditWrites" name="test_settings_update_writes_audit_entry" time="0.517" /><testcase classname="backend.tests.test_audit_log_and_defensive.TestAuditWrites" name="test_user_update_writes_audit_entry" time="0.494" /><testcase classname="backend.tests.test_audit_log_and_defensive.TestAuditWrites" name="test_order_approved_and_rejected_write_audit_entries" time="2.653" /><testcase classname="backend.tests.test_audit_log_and_defensive.TestAuditQueryOptions" name="test_sort_desc_by_created_at" time="0.677" /><testcase classname="backend.tests.test_audit_log_and_defensive.TestAuditQueryOptions" name="test_limit_cap_clamps_to_500" time="0.103" /><testcase classname="backend.tests.test_audit_log_and_defensive.TestAuditQueryOptions" name="test_limit_min_1" time="0.100" /><testcase classname="backend.tests.test_audit_log_and_defensive.TestAuditQueryOptions" name="test_filter_by_actor_id" time="0.098" /><testcase classname="backend.tests.test_audit_log_and_defensive.TestDefensiveModeAutoFlag" name="test_order_flagged_when_margin_below_threshold" time="1.254" /><testcase classname="backend.tests.test_audit_log_and_defensive.TestDefensiveModeAutoFlag" name="test_order_not_flagged_when_margin_above_threshold" time="1.377" /><testcase classname="backend.tests.test_audit_log_and_defensive.TestDefensiveModeAutoFlag" name="test_defensive_disabled_when_setting_none" time="1.276" /><testcase classname="backend.tests.test_audit_log_and_defensive.TestDefensiveApprovalGating" name="test_employee_cannot_approve_flagged_order" time="1.369" /><testcase classname="backend.tests.test_audit_log_and_defensive.TestDefensiveApprovalGating" name="test_admin_can_approve_flagged_order" time="38.131" /><testcase classname="backend.tests.test_audit_log_and_defensive.TestDefensiveApprovalGating" name="test_employee_can_still_approve_non_flagged_order" time="1.635" /><testcase classname="backend.tests.test_audit_log_and_defensive.TestRegressions" name="test_vip_accumulate_flow_still_increments_balance" time="1.351" /><testcase classname="backend.tests.test_audit_log_and_defensive.TestRegressions" name="test_revenue_excludes_requires_double_approval" time="1.439" /><testcase classname="backend.tests.test_employee_and_revenue.TestEmployeeAuthMe" name="test_me_employee_role" time="0.094" /><testcase classname="backend.tests.test_employee_and_revenue.TestRevenueAccess" name="test_unauth_401" time="0.093" /><testcase classname="backend.tests.test_employee_and_revenue.TestRevenueAccess" name="test_normal_403" time="0.104" /><testcase classname="backend.tests.test_employee_and_revenue.TestRevenueAccess" name="test_vip_403" time="0.111" /><testcase classname="backend.tests.test_employee_and_revenue.TestRevenueAccess" name="test_employee_403" time="0.108" /><testcase classname="backend.tests.test_employee_and_revenue.TestRevenueAccess" name="test_admin_200_shape" time="0.098" /><testcase classname="backend.tests.test_employee_and_revenue.TestRevenueAccess" name="test_admin_days_filter" time="0.124" /><testcase classname="backend.tests.test_employee_and_revenue.TestRatesRealRate" name="test_employee_can_list_rates_via_public" time="0.216" /><testcase classname="backend.tests.test_employee_and_revenue.TestRatesRealRate" name="test_employee_can_create_rate_with_real_rate" time="0.512" /><testcase classname="backend.tests.test_employee_and_revenue.TestRatesRealRate" name="test_real_rate_null_persists_as_null" time="0.415" /><testcase classname="backend.tests.test_employee_and_revenue.TestRatesRealRate" name="test_put_updates_real_rate" time="0.491" /><testcase classname="backend.tests.test_employee_and_revenue.TestEmployeeStaffEndpoints" name="test_employee_can_get[/api/admin/orders]" time="0.100" /><testcase classname="backend.tests.test_employee_and_revenue.TestEmployeeStaffEndpoints" name="test_employee_can_get[/api/admin/withdrawals]" time="0.101" /><testcase classname="backend.tests.test_employee_and_revenue.TestEmployeeStaffEndpoints" name="test_employee_can_get[/api/admin/redemptions]" time="0.097" /><testcase classname="backend.tests.test_employee_and_revenue.TestEmployeeStaffEndpoints" name="test_employee_can_get[/api/admin/stats]" time="0.106" /><testcase classname="backend.tests.test_employee_and_revenue.TestEmployeeStaffEndpoints" name="test_employee_can_get[/api/admin/users]" time="0.116" /><testcase classname="backend.tests.test_employee_and_revenue.TestEmployeeStaffEndpoints" name="test_employee_can_seed" time="0.098" /><testcase classname="backend.tests.test_employee_and_revenue.TestEmployeeStaffEndpoints" name="test_employee_can_push_test" time="0.100" /><testcase classname="backend.tests.test_employee_and_revenue.TestEmployeeRestrictions" name="test_employee_cannot_update_admin_settings" time="0.096" /><testcase classname="backend.tests.test_employee_and_revenue.TestEmployeeRestrictions" name="test_admin_can_update_admin_settings" time="0.098" /><testcase classname="backend.tests.test_employee_and_revenue.TestEmployeeRestrictions" name="test_employee_cannot_promote_to_admin" time="0.204" /><testcase classname="backend.tests.test_employee_and_revenue.TestEmployeeRestrictions" name="test_employee_cannot_promote_to_employee" time="0.108" /><testcase classname="backend.tests.test_employee_and_revenue.TestEmployeeRestrictions" name="test_employee_can_set_normal_or_vip" time="0.209" /><testcase classname="backend.tests.test_employee_and_revenue.TestEmployeeRestrictions" name="test_admin_can_promote_to_employee" time="0.207" /><testcase classname="backend.tests.test_employee_and_revenue.TestRevenueCalculation" name="test_e2e_profit_computation" time="1.340" /><testcase classname="backend.tests.test_employee_and_revenue.TestRevenueCalculation" name="test_missing_real_rate_appears_in_missing_list" time="12.983" /><testcase classname="backend.tests.test_marketplace_profit_and_margin.TestProductCostUsd" name="test_create_persists_cost_usd" time="0.203" /><testcase classname="backend.tests.test_marketplace_profit_and_margin.TestProductCostUsd" name="test_default_cost_usd_zero" time="0.098" /><testcase classname="backend.tests.test_marketplace_profit_and_margin.TestProductCostUsd" name="test_put_updates_cost_usd" time="0.317" /><testcase classname="backend.tests.test_marketplace_profit_and_margin.TestRedemptionSnapshot" name="test_redemption_records_cost_snapshot" time="0.724" /><testcase classname="backend.tests.test_marketplace_profit_and_margin.TestRedemptionSnapshot" name="test_cost_snapshot_independent_of_later_product_edit" time="0.859" /><testcase classname="backend.tests.test_marketplace_profit_and_margin.TestRedemptionSnapshot" name="test_redemption_defaults_cost_when_product_missing_cost" time="0.649" /><testcase classname="backend.tests.test_marketplace_profit_and_margin.TestRevenueMarketplaceSection" name="test_revenue_shape_includes_marketplace_keys" time="0.161" /><testcase classname="backend.tests.test_marketplace_profit_and_margin.TestRevenueMarketplaceSection" name="test_marketplace_profit_after_delivery" time="1.072" /><testcase classname="backend.tests.test_marketplace_profit_and_margin.TestRevenueMarketplaceSection" name="test_pending_redemption_not_counted" time="0.947" /><testcase classname="backend.tests.test_marketplace_profit_and_margin.TestNegativeMarginOrderCreate" name="test_no_alert_when_no_real_rate" time="1.217" /><testcase classname="backend.tests.test_marketplace_profit_and_margin.TestNegativeMarginOrderCreate" name="test_alert_when_real_rate_makes_loss" time="2.264" /><testcase classname="backend.tests.test_marketplace_profit_and_margin.TestNegativeMarginOnRateUpdate" name="test_rate_update_pending_losers_does_not_break" time="2.056" /><testcase classname="backend.tests.test_marketplace_profit_and_margin.TestOrderEndpointRobust" name="test_order_creation_returns_200_with_alert_path" time="1.302" /></testsuite></testsuites>