<?xml version="1.0" encoding="utf-8"?><testsuites name="pytest tests"><testsuite name="pytest" errors="0" failures="0" skipped="0" tests="7" time="1.436" timestamp="2026-07-18T13:36:48.012887+00:00" hostname="agent-env-23837487-44ed-4227-9a7f-ba18017f06e1"><testcase classname="tests.test_iter79_dust_converter" name="test_dust_preview_empty_when_no_dust" time="0.340" /><testcase classname="tests.test_iter79_dust_converter" name="test_dust_preview_lists_only_sub_threshold_non_usdt" time="0.129" /><testcase classname="tests.test_iter79_dust_converter" name="test_convert_dust_sweeps_and_charges_flat_fee" time="0.268" /><testcase classname="tests.test_iter79_dust_converter" name="test_convert_dust_appears_in_history_with_small_balance_subtype" time="0.240" /><testcase classname="tests.test_iter79_dust_converter" name="test_convert_dust_refuses_without_usdt_for_fee" time="0.120" /><testcase classname="tests.test_iter79_dust_converter" name="test_convert_dust_refuses_when_no_dust" time="0.160" /><testcase classname="tests.test_iter79_dust_converter" name="test_convert_dust_employee_forbidden" time="0.113" /></testsuite></testsuites>