<?xml version="1.0" encoding="utf-8"?><testsuites name="pytest tests"><testsuite name="pytest" errors="0" failures="0" skipped="0" tests="8" time="2.289" timestamp="2026-08-01T09:34:34.488883+00:00" hostname="agent-env-23837487-44ed-4227-9a7f-ba18017f06e1"><testcase classname="backend.tests.test_iter_client_dashboard_restructure" name="test_me_transactions_returns_items" time="0.161" /><testcase classname="backend.tests.test_iter_client_dashboard_restructure" name="test_order_rows_include_pair_fields" time="0.090" /><testcase classname="backend.tests.test_iter_client_dashboard_restructure" name="test_conversion_rows_still_have_fields" time="0.060" /><testcase classname="backend.tests.test_iter_client_dashboard_restructure" name="test_direction_filter_in_out" time="0.108" /><testcase classname="backend.tests.test_iter_client_dashboard_restructure" name="test_currency_filter" time="0.065" /><testcase classname="backend.tests.test_iter_client_dashboard_restructure" name="test_csv_export" time="0.351" /><testcase classname="backend.tests.test_iter_client_dashboard_restructure" name="test_pdf_export" time="1.247" /><testcase classname="backend.tests.test_iter_client_dashboard_restructure" name="test_admin_transactions_no_regression" time="0.131" /></testsuite></testsuites>