<?xml version="1.0" encoding="utf-8"?><testsuites name="pytest tests"><testsuite name="pytest" errors="0" failures="0" skipped="0" tests="7" time="0.123" timestamp="2026-07-04T12:16:02.273130+00:00" hostname="agent-env-23837487-44ed-4227-9a7f-ba18017f06e1"><testcase classname="tests.test_security_middleware" name="test_security_headers_present" time="0.010" /><testcase classname="tests.test_security_middleware" name="test_origin_allowlist_blocks_evil_origin_on_unsafe_method" time="0.006" /><testcase classname="tests.test_security_middleware" name="test_origin_allowlist_permits_allowed_origin" time="0.010" /><testcase classname="tests.test_security_middleware" name="test_origin_allowlist_ignored_on_safe_get" time="0.007" /><testcase classname="tests.test_security_middleware" name="test_origin_allowlist_ignored_without_origin_header" time="0.009" /><testcase classname="tests.test_security_middleware" name="test_rate_limit_headers_exposed_by_slowapi" time="0.008" /><testcase classname="tests.test_security_middleware" name="test_health_endpoint_still_responds" time="0.010" /></testsuite></testsuites>