<?xml version="1.0" encoding="utf-8"?><testsuites name="pytest tests"><testsuite name="pytest" errors="0" failures="2" skipped="0" tests="23" time="6.042" timestamp="2026-06-28T10:08:41.437303+00:00" hostname="agent-env-23837487-44ed-4227-9a7f-ba18017f06e1"><testcase classname="tests.test_storage_iter35" name="test_storage_default_disabled" time="0.005" /><testcase classname="tests.test_storage_iter35" name="test_storage_unknown_provider_disables" time="0.004" /><testcase classname="tests.test_storage_iter35" name="test_storage_r2_missing_creds_falls_back" time="0.050" /><testcase classname="tests.test_storage_iter35" name="test_maybe_upload_proof_passes_through_empty" time="0.161" /><testcase classname="tests.test_storage_iter35" name="test_maybe_upload_proof_passes_through_existing_ref" time="0.004" /><testcase classname="tests.test_storage_iter35" name="test_maybe_upload_proof_keeps_base64_when_storage_off" time="0.003" /><testcase classname="tests.test_storage_iter35" name="test_maybe_upload_proof_uploads_when_storage_on" time="0.004" /><testcase classname="tests.test_storage_iter35" name="test_maybe_upload_proof_raises_413_on_oversize" time="0.281" /><testcase classname="tests.test_storage_iter35" name="test_maybe_upload_proof_413_fires_even_when_storage_off" time="0.278" /><testcase classname="tests.test_storage_iter35_e2e.TestStorageBoot" name="test_root_alive" time="0.119" /><testcase classname="tests.test_storage_iter35_e2e.TestStorageBoot" name="test_openapi_exposes_files_route" time="0.010"><failure message="assert 404 == 200&#10; +  where 404 = &lt;Response [404]&gt;.status_code">tests/test_storage_iter35_e2e.py:55: in test_openapi_exposes_files_route
    assert r.status_code == 200
E   assert 404 == 200
E    +  where 404 = &lt;Response [404]&gt;.status_code</failure></testcase><testcase classname="tests.test_storage_iter35_e2e.TestOrdersR2Upload" name="test_proof_image_uploaded_to_storage" time="1.125" /><testcase classname="tests.test_storage_iter35_e2e.TestOrdersR2Upload" name="test_mongo_persisted_reference" time="0.006" /><testcase classname="tests.test_storage_iter35_e2e.TestOrdersR2Upload" name="test_owner_can_fetch_file" time="0.390" /><testcase classname="tests.test_storage_iter35_e2e.TestOrdersR2Upload" name="test_admin_can_fetch_any_file" time="0.194" /><testcase classname="tests.test_storage_iter35_e2e.TestOrdersR2Upload" name="test_employee_can_fetch_any_file" time="0.191" /><testcase classname="tests.test_storage_iter35_e2e.TestOrdersR2Upload" name="test_other_non_admin_user_forbidden" time="0.100" /><testcase classname="tests.test_storage_iter35_e2e.TestOrdersR2Upload" name="test_unauthenticated_returns_401" time="0.108" /><testcase classname="tests.test_storage_iter35_e2e.TestOrdersR2Upload" name="test_missing_key_returns_404" time="0.190" /><testcase classname="tests.test_storage_iter35_e2e.TestPathTraversal" name="test_path_traversal_blocked" time="0.096" /><testcase classname="tests.test_storage_iter35_e2e.TestOversizeFallback" name="test_oversize_proof_image_kept_as_base64" time="0.774"><failure message="AssertionError: {&quot;detail&quot;:{&quot;code&quot;:&quot;PROOF_TOO_LARGE&quot;,&quot;message&quot;:&quot;La imagen del comprobante es demasiado grande (9.0 MB). Máximo permitido: 8 MB. Comprime la imagen o tómala con menor resolución.&quot;,&quot;size_mb&quot;:9.0,&quot;limit_mb&quot;:8.0}}&#10;assert 413 == 200&#10; +  where 413 = &lt;Response [413]&gt;.status_code">tests/test_storage_iter35_e2e.py:188: in test_oversize_proof_image_kept_as_base64
    assert r.status_code == 200, r.text
E   AssertionError: {"detail":{"code":"PROOF_TOO_LARGE","message":"La imagen del comprobante es demasiado grande (9.0 MB). Máximo permitido: 8 MB. Comprime la imagen o tómala con menor resolución.","size_mb":9.0,"limit_mb":8.0}}
E   assert 413 == 200
E    +  where 413 = &lt;Response [413]&gt;.status_code</failure></testcase><testcase classname="tests.test_storage_iter35_e2e.TestAdminWithdrawalProof" name="test_payout_proof_uploaded_when_marking_paid" time="1.177" /><testcase classname="tests.test_storage_iter35_e2e.TestCompanyWithdrawalInvoice" name="test_invoice_image_uploaded" time="0.660" /></testsuite></testsuites>