<?xml version="1.0" encoding="utf-8"?><testsuites name="pytest tests"><testsuite name="pytest" errors="0" failures="0" skipped="0" tests="6" time="1.440" timestamp="2026-08-06T20:39:30.284920+00:00" hostname="agent-env-23837487-44ed-4227-9a7f-ba18017f06e1"><testcase classname="tests.test_iter161_vip_batch_holder_fullname" name="test_create_pair_batch_requires_card_false" time="0.192" /><testcase classname="tests.test_iter161_vip_batch_holder_fullname" name="test_get_batch_detail_requires_card_false_even_when_legacy_true" time="0.220" /><testcase classname="tests.test_iter161_vip_batch_holder_fullname" name="test_single_word_holder_rejected" time="0.215" /><testcase classname="tests.test_iter161_vip_batch_holder_fullname" name="test_empty_holder_rejected" time="0.233" /><testcase classname="tests.test_iter161_vip_batch_holder_fullname" name="test_full_name_accepted_no_card" time="0.290" /><testcase classname="tests.test_iter161_vip_batch_holder_fullname" name="test_card_number_in_payload_is_ignored" time="0.218" /></testsuite></testsuites>