<?xml version="1.0" encoding="utf-8"?><testsuites name="pytest tests"><testsuite name="pytest" errors="0" failures="0" skipped="0" tests="14" time="4.610" timestamp="2026-06-28T10:26:02.513170+00:00" hostname="agent-env-23837487-44ed-4227-9a7f-ba18017f06e1"><testcase classname="tests.test_iter37_admin_health.TestHealthAuth" name="test_unauthenticated_rejected" time="0.262" /><testcase classname="tests.test_iter37_admin_health.TestHealthAuth" name="test_normal_user_rejected" time="0.103" /><testcase classname="tests.test_iter37_admin_health.TestHealthAuth" name="test_vip_rejected" time="0.110" /><testcase classname="tests.test_iter37_admin_health.TestHealthAuth" name="test_employee_rejected" time="0.142" /><testcase classname="tests.test_iter37_admin_health.TestHealthAuth" name="test_admin_can_access" time="0.573" /><testcase classname="tests.test_iter37_admin_health.TestHealthPayload" name="test_payload_has_all_sections" time="0.588" /><testcase classname="tests.test_iter37_admin_health.TestHealthPayload" name="test_sentry_section_shape" time="0.373" /><testcase classname="tests.test_iter37_admin_health.TestHealthPayload" name="test_storage_section_shape" time="0.360" /><testcase classname="tests.test_iter37_admin_health.TestHealthPayload" name="test_throughput_section_shape" time="0.326" /><testcase classname="tests.test_iter37_admin_health.TestHealthPayload" name="test_throughput_monotonic_windows" time="0.350" /><testcase classname="tests.test_iter37_admin_health.TestHealthPayload" name="test_defensive_section_shape" time="0.372" /><testcase classname="tests.test_iter37_admin_health.TestHealthPayload" name="test_negative_margin_section_shape" time="0.320" /><testcase classname="tests.test_iter37_admin_health.TestHealthPayload" name="test_queue_section_shape" time="0.314" /><testcase classname="tests.test_iter37_admin_health.TestHealthPayload" name="test_platform_section_shape" time="0.347" /></testsuite></testsuites>