<?xml version="1.0" encoding="utf-8"?><testsuites name="pytest tests"><testsuite name="pytest" errors="0" failures="0" skipped="0" tests="91" time="103.545" timestamp="2026-06-28T09:50:56.204020+00:00" hostname="agent-env-23837487-44ed-4227-9a7f-ba18017f06e1"><testcase classname="tests.test_p2p_backend.TestPublic" name="test_root" time="0.166" /><testcase classname="tests.test_p2p_backend.TestPublic" name="test_currencies" time="0.105" /><testcase classname="tests.test_p2p_backend.TestPublic" name="test_rates" time="0.107" /><testcase classname="tests.test_p2p_backend.TestPublic" name="test_products" time="0.102" /><testcase classname="tests.test_p2p_backend.TestAuth" name="test_me_unauth_401" time="0.095" /><testcase classname="tests.test_p2p_backend.TestAuth" name="test_me_with_bearer_admin" time="0.098" /><testcase classname="tests.test_p2p_backend.TestAuth" name="test_me_with_bearer_vip" time="0.099" /><testcase classname="tests.test_p2p_backend.TestAuth" name="test_admin_endpoint_rejects_normal" time="0.102" /><testcase classname="tests.test_p2p_backend.TestAuth" name="test_admin_endpoint_rejects_vip" time="0.118" /><testcase classname="tests.test_p2p_backend.TestSeed" name="test_seed" time="0.388" /><testcase classname="tests.test_p2p_backend.TestCurrencyCRUD" name="test_currency_crud" time="0.495" /><testcase classname="tests.test_p2p_backend.TestCurrencyCRUD" name="test_currency_normal_forbidden" time="0.105" /><testcase classname="tests.test_p2p_backend.TestRateCRUD" name="test_rate_create_edit" time="0.312" /><testcase classname="tests.test_p2p_backend.TestOrders" name="test_order_normal_no_commission" time="1.142" /><testcase classname="tests.test_p2p_backend.TestOrders" name="test_order_vip_0pct" time="1.144" /><testcase classname="tests.test_p2p_backend.TestOrders" name="test_order_vip_accumulate_approve_credits_balance" time="1.150" /><testcase classname="tests.test_p2p_backend.TestOrders" name="test_orders_mine_isolation" time="0.539" /><testcase classname="tests.test_p2p_backend.TestOrders" name="test_admin_orders_all" time="0.495" /><testcase classname="tests.test_p2p_backend.TestOrders" name="test_order_status_invalid" time="0.548" /><testcase classname="tests.test_p2p_backend.TestWithdrawals" name="test_employee_cannot_withdraw" time="0.102" /><testcase classname="tests.test_p2p_backend.TestWithdrawals" name="test_vip_withdraw_then_reject_refunds" time="0.860" /><testcase classname="tests.test_p2p_backend.TestRedemptions" name="test_normal_cannot_redeem" time="0.193" /><testcase classname="tests.test_p2p_backend.TestRedemptions" name="test_vip_redeem_and_reject_refunds" time="1.239" /><testcase classname="tests.test_p2p_backend.TestProductsCRUD" name="test_product_crud" time="0.328" /><testcase classname="tests.test_p2p_backend.TestUsersAdmin" name="test_list_and_update_user" time="0.355" /><testcase classname="tests.test_iter16_email_auth.TestEmailPasswordAuth" name="test_register_creates_unverified_user" time="0.519" /><testcase classname="tests.test_iter16_email_auth.TestEmailPasswordAuth" name="test_register_duplicate_email_rejected" time="0.564" /><testcase classname="tests.test_iter16_email_auth.TestEmailPasswordAuth" name="test_register_invalid_email_rejected" time="0.116" /><testcase classname="tests.test_iter16_email_auth.TestEmailPasswordAuth" name="test_register_short_password_rejected" time="0.124" /><testcase classname="tests.test_iter16_email_auth.TestEmailPasswordAuth" name="test_verify_email_logs_user_in" time="0.575" /><testcase classname="tests.test_iter16_email_auth.TestEmailPasswordAuth" name="test_verify_invalid_token_rejected" time="0.120" /><testcase classname="tests.test_iter16_email_auth.TestEmailPasswordAuth" name="test_verify_token_single_use" time="0.665" /><testcase classname="tests.test_iter16_email_auth.TestEmailPasswordAuth" name="test_login_blocked_until_verified" time="0.831" /><testcase classname="tests.test_iter16_email_auth.TestEmailPasswordAuth" name="test_login_works_after_verification" time="1.013" /><testcase classname="tests.test_iter16_email_auth.TestEmailPasswordAuth" name="test_login_wrong_password_rejected" time="37.133" /><testcase classname="tests.test_iter16_email_auth.TestEmailPasswordAuth" name="test_login_unknown_user_returns_user_not_found" time="0.175" /><testcase classname="tests.test_iter16_email_auth.TestEmailPasswordAuth" name="test_login_google_only_account_returns_use_google" time="0.122" /><testcase classname="tests.test_iter16_email_auth.TestEmailPasswordAuth" name="test_brute_force_locks_out_after_5_fails" time="8.608" /><testcase classname="tests.test_iter16_email_auth.TestEmailPasswordAuth" name="test_login_default_session_is_7_days" time="8.111" /><testcase classname="tests.test_iter16_email_auth.TestEmailPasswordAuth" name="test_login_with_remember_hours_24_creates_short_session" time="0.984" /><testcase classname="tests.test_iter16_email_auth.TestEmailPasswordAuth" name="test_login_remember_hours_clamped_to_max_7d" time="6.079" /><testcase classname="tests.test_iter16_email_auth.TestEmailPasswordAuth" name="test_forgot_password_creates_token_for_known_user" time="0.727" /><testcase classname="tests.test_iter16_email_auth.TestEmailPasswordAuth" name="test_forgot_password_silent_for_unknown" time="0.136" /><testcase classname="tests.test_iter16_email_auth.TestEmailPasswordAuth" name="test_reset_password_updates_hash_and_verifies" time="1.766" /><testcase classname="tests.test_iter16_email_auth.TestEmailPasswordAuth" name="test_reset_password_invalid_token_rejected" time="0.130" /><testcase classname="tests.test_iter16_email_auth.TestEmailPasswordAuth" name="test_reset_password_token_single_use" time="1.122" /><testcase classname="tests.test_sentry_config" name="test_init_returns_false_when_dsn_missing" time="0.005" /><testcase classname="tests.test_sentry_config" name="test_init_returns_false_when_dsn_blank" time="0.005" /><testcase classname="tests.test_sentry_config" name="test_init_returns_true_with_well_formed_dsn" time="1.333" /><testcase classname="tests.test_marketplace_profit_and_margin.TestProductCostUsd" name="test_create_persists_cost_usd" time="0.253" /><testcase classname="tests.test_marketplace_profit_and_margin.TestProductCostUsd" name="test_default_cost_usd_zero" time="0.129" /><testcase classname="tests.test_marketplace_profit_and_margin.TestProductCostUsd" name="test_put_updates_cost_usd" time="0.335" /><testcase classname="tests.test_marketplace_profit_and_margin.TestRedemptionSnapshot" name="test_redemption_records_cost_snapshot" time="0.664" /><testcase classname="tests.test_marketplace_profit_and_margin.TestRedemptionSnapshot" name="test_cost_snapshot_independent_of_later_product_edit" time="0.720" /><testcase classname="tests.test_marketplace_profit_and_margin.TestRedemptionSnapshot" name="test_redemption_defaults_cost_when_product_missing_cost" time="0.491" /><testcase classname="tests.test_marketplace_profit_and_margin.TestRevenueMarketplaceSection" name="test_revenue_shape_includes_marketplace_keys" time="0.127" /><testcase classname="tests.test_marketplace_profit_and_margin.TestRevenueMarketplaceSection" name="test_marketplace_profit_after_delivery" time="0.946" /><testcase classname="tests.test_marketplace_profit_and_margin.TestRevenueMarketplaceSection" name="test_pending_redemption_not_counted" time="0.816" /><testcase classname="tests.test_marketplace_profit_and_margin.TestNegativeMarginOrderCreate" name="test_no_alert_when_no_real_rate" time="1.065" /><testcase classname="tests.test_marketplace_profit_and_margin.TestNegativeMarginOrderCreate" name="test_alert_when_real_rate_makes_loss" time="1.912" /><testcase classname="tests.test_marketplace_profit_and_margin.TestNegativeMarginOnRateUpdate" name="test_rate_update_pending_losers_does_not_break" time="1.596" /><testcase classname="tests.test_marketplace_profit_and_margin.TestOrderEndpointRobust" name="test_order_creation_returns_200_with_alert_path" time="0.905" /><testcase classname="tests.test_storage_iter35" name="test_storage_default_disabled" time="0.007" /><testcase classname="tests.test_storage_iter35" name="test_storage_unknown_provider_disables" time="0.005" /><testcase classname="tests.test_storage_iter35" name="test_storage_r2_missing_creds_falls_back" time="0.019" /><testcase classname="tests.test_storage_iter35" name="test_maybe_upload_proof_passes_through_empty" time="0.004" /><testcase classname="tests.test_storage_iter35" name="test_maybe_upload_proof_passes_through_existing_ref" time="0.004" /><testcase classname="tests.test_storage_iter35" name="test_maybe_upload_proof_keeps_base64_when_storage_off" time="0.004" /><testcase classname="tests.test_storage_iter35" name="test_maybe_upload_proof_uploads_when_storage_on" time="0.004" /><testcase classname="tests.test_storage_iter35" name="test_maybe_upload_proof_rejects_oversize" time="0.294" /><testcase classname="tests.test_iter27_auth_refactor" name="test_api_root_alive" time="0.105" /><testcase classname="tests.test_iter27_auth_refactor" name="test_openapi_path_count_unchanged" time="0.008" /><testcase classname="tests.test_iter27_auth_refactor" name="test_register_valid_payload" time="0.467" /><testcase classname="tests.test_iter27_auth_refactor" name="test_register_missing_phone_returns_422" time="0.133" /><testcase classname="tests.test_iter27_auth_refactor" name="test_register_invalid_phone_format_returns_422" time="0.119" /><testcase classname="tests.test_iter27_auth_refactor" name="test_login_success_sets_cookie" time="0.785" /><testcase classname="tests.test_iter27_auth_refactor" name="test_login_user_not_found_returns_404" time="0.101" /><testcase classname="tests.test_iter27_auth_refactor" name="test_login_invalid_password_returns_401" time="0.774" /><testcase classname="tests.test_iter27_auth_refactor" name="test_login_email_not_verified_returns_403" time="0.772" /><testcase classname="tests.test_iter27_auth_refactor" name="test_login_brute_force_lockout" time="2.186" /><testcase classname="tests.test_iter27_auth_refactor" name="test_verify_email_with_valid_token" time="0.565" /><testcase classname="tests.test_iter27_auth_refactor" name="test_verify_email_invalid_token_returns_400" time="0.126" /><testcase classname="tests.test_iter27_auth_refactor" name="test_resend_verification_unverified_user" time="0.768" /><testcase classname="tests.test_iter27_auth_refactor" name="test_resend_verification_nonexistent_returns_200_generic" time="0.102" /><testcase classname="tests.test_iter27_auth_refactor" name="test_forgot_password_existing_user_sets_token" time="1.037" /><testcase classname="tests.test_iter27_auth_refactor" name="test_forgot_password_nonexistent_returns_200" time="0.108" /><testcase classname="tests.test_iter27_auth_refactor" name="test_reset_password_with_valid_token" time="1.635" /><testcase classname="tests.test_iter27_auth_refactor" name="test_auth_me_no_session_returns_401" time="0.098" /><testcase classname="tests.test_iter27_auth_refactor" name="test_auth_me_with_session_returns_user" time="0.828" /><testcase classname="tests.test_iter27_auth_refactor" name="test_logout_clears_session" time="0.910" /><testcase classname="tests.test_iter27_auth_refactor" name="test_google_login_redirects_to_google" time="0.120" /></testsuite></testsuites>