<?xml version="1.0" encoding="utf-8"?><testsuites name="pytest tests"><testsuite name="pytest" errors="0" failures="1" skipped="0" tests="21" time="17.990" timestamp="2026-06-15T02:30:33.680301+00:00" hostname="agent-env-23837487-44ed-4227-9a7f-ba18017f06e1"><testcase classname="backend.tests.test_audit_log_and_defensive.TestAuditAccess" name="test_unauth_401" time="0.348" /><testcase classname="backend.tests.test_audit_log_and_defensive.TestAuditAccess" name="test_normal_403" time="0.146" /><testcase classname="backend.tests.test_audit_log_and_defensive.TestAuditAccess" name="test_vip_403" time="0.104" /><testcase classname="backend.tests.test_audit_log_and_defensive.TestAuditAccess" name="test_employee_403" time="0.100" /><testcase classname="backend.tests.test_audit_log_and_defensive.TestAuditAccess" name="test_admin_200_list" time="0.103" /><testcase classname="backend.tests.test_audit_log_and_defensive.TestAuditWrites" name="test_rate_update_writes_audit_entry" time="0.804" /><testcase classname="backend.tests.test_audit_log_and_defensive.TestAuditWrites" name="test_settings_update_writes_audit_entry" time="0.506" /><testcase classname="backend.tests.test_audit_log_and_defensive.TestAuditWrites" name="test_user_update_writes_audit_entry" time="0.101"><failure message="AssertionError: {&quot;detail&quot;:&quot;Nada para actualizar&quot;}&#10;assert 400 == 200&#10; +  where 400 = &lt;Response [400]&gt;.status_code">backend/tests/test_audit_log_and_defensive.py:132: in test_user_update_writes_audit_entry
    assert r.status_code == 200, r.text
E   AssertionError: {"detail":"Nada para actualizar"}
E   assert 400 == 200
E    +  where 400 = &lt;Response [400]&gt;.status_code</failure></testcase><testcase classname="backend.tests.test_audit_log_and_defensive.TestAuditWrites" name="test_order_approved_and_rejected_write_audit_entries" time="2.762" /><testcase classname="backend.tests.test_audit_log_and_defensive.TestAuditQueryOptions" name="test_sort_desc_by_created_at" time="0.773" /><testcase classname="backend.tests.test_audit_log_and_defensive.TestAuditQueryOptions" name="test_limit_cap_clamps_to_500" time="0.101" /><testcase classname="backend.tests.test_audit_log_and_defensive.TestAuditQueryOptions" name="test_limit_min_1" time="0.145" /><testcase classname="backend.tests.test_audit_log_and_defensive.TestAuditQueryOptions" name="test_filter_by_actor_id" time="0.098" /><testcase classname="backend.tests.test_audit_log_and_defensive.TestDefensiveModeAutoFlag" name="test_order_flagged_when_margin_below_threshold" time="1.261" /><testcase classname="backend.tests.test_audit_log_and_defensive.TestDefensiveModeAutoFlag" name="test_order_not_flagged_when_margin_above_threshold" time="1.256" /><testcase classname="backend.tests.test_audit_log_and_defensive.TestDefensiveModeAutoFlag" name="test_defensive_disabled_when_setting_none" time="1.225" /><testcase classname="backend.tests.test_audit_log_and_defensive.TestDefensiveApprovalGating" name="test_employee_cannot_approve_flagged_order" time="1.427" /><testcase classname="backend.tests.test_audit_log_and_defensive.TestDefensiveApprovalGating" name="test_admin_can_approve_flagged_order" time="1.937" /><testcase classname="backend.tests.test_audit_log_and_defensive.TestDefensiveApprovalGating" name="test_employee_can_still_approve_non_flagged_order" time="1.867" /><testcase classname="backend.tests.test_audit_log_and_defensive.TestRegressions" name="test_vip_accumulate_flow_still_increments_balance" time="1.367" /><testcase classname="backend.tests.test_audit_log_and_defensive.TestRegressions" name="test_revenue_excludes_requires_double_approval" time="1.439" /></testsuite></testsuites>