<?xml version="1.0" encoding="utf-8"?><testsuites name="pytest tests"><testsuite name="pytest" errors="0" failures="0" skipped="4" tests="57" time="15.506" timestamp="2026-07-04T14:40:02.200226+00:00" hostname="agent-env-23837487-44ed-4227-9a7f-ba18017f06e1"><testcase classname="tests.test_security_middleware" name="test_security_headers_present" time="0.010" /><testcase classname="tests.test_security_middleware" name="test_origin_allowlist_blocks_evil_origin_on_unsafe_method" time="0.007" /><testcase classname="tests.test_security_middleware" name="test_origin_allowlist_permits_allowed_origin" time="0.010" /><testcase classname="tests.test_security_middleware" name="test_origin_allowlist_ignored_on_safe_get" time="0.008" /><testcase classname="tests.test_security_middleware" name="test_origin_allowlist_ignored_without_origin_header" time="0.008" /><testcase classname="tests.test_security_middleware" name="test_rate_limit_headers_exposed_by_slowapi" time="0.008" /><testcase classname="tests.test_security_middleware" name="test_health_endpoint_still_responds" time="0.009" /><testcase classname="tests.test_iter47_security_review.TestSecurityHeaders" name="test_get_rates_returns_all_security_headers" time="0.007" /><testcase classname="tests.test_iter47_security_review.TestOriginAllowlist" name="test_evil_origin_post_blocked_with_403" time="0.006" /><testcase classname="tests.test_iter47_security_review.TestOriginAllowlist" name="test_localhost_origin_post_allowed" time="0.007" /><testcase classname="tests.test_iter47_security_review.TestOriginAllowlist" name="test_no_origin_header_post_allowed" time="0.007" /><testcase classname="tests.test_iter47_security_review.TestOriginAllowlist" name="test_evil_origin_safe_get_allowed" time="0.007" /><testcase classname="tests.test_iter47_security_review.TestCorsProductionRejectsWildcard" name="test_wildcard_in_production_raises" time="0.251" /><testcase classname="tests.test_iter47_security_review.TestCorsProductionRejectsWildcard" name="test_env_var_cors_origins_parses_multiple_values" time="0.004" /><testcase classname="tests.test_iter47_security_review.TestRateLimits" name="test_forgot_password_3_per_hour" time="0.000"><skipped type="pytest.skip" message="RATE_LIMIT_ENABLED=false — rate-limit assertions skipped">/app/backend/tests/test_iter47_security_review.py:135: RATE_LIMIT_ENABLED=false — rate-limit assertions skipped</skipped></testcase><testcase classname="tests.test_iter47_security_review.TestRateLimits" name="test_forgot_password_429_includes_ratelimit_headers" time="0.000"><skipped type="pytest.skip" message="RATE_LIMIT_ENABLED=false — rate-limit assertions skipped">/app/backend/tests/test_iter47_security_review.py:150: RATE_LIMIT_ENABLED=false — rate-limit assertions skipped</skipped></testcase><testcase classname="tests.test_iter47_security_review.TestRateLimits" name="test_login_10_per_minute" time="0.000"><skipped type="pytest.skip" message="RATE_LIMIT_ENABLED=false — rate-limit assertions skipped">/app/backend/tests/test_iter47_security_review.py:164: RATE_LIMIT_ENABLED=false — rate-limit assertions skipped</skipped></testcase><testcase classname="tests.test_iter47_security_review.TestRateLimits" name="test_register_5_per_hour" time="0.000"><skipped type="pytest.skip" message="RATE_LIMIT_ENABLED=false — rate-limit assertions skipped">/app/backend/tests/test_iter47_security_review.py:177: RATE_LIMIT_ENABLED=false — rate-limit assertions skipped</skipped></testcase><testcase classname="tests.test_iter47_security_review.TestNoRegression" name="test_currencies_endpoint_still_returns_200" time="0.008" /><testcase classname="tests.test_iter47_security_review.TestNoRegression" name="test_health_root_still_returns_200" time="0.007" /><testcase classname="tests.test_iter48_admin_security" name="test_admin_security_audit_admin_ok" time="0.273" /><testcase classname="tests.test_iter48_admin_security" name="test_admin_security_audit_forbidden_for_employee" time="0.119" /><testcase classname="tests.test_iter48_admin_security" name="test_admin_security_audit_forbidden_for_vip" time="0.116" /><testcase classname="tests.test_iter48_admin_security" name="test_admin_security_audit_forbidden_for_normal" time="0.156" /><testcase classname="tests.test_iter48_admin_security" name="test_admin_security_audit_no_token_401" time="0.109" /><testcase classname="tests.test_iter48_admin_security" name="test_origin_blocked_event_logged" time="0.315" /><testcase classname="tests.test_iter48_admin_security" name="test_audit_dashboard_reflects_origin_events" time="0.419" /><testcase classname="tests.test_iter48_admin_security" name="test_revoke_sessions_wipes_target_user" time="0.141" /><testcase classname="tests.test_iter48_admin_security" name="test_revoke_sessions_forbidden_for_employee" time="0.122" /><testcase classname="tests.test_appeals" name="test_client_cannot_appeal_when_active" time="0.171" /><testcase classname="tests.test_appeals" name="test_client_can_appeal_when_under_review" time="0.352" /><testcase classname="tests.test_appeals" name="test_client_appeal_rejects_short_message" time="0.122" /><testcase classname="tests.test_appeals" name="test_staff_can_list_appeals_and_resolve" time="0.543" /><testcase classname="tests.test_appeals" name="test_staff_can_reject_appeal" time="0.229" /><testcase classname="tests.test_appeals" name="test_employee_without_permission_is_forbidden" time="0.116" /><testcase classname="tests.test_appeals" name="test_employee_with_permission_can_list" time="0.120" /><testcase classname="tests.test_iter27_auth_refactor" name="test_api_root_alive" time="0.106" /><testcase classname="tests.test_iter27_auth_refactor" name="test_openapi_path_count_unchanged" time="0.009" /><testcase classname="tests.test_iter27_auth_refactor" name="test_register_valid_payload" time="0.470" /><testcase classname="tests.test_iter27_auth_refactor" name="test_register_missing_phone_returns_422" time="0.111" /><testcase classname="tests.test_iter27_auth_refactor" name="test_register_invalid_phone_format_returns_422" time="0.128" /><testcase classname="tests.test_iter27_auth_refactor" name="test_login_success_sets_cookie" time="0.790" /><testcase classname="tests.test_iter27_auth_refactor" name="test_login_user_not_found_returns_404" time="0.134" /><testcase classname="tests.test_iter27_auth_refactor" name="test_login_invalid_password_returns_401" time="0.774" /><testcase classname="tests.test_iter27_auth_refactor" name="test_login_email_not_verified_returns_403" time="0.793" /><testcase classname="tests.test_iter27_auth_refactor" name="test_login_brute_force_lockout" time="2.232" /><testcase classname="tests.test_iter27_auth_refactor" name="test_verify_email_with_valid_token" time="0.574" /><testcase classname="tests.test_iter27_auth_refactor" name="test_verify_email_invalid_token_returns_400" time="0.107" /><testcase classname="tests.test_iter27_auth_refactor" name="test_resend_verification_unverified_user" time="0.877" /><testcase classname="tests.test_iter27_auth_refactor" name="test_resend_verification_nonexistent_returns_200_generic" time="0.108" /><testcase classname="tests.test_iter27_auth_refactor" name="test_forgot_password_existing_user_sets_token" time="0.679" /><testcase classname="tests.test_iter27_auth_refactor" name="test_forgot_password_nonexistent_returns_200" time="0.108" /><testcase classname="tests.test_iter27_auth_refactor" name="test_reset_password_with_valid_token" time="1.659" /><testcase classname="tests.test_iter27_auth_refactor" name="test_auth_me_no_session_returns_401" time="0.103" /><testcase classname="tests.test_iter27_auth_refactor" name="test_auth_me_with_session_returns_user" time="0.844" /><testcase classname="tests.test_iter27_auth_refactor" name="test_logout_clears_session" time="0.891" /><testcase classname="tests.test_iter27_auth_refactor" name="test_google_login_redirects_to_google" time="0.101" /></testsuite></testsuites>