<?xml version="1.0" encoding="utf-8"?><testsuites name="pytest tests"><testsuite name="pytest" errors="0" failures="0" skipped="1" tests="107" time="169.818" timestamp="2026-06-15T01:00:41.630243+00:00" hostname="agent-env-23837487-44ed-4227-9a7f-ba18017f06e1"><testcase classname="backend.tests.test_admin_alerts.TestAdminSettings" name="test_get_settings_unauth_401" time="0.121" /><testcase classname="backend.tests.test_admin_alerts.TestAdminSettings" name="test_get_settings_normal_403" time="0.172" /><testcase classname="backend.tests.test_admin_alerts.TestAdminSettings" name="test_get_settings_admin_default" time="0.121" /><testcase classname="backend.tests.test_admin_alerts.TestAdminSettings" name="test_put_settings_normal_403" time="0.122" /><testcase classname="backend.tests.test_admin_alerts.TestAdminSettings" name="test_put_settings_admin_persists" time="0.305" /><testcase classname="backend.tests.test_admin_alerts.TestAdminSettings" name="test_put_settings_invalid_payload_422" time="0.099" /><testcase classname="backend.tests.test_admin_alerts.TestAlertHooksNonBreaking" name="test_create_order_still_200" time="0.757" /><testcase classname="backend.tests.test_admin_alerts.TestAlertHooksNonBreaking" name="test_vip_withdraw_still_200" time="0.665" /><testcase classname="backend.tests.test_admin_alerts.TestAlertHooksNonBreaking" name="test_vip_redeem_still_200" time="0.760" /><testcase classname="backend.tests.test_admin_alerts.TestVipThresholdAlert" name="test_threshold_crossing_sets_last_vip_alert_threshold" time="2.402" /><testcase classname="backend.tests.test_admin_alerts.TestVipThresholdAlert" name="test_threshold_does_not_refire_on_small_increment" time="1.419" /><testcase classname="backend.tests.test_email_and_closing.TestEmailNotificationsAndStatusUpdate" name="test_approve_does_not_break_endpoint_even_if_email_fails" time="1.921" /><testcase classname="backend.tests.test_email_and_closing.TestEmailNotificationsAndStatusUpdate" name="test_reject_does_not_break_endpoint" time="1.117" /><testcase classname="backend.tests.test_email_and_closing.TestEmailNotificationsAndStatusUpdate" name="test_completed_status_does_not_break" time="0.782" /><testcase classname="backend.tests.test_email_and_closing.TestEmailNotificationsAndStatusUpdate" name="test_pending_status_noop_no_email" time="0.949" /><testcase classname="backend.tests.test_email_and_closing.TestEmailNotificationsAndStatusUpdate" name="test_double_approve_only_credits_once" time="2.097" /><testcase classname="backend.tests.test_email_and_closing.TestVipDailyClosing" name="test_unauth_401" time="0.100" /><testcase classname="backend.tests.test_email_and_closing.TestVipDailyClosing" name="test_normal_403" time="0.103" /><testcase classname="backend.tests.test_email_and_closing.TestVipDailyClosing" name="test_vip_returns_pdf" time="0.401" /><testcase classname="backend.tests.test_email_and_closing.TestVipDailyClosing" name="test_admin_returns_pdf" time="0.297" /><testcase classname="backend.tests.test_email_and_closing.TestVipDailyClosing" name="test_invalid_date_400" time="0.095" /><testcase classname="backend.tests.test_email_and_closing.TestVipDailyClosing" name="test_valid_date_filter" time="0.304" /><testcase classname="backend.tests.test_email_and_closing.TestVipDailyClosing" name="test_closing_includes_approved_orders_today" time="1.773" /><testcase classname="backend.tests.test_email_and_closing.TestVipDailyClosing" name="test_closing_past_date_still_returns_pdf" time="37.154" /><testcase classname="backend.tests.test_employee_and_revenue.TestEmployeeAuthMe" name="test_me_employee_role" time="0.135" /><testcase classname="backend.tests.test_employee_and_revenue.TestRevenueAccess" name="test_unauth_401" time="19.536" /><testcase classname="backend.tests.test_employee_and_revenue.TestRevenueAccess" name="test_normal_403" time="0.131" /><testcase classname="backend.tests.test_employee_and_revenue.TestRevenueAccess" name="test_vip_403" time="0.100" /><testcase classname="backend.tests.test_employee_and_revenue.TestRevenueAccess" name="test_employee_403" time="0.105" /><testcase classname="backend.tests.test_employee_and_revenue.TestRevenueAccess" name="test_admin_200_shape" time="0.104" /><testcase classname="backend.tests.test_employee_and_revenue.TestRevenueAccess" name="test_admin_days_filter" time="0.098" /><testcase classname="backend.tests.test_employee_and_revenue.TestRatesRealRate" name="test_employee_can_list_rates_via_public" time="0.213" /><testcase classname="backend.tests.test_employee_and_revenue.TestRatesRealRate" name="test_employee_can_create_rate_with_real_rate" time="0.415" /><testcase classname="backend.tests.test_employee_and_revenue.TestRatesRealRate" name="test_real_rate_null_persists_as_null" time="0.436" /><testcase classname="backend.tests.test_employee_and_revenue.TestRatesRealRate" name="test_put_updates_real_rate" time="0.514" /><testcase classname="backend.tests.test_employee_and_revenue.TestEmployeeStaffEndpoints" name="test_employee_can_get[/api/admin/orders]" time="0.101" /><testcase classname="backend.tests.test_employee_and_revenue.TestEmployeeStaffEndpoints" name="test_employee_can_get[/api/admin/withdrawals]" time="0.110" /><testcase classname="backend.tests.test_employee_and_revenue.TestEmployeeStaffEndpoints" name="test_employee_can_get[/api/admin/redemptions]" time="0.099" /><testcase classname="backend.tests.test_employee_and_revenue.TestEmployeeStaffEndpoints" name="test_employee_can_get[/api/admin/stats]" time="0.106" /><testcase classname="backend.tests.test_employee_and_revenue.TestEmployeeStaffEndpoints" name="test_employee_can_get[/api/admin/users]" time="0.104" /><testcase classname="backend.tests.test_employee_and_revenue.TestEmployeeStaffEndpoints" name="test_employee_can_seed" time="0.108" /><testcase classname="backend.tests.test_employee_and_revenue.TestEmployeeStaffEndpoints" name="test_employee_can_push_test" time="0.111" /><testcase classname="backend.tests.test_employee_and_revenue.TestEmployeeRestrictions" name="test_employee_cannot_update_admin_settings" time="0.101" /><testcase classname="backend.tests.test_employee_and_revenue.TestEmployeeRestrictions" name="test_admin_can_update_admin_settings" time="0.117" /><testcase classname="backend.tests.test_employee_and_revenue.TestEmployeeRestrictions" name="test_employee_cannot_promote_to_admin" time="0.207" /><testcase classname="backend.tests.test_employee_and_revenue.TestEmployeeRestrictions" name="test_employee_cannot_promote_to_employee" time="0.109" /><testcase classname="backend.tests.test_employee_and_revenue.TestEmployeeRestrictions" name="test_employee_can_set_normal_or_vip" time="0.209" /><testcase classname="backend.tests.test_employee_and_revenue.TestEmployeeRestrictions" name="test_admin_can_promote_to_employee" time="0.229" /><testcase classname="backend.tests.test_employee_and_revenue.TestRevenueCalculation" name="test_e2e_profit_computation" time="1.349" /><testcase classname="backend.tests.test_employee_and_revenue.TestRevenueCalculation" name="test_missing_real_rate_appears_in_missing_list" time="1.587" /><testcase classname="backend.tests.test_multicurrency_and_stats.TestVipBalancesEndpoint" name="test_unauth_401" time="0.116" /><testcase classname="backend.tests.test_multicurrency_and_stats.TestVipBalancesEndpoint" name="test_normal_403" time="0.118" /><testcase classname="backend.tests.test_multicurrency_and_stats.TestVipBalancesEndpoint" name="test_admin_200" time="0.110" /><testcase classname="backend.tests.test_multicurrency_and_stats.TestVipBalancesEndpoint" name="test_vip_legacy_plus_dict_usdt_conversion" time="0.318" /><testcase classname="backend.tests.test_multicurrency_and_stats.TestAdminStats" name="test_unauth_401" time="0.105" /><testcase classname="backend.tests.test_multicurrency_and_stats.TestAdminStats" name="test_normal_403" time="0.119" /><testcase classname="backend.tests.test_multicurrency_and_stats.TestAdminStats" name="test_vip_403" time="0.102" /><testcase classname="backend.tests.test_multicurrency_and_stats.TestAdminStats" name="test_admin_structure" time="0.105" /><testcase classname="backend.tests.test_multicurrency_and_stats.TestAdminStats" name="test_admin_stats_grouped_by_currency" time="1.197" /><testcase classname="backend.tests.test_multicurrency_and_stats.TestCurrencyWithdrawals" name="test_withdraw_with_currency_cup" time="1.256" /><testcase classname="backend.tests.test_multicurrency_and_stats.TestCurrencyWithdrawals" name="test_withdraw_insufficient_balance_400" time="0.356" /><testcase classname="backend.tests.test_multicurrency_and_stats.TestCurrencyWithdrawals" name="test_legacy_withdraw_no_currency_uses_usd" time="1.023" /><testcase classname="backend.tests.test_multicurrency_and_stats.TestCurrencyWithdrawals" name="test_rejected_withdrawal_refunds_correct_currency" time="1.203" /><testcase classname="backend.tests.test_multicurrency_and_stats.TestRedemptionMergedUsd" name="test_redeem_with_only_vip_balances_usd" time="1.031" /><testcase classname="backend.tests.test_multicurrency_and_stats.TestDoubleApproveGuard" name="test_double_approve_does_not_double_credit_balance" time="1.443" /><testcase classname="backend.tests.test_p2p_backend.TestPublic" name="test_root" time="0.107" /><testcase classname="backend.tests.test_p2p_backend.TestPublic" name="test_currencies" time="0.104" /><testcase classname="backend.tests.test_p2p_backend.TestPublic" name="test_rates" time="0.099" /><testcase classname="backend.tests.test_p2p_backend.TestPublic" name="test_products" time="0.105" /><testcase classname="backend.tests.test_p2p_backend.TestAuth" name="test_me_unauth_401" time="0.107" /><testcase classname="backend.tests.test_p2p_backend.TestAuth" name="test_me_with_bearer_admin" time="0.113" /><testcase classname="backend.tests.test_p2p_backend.TestAuth" name="test_me_with_bearer_vip" time="0.098" /><testcase classname="backend.tests.test_p2p_backend.TestAuth" name="test_admin_endpoint_rejects_normal" time="0.098" /><testcase classname="backend.tests.test_p2p_backend.TestAuth" name="test_admin_endpoint_rejects_vip" time="0.096" /><testcase classname="backend.tests.test_p2p_backend.TestSeed" name="test_seed" time="0.398" /><testcase classname="backend.tests.test_p2p_backend.TestCurrencyCRUD" name="test_currency_crud" time="0.524" /><testcase classname="backend.tests.test_p2p_backend.TestCurrencyCRUD" name="test_currency_normal_forbidden" time="0.113" /><testcase classname="backend.tests.test_p2p_backend.TestRateCRUD" name="test_rate_create_edit" time="0.352" /><testcase classname="backend.tests.test_p2p_backend.TestOrders" name="test_order_normal_5pct" time="0.698" /><testcase classname="backend.tests.test_p2p_backend.TestOrders" name="test_order_vip_0pct" time="68.988" /><testcase classname="backend.tests.test_p2p_backend.TestOrders" name="test_order_vip_accumulate_approve_credits_balance" time="1.134" /><testcase classname="backend.tests.test_p2p_backend.TestOrders" name="test_orders_mine_isolation" time="0.320" /><testcase classname="backend.tests.test_p2p_backend.TestOrders" name="test_admin_orders_all" time="0.102" /><testcase classname="backend.tests.test_p2p_backend.TestOrders" name="test_order_status_invalid" time="0.211" /><testcase classname="backend.tests.test_p2p_backend.TestWithdrawals" name="test_normal_cannot_withdraw" time="0.100" /><testcase classname="backend.tests.test_p2p_backend.TestWithdrawals" name="test_vip_withdraw_then_reject_refunds" time="0.126"><skipped type="pytest.skip" message="VIP balance too low">/app/backend/tests/test_p2p_backend.py:214: VIP balance too low</skipped></testcase><testcase classname="backend.tests.test_p2p_backend.TestRedemptions" name="test_normal_cannot_redeem" time="0.194" /><testcase classname="backend.tests.test_p2p_backend.TestRedemptions" name="test_vip_redeem_and_reject_refunds" time="1.467" /><testcase classname="backend.tests.test_p2p_backend.TestProductsCRUD" name="test_product_crud" time="0.313" /><testcase classname="backend.tests.test_p2p_backend.TestUsersAdmin" name="test_list_and_update_user" time="0.315" /><testcase classname="backend.tests.test_push_notifications.TestVapidKey" name="test_get_vapid_key_no_auth" time="0.118" /><testcase classname="backend.tests.test_push_notifications.TestSubscribe" name="test_subscribe_requires_auth" time="0.122" /><testcase classname="backend.tests.test_push_notifications.TestSubscribe" name="test_subscribe_persists" time="0.120" /><testcase classname="backend.tests.test_push_notifications.TestSubscribe" name="test_subscribe_upsert_no_duplicate" time="0.205" /><testcase classname="backend.tests.test_push_notifications.TestSubscribe" name="test_subscribe_upsert_across_users" time="0.205" /><testcase classname="backend.tests.test_push_notifications.TestSubscribe" name="test_subscribe_missing_endpoint_400" time="0.100" /><testcase classname="backend.tests.test_push_notifications.TestUnsubscribe" name="test_unsubscribe_requires_auth" time="0.099" /><testcase classname="backend.tests.test_push_notifications.TestUnsubscribe" name="test_unsubscribe_missing_endpoint_400" time="0.105" /><testcase classname="backend.tests.test_push_notifications.TestUnsubscribe" name="test_unsubscribe_removes_record" time="0.211" /><testcase classname="backend.tests.test_push_notifications.TestPushTestEndpoint" name="test_push_test_no_subscriptions_returns_404" time="0.106" /><testcase classname="backend.tests.test_push_notifications.TestPushTestEndpoint" name="test_push_test_with_dummy_subscription_returns_delivered_total" time="0.234" /><testcase classname="backend.tests.test_push_notifications.TestOrderApprovalPush" name="test_approve_order_with_dummy_sub_still_returns_200" time="1.088" /><testcase classname="backend.tests.test_push_notifications.TestOrderApprovalPush" name="test_reject_order_with_dummy_sub_still_returns_200" time="1.021" /><testcase classname="backend.tests.test_push_notifications.TestPwaAssets" name="test_splash_1170" time="0.140" /><testcase classname="backend.tests.test_push_notifications.TestPwaAssets" name="test_splash_1290" time="0.136" /><testcase classname="backend.tests.test_push_notifications.TestPwaAssets" name="test_icon_192_exists" time="0.100" /><testcase classname="backend.tests.test_push_notifications.TestPwaAssets" name="test_logo_300_exists" time="0.119" /></testsuite></testsuites>