<?xml version="1.0" encoding="utf-8"?><testsuites name="pytest tests"><testsuite name="pytest" errors="0" failures="0" skipped="1" tests="230" time="101.436" timestamp="2026-06-18T10:16:38.006825+00:00" hostname="agent-env-23837487-44ed-4227-9a7f-ba18017f06e1"><testcase classname="tests.test_admin_alerts.TestAdminSettings" name="test_get_settings_unauth_401" time="0.144" /><testcase classname="tests.test_admin_alerts.TestAdminSettings" name="test_get_settings_normal_403" time="0.095" /><testcase classname="tests.test_admin_alerts.TestAdminSettings" name="test_get_settings_admin_default" time="0.093" /><testcase classname="tests.test_admin_alerts.TestAdminSettings" name="test_put_settings_normal_403" time="0.097" /><testcase classname="tests.test_admin_alerts.TestAdminSettings" name="test_put_settings_admin_persists" time="0.305" /><testcase classname="tests.test_admin_alerts.TestAdminSettings" name="test_put_settings_invalid_payload_422" time="0.095" /><testcase classname="tests.test_admin_alerts.TestAlertHooksNonBreaking" name="test_create_order_still_200" time="1.268" /><testcase classname="tests.test_admin_alerts.TestAlertHooksNonBreaking" name="test_vip_withdraw_still_200" time="0.744" /><testcase classname="tests.test_admin_alerts.TestAlertHooksNonBreaking" name="test_vip_redeem_still_200" time="0.730" /><testcase classname="tests.test_admin_alerts.TestVipThresholdAlert" name="test_threshold_crossing_sets_last_vip_alert_threshold" time="2.128" /><testcase classname="tests.test_admin_alerts.TestVipThresholdAlert" name="test_threshold_does_not_refire_on_small_increment" time="1.886" /><testcase classname="tests.test_admin_pagination.TestAdminOrdersPagination" name="test_headers_present" time="0.148" /><testcase classname="tests.test_admin_pagination.TestAdminOrdersPagination" name="test_offset_returns_different_page" time="0.192" /><testcase classname="tests.test_admin_pagination.TestAdminOrdersPagination" name="test_filter_status_combined_with_pagination" time="0.202" /><testcase classname="tests.test_admin_pagination.TestAdminUsersPagination" name="test_headers_present" time="0.091" /><testcase classname="tests.test_admin_pagination.TestAdminUsersPagination" name="test_offset_disjoint_pages" time="0.190" /><testcase classname="tests.test_admin_pagination.TestAdminUsersPagination" name="test_search_by_email_case_insensitive" time="0.093" /><testcase classname="tests.test_admin_pagination.TestAdminUsersPagination" name="test_search_no_match_returns_empty" time="0.094" /><testcase classname="tests.test_audit_export_and_dates.TestAuditPagination" name="test_headers_present_and_array_body" time="0.095" /><testcase classname="tests.test_audit_export_and_dates.TestAuditPagination" name="test_pages_are_disjoint" time="0.197" /><testcase classname="tests.test_audit_export_and_dates.TestAuditCSVExport" name="test_employee_forbidden" time="0.098" /><testcase classname="tests.test_audit_export_and_dates.TestAuditCSVExport" name="test_unauthenticated_blocked" time="0.096" /><testcase classname="tests.test_audit_export_and_dates.TestAuditCSVExport" name="test_admin_csv_format" time="0.287" /><testcase classname="tests.test_audit_export_and_dates.TestAuditCSVExport" name="test_csv_respects_action_filter" time="0.127" /><testcase classname="tests.test_audit_export_and_dates.TestAuditPDFExport" name="test_employee_forbidden" time="0.090" /><testcase classname="tests.test_audit_export_and_dates.TestAuditPDFExport" name="test_admin_pdf_format" time="0.782" /><testcase classname="tests.test_audit_export_and_dates.TestAuditPDFExport" name="test_pdf_with_filters_does_not_500" time="0.326" /><testcase classname="tests.test_audit_export_and_dates.TestAuditDateFilters" name="test_since_date_only_accepted" time="0.101" /><testcase classname="tests.test_audit_export_and_dates.TestAuditDateFilters" name="test_until_date_only_accepted" time="0.134" /><testcase classname="tests.test_audit_export_and_dates.TestAuditDateFilters" name="test_full_iso_accepted" time="0.099" /><testcase classname="tests.test_audit_export_and_dates.TestAuditDateFilters" name="test_invalid_date_400" time="0.096" /><testcase classname="tests.test_audit_export_and_dates.TestAuditDateFilters" name="test_future_since_returns_empty" time="0.111" /><testcase classname="tests.test_audit_export_and_dates.TestAuditDateFilters" name="test_date_filter_propagates_to_csv" time="0.101" /><testcase classname="tests.test_audit_export_and_dates.TestAuditDateFilters" name="test_date_filter_propagates_to_pdf" time="0.291" /><testcase classname="tests.test_audit_log_and_defensive.TestAuditAccess" name="test_unauth_401" time="0.091" /><testcase classname="tests.test_audit_log_and_defensive.TestAuditAccess" name="test_normal_403" time="0.102" /><testcase classname="tests.test_audit_log_and_defensive.TestAuditAccess" name="test_vip_403" time="0.098" /><testcase classname="tests.test_audit_log_and_defensive.TestAuditAccess" name="test_employee_403" time="0.094" /><testcase classname="tests.test_audit_log_and_defensive.TestAuditAccess" name="test_admin_200_list" time="0.098" /><testcase classname="tests.test_audit_log_and_defensive.TestAuditWrites" name="test_rate_update_writes_audit_entry" time="0.703" /><testcase classname="tests.test_audit_log_and_defensive.TestAuditWrites" name="test_settings_update_writes_audit_entry" time="0.503" /><testcase classname="tests.test_audit_log_and_defensive.TestAuditWrites" name="test_user_update_writes_audit_entry" time="0.497" /><testcase classname="tests.test_audit_log_and_defensive.TestAuditWrites" name="test_order_approved_and_rejected_write_audit_entries" time="2.703" /><testcase classname="tests.test_audit_log_and_defensive.TestAuditQueryOptions" name="test_sort_desc_by_created_at" time="0.655" /><testcase classname="tests.test_audit_log_and_defensive.TestAuditQueryOptions" name="test_limit_cap_clamps_to_500" time="0.108" /><testcase classname="tests.test_audit_log_and_defensive.TestAuditQueryOptions" name="test_limit_min_1" time="0.094" /><testcase classname="tests.test_audit_log_and_defensive.TestAuditQueryOptions" name="test_filter_by_actor_id" time="0.088" /><testcase classname="tests.test_audit_log_and_defensive.TestAuditQueryOptions" name="test_pagination_headers_and_offset" time="0.200" /><testcase classname="tests.test_audit_log_and_defensive.TestDefensiveModeAutoFlag" name="test_order_flagged_when_margin_below_threshold" time="1.218" /><testcase classname="tests.test_audit_log_and_defensive.TestDefensiveModeAutoFlag" name="test_order_not_flagged_when_margin_above_threshold" time="1.300" /><testcase classname="tests.test_audit_log_and_defensive.TestDefensiveModeAutoFlag" name="test_defensive_disabled_when_setting_none" time="1.318" /><testcase classname="tests.test_audit_log_and_defensive.TestDefensiveApprovalGating" name="test_employee_cannot_approve_flagged_order" time="1.364" /><testcase classname="tests.test_audit_log_and_defensive.TestDefensiveApprovalGating" name="test_admin_can_approve_flagged_order" time="2.290" /><testcase classname="tests.test_audit_log_and_defensive.TestDefensiveApprovalGating" name="test_employee_can_still_approve_non_flagged_order" time="1.530" /><testcase classname="tests.test_audit_log_and_defensive.TestRegressions" name="test_vip_accumulate_flow_still_increments_balance" time="1.878" /><testcase classname="tests.test_audit_log_and_defensive.TestRegressions" name="test_revenue_excludes_requires_double_approval" time="1.454" /><testcase classname="tests.test_email_and_closing.TestEmailNotificationsAndStatusUpdate" name="test_approve_does_not_break_endpoint_even_if_email_fails" time="2.170" /><testcase classname="tests.test_email_and_closing.TestEmailNotificationsAndStatusUpdate" name="test_reject_does_not_break_endpoint" time="0.917" /><testcase classname="tests.test_email_and_closing.TestEmailNotificationsAndStatusUpdate" name="test_completed_status_does_not_break" time="0.688" /><testcase classname="tests.test_email_and_closing.TestEmailNotificationsAndStatusUpdate" name="test_pending_status_noop_no_email" time="0.758" /><testcase classname="tests.test_email_and_closing.TestEmailNotificationsAndStatusUpdate" name="test_double_approve_only_credits_once" time="1.896" /><testcase classname="tests.test_email_and_closing.TestVipDailyClosing" name="test_unauth_401" time="0.088" /><testcase classname="tests.test_email_and_closing.TestVipDailyClosing" name="test_normal_403" time="0.096" /><testcase classname="tests.test_email_and_closing.TestVipDailyClosing" name="test_vip_returns_pdf" time="0.337" /><testcase classname="tests.test_email_and_closing.TestVipDailyClosing" name="test_admin_returns_pdf" time="0.298" /><testcase classname="tests.test_email_and_closing.TestVipDailyClosing" name="test_invalid_date_400" time="0.123" /><testcase classname="tests.test_email_and_closing.TestVipDailyClosing" name="test_valid_date_filter" time="0.344" /><testcase classname="tests.test_email_and_closing.TestVipDailyClosing" name="test_closing_includes_approved_orders_today" time="1.868" /><testcase classname="tests.test_email_and_closing.TestVipDailyClosing" name="test_closing_past_date_still_returns_pdf" time="0.299" /><testcase classname="tests.test_employee_and_revenue.TestEmployeeAuthMe" name="test_me_employee_role" time="0.094" /><testcase classname="tests.test_employee_and_revenue.TestRevenueAccess" name="test_unauth_401" time="0.095" /><testcase classname="tests.test_employee_and_revenue.TestRevenueAccess" name="test_normal_403" time="0.099" /><testcase classname="tests.test_employee_and_revenue.TestRevenueAccess" name="test_vip_403" time="0.096" /><testcase classname="tests.test_employee_and_revenue.TestRevenueAccess" name="test_employee_403" time="0.091" /><testcase classname="tests.test_employee_and_revenue.TestRevenueAccess" name="test_admin_200_shape" time="0.097" /><testcase classname="tests.test_employee_and_revenue.TestRevenueAccess" name="test_admin_days_filter" time="0.106" /><testcase classname="tests.test_employee_and_revenue.TestRatesRealRate" name="test_employee_can_list_rates_via_public" time="0.194" /><testcase classname="tests.test_employee_and_revenue.TestRatesRealRate" name="test_employee_can_create_rate_with_real_rate" time="0.372" /><testcase classname="tests.test_employee_and_revenue.TestRatesRealRate" name="test_real_rate_null_persists_as_null" time="0.380" /><testcase classname="tests.test_employee_and_revenue.TestRatesRealRate" name="test_put_updates_real_rate" time="0.478" /><testcase classname="tests.test_employee_and_revenue.TestEmployeeStaffEndpoints" name="test_employee_can_get[/api/admin/orders]" time="0.113" /><testcase classname="tests.test_employee_and_revenue.TestEmployeeStaffEndpoints" name="test_employee_can_get[/api/admin/withdrawals]" time="0.093" /><testcase classname="tests.test_employee_and_revenue.TestEmployeeStaffEndpoints" name="test_employee_can_get[/api/admin/redemptions]" time="0.113" /><testcase classname="tests.test_employee_and_revenue.TestEmployeeStaffEndpoints" name="test_employee_can_get[/api/admin/stats]" time="0.119" /><testcase classname="tests.test_employee_and_revenue.TestEmployeeStaffEndpoints" name="test_employee_can_get[/api/admin/users]" time="0.094" /><testcase classname="tests.test_employee_and_revenue.TestEmployeeStaffEndpoints" name="test_employee_can_seed" time="0.096" /><testcase classname="tests.test_employee_and_revenue.TestEmployeeStaffEndpoints" name="test_employee_can_push_test" time="0.099" /><testcase classname="tests.test_employee_and_revenue.TestEmployeeRestrictions" name="test_employee_cannot_update_admin_settings" time="0.096" /><testcase classname="tests.test_employee_and_revenue.TestEmployeeRestrictions" name="test_admin_can_update_admin_settings" time="0.099" /><testcase classname="tests.test_employee_and_revenue.TestEmployeeRestrictions" name="test_employee_cannot_promote_to_admin" time="0.206" /><testcase classname="tests.test_employee_and_revenue.TestEmployeeRestrictions" name="test_employee_cannot_promote_to_employee" time="0.099" /><testcase classname="tests.test_employee_and_revenue.TestEmployeeRestrictions" name="test_employee_can_set_normal_or_vip" time="0.198" /><testcase classname="tests.test_employee_and_revenue.TestEmployeeRestrictions" name="test_admin_can_promote_to_employee" time="0.203" /><testcase classname="tests.test_employee_and_revenue.TestRevenueCalculation" name="test_e2e_profit_computation" time="1.253" /><testcase classname="tests.test_employee_and_revenue.TestRevenueCalculation" name="test_missing_real_rate_appears_in_missing_list" time="1.639" /><testcase classname="tests.test_iter14_corrections.TestNormalCanWithdraw" name="test_normal_with_balance_can_withdraw" time="0.779" /><testcase classname="tests.test_iter14_corrections.TestNormalCanWithdraw" name="test_employee_cannot_withdraw" time="0.095" /><testcase classname="tests.test_iter14_corrections.TestConfirmedOrderLock" name="test_employee_cannot_change_confirmed_order" time="1.748" /><testcase classname="tests.test_iter14_corrections.TestConfirmedOrderLock" name="test_admin_can_change_confirmed_order" time="1.620" /><testcase classname="tests.test_iter14_corrections.TestEmployeeAllowedCurrencies" name="test_orders_filtered_by_currency" time="0.112" /><testcase classname="tests.test_iter14_corrections.TestEmployeeAllowedCurrencies" name="test_cannot_update_unauthorized_order" time="0.232" /><testcase classname="tests.test_iter14_corrections.TestWithdrawalPayoutProof" name="test_paid_requires_proof_for_transfer" time="0.991" /><testcase classname="tests.test_iter14_corrections.TestWithdrawalPayoutProof" name="test_paid_with_proof_succeeds" time="0.858" /><testcase classname="tests.test_iter14_corrections.TestWithdrawalPayoutProof" name="test_employee_cannot_modify_paid_withdrawal" time="0.937" /><testcase classname="tests.test_marketplace_profit_and_margin.TestProductCostUsd" name="test_create_persists_cost_usd" time="0.192" /><testcase classname="tests.test_marketplace_profit_and_margin.TestProductCostUsd" name="test_default_cost_usd_zero" time="0.096" /><testcase classname="tests.test_marketplace_profit_and_margin.TestProductCostUsd" name="test_put_updates_cost_usd" time="0.306" /><testcase classname="tests.test_marketplace_profit_and_margin.TestRedemptionSnapshot" name="test_redemption_records_cost_snapshot" time="0.816" /><testcase classname="tests.test_marketplace_profit_and_margin.TestRedemptionSnapshot" name="test_cost_snapshot_independent_of_later_product_edit" time="0.829" /><testcase classname="tests.test_marketplace_profit_and_margin.TestRedemptionSnapshot" name="test_redemption_defaults_cost_when_product_missing_cost" time="0.630" /><testcase classname="tests.test_marketplace_profit_and_margin.TestRevenueMarketplaceSection" name="test_revenue_shape_includes_marketplace_keys" time="0.110" /><testcase classname="tests.test_marketplace_profit_and_margin.TestRevenueMarketplaceSection" name="test_marketplace_profit_after_delivery" time="1.013" /><testcase classname="tests.test_marketplace_profit_and_margin.TestRevenueMarketplaceSection" name="test_pending_redemption_not_counted" time="0.987" /><testcase classname="tests.test_marketplace_profit_and_margin.TestNegativeMarginOrderCreate" name="test_no_alert_when_no_real_rate" time="1.220" /><testcase classname="tests.test_marketplace_profit_and_margin.TestNegativeMarginOrderCreate" name="test_alert_when_real_rate_makes_loss" time="2.239" /><testcase classname="tests.test_marketplace_profit_and_margin.TestNegativeMarginOnRateUpdate" name="test_rate_update_pending_losers_does_not_break" time="1.970" /><testcase classname="tests.test_marketplace_profit_and_margin.TestOrderEndpointRobust" name="test_order_creation_returns_200_with_alert_path" time="1.632" /><testcase classname="tests.test_multicurrency_and_stats.TestVipBalancesEndpoint" name="test_unauth_401" time="0.094" /><testcase classname="tests.test_multicurrency_and_stats.TestVipBalancesEndpoint" name="test_normal_403" time="0.092" /><testcase classname="tests.test_multicurrency_and_stats.TestVipBalancesEndpoint" name="test_admin_200" time="0.095" /><testcase classname="tests.test_multicurrency_and_stats.TestVipBalancesEndpoint" name="test_vip_legacy_plus_dict_usdt_conversion" time="0.280" /><testcase classname="tests.test_multicurrency_and_stats.TestAdminStats" name="test_unauth_401" time="0.086" /><testcase classname="tests.test_multicurrency_and_stats.TestAdminStats" name="test_normal_403" time="0.094" /><testcase classname="tests.test_multicurrency_and_stats.TestAdminStats" name="test_vip_403" time="0.091" /><testcase classname="tests.test_multicurrency_and_stats.TestAdminStats" name="test_admin_structure" time="0.097" /><testcase classname="tests.test_multicurrency_and_stats.TestAdminStats" name="test_admin_stats_grouped_by_currency" time="1.692" /><testcase classname="tests.test_multicurrency_and_stats.TestCurrencyWithdrawals" name="test_withdraw_with_currency_cup" time="1.159" /><testcase classname="tests.test_multicurrency_and_stats.TestCurrencyWithdrawals" name="test_withdraw_insufficient_balance_400" time="0.304" /><testcase classname="tests.test_multicurrency_and_stats.TestCurrencyWithdrawals" name="test_legacy_withdraw_no_currency_uses_usd" time="1.070" /><testcase classname="tests.test_multicurrency_and_stats.TestCurrencyWithdrawals" name="test_rejected_withdrawal_refunds_correct_currency" time="1.205" /><testcase classname="tests.test_multicurrency_and_stats.TestRedemptionMergedUsd" name="test_redeem_with_only_vip_balances_usd" time="1.048" /><testcase classname="tests.test_multicurrency_and_stats.TestDoubleApproveGuard" name="test_double_approve_does_not_double_credit_balance" time="1.950" /><testcase classname="tests.test_p2p_backend.TestPublic" name="test_root" time="0.089" /><testcase classname="tests.test_p2p_backend.TestPublic" name="test_currencies" time="0.094" /><testcase classname="tests.test_p2p_backend.TestPublic" name="test_rates" time="0.092" /><testcase classname="tests.test_p2p_backend.TestPublic" name="test_products" time="0.103" /><testcase classname="tests.test_p2p_backend.TestAuth" name="test_me_unauth_401" time="0.092" /><testcase classname="tests.test_p2p_backend.TestAuth" name="test_me_with_bearer_admin" time="0.095" /><testcase classname="tests.test_p2p_backend.TestAuth" name="test_me_with_bearer_vip" time="0.101" /><testcase classname="tests.test_p2p_backend.TestAuth" name="test_admin_endpoint_rejects_normal" time="0.091" /><testcase classname="tests.test_p2p_backend.TestAuth" name="test_admin_endpoint_rejects_vip" time="0.096" /><testcase classname="tests.test_p2p_backend.TestSeed" name="test_seed" time="0.374" /><testcase classname="tests.test_p2p_backend.TestCurrencyCRUD" name="test_currency_crud" time="0.460" /><testcase classname="tests.test_p2p_backend.TestCurrencyCRUD" name="test_currency_normal_forbidden" time="0.095" /><testcase classname="tests.test_p2p_backend.TestRateCRUD" name="test_rate_create_edit" time="0.296" /><testcase classname="tests.test_p2p_backend.TestOrders" name="test_order_normal_5pct" time="1.365" /><testcase classname="tests.test_p2p_backend.TestOrders" name="test_order_vip_0pct" time="1.556" /><testcase classname="tests.test_p2p_backend.TestOrders" name="test_order_vip_accumulate_approve_credits_balance" time="1.639" /><testcase classname="tests.test_p2p_backend.TestOrders" name="test_orders_mine_isolation" time="0.268" /><testcase classname="tests.test_p2p_backend.TestOrders" name="test_admin_orders_all" time="0.124" /><testcase classname="tests.test_p2p_backend.TestOrders" name="test_order_status_invalid" time="0.217" /><testcase classname="tests.test_p2p_backend.TestWithdrawals" name="test_employee_cannot_withdraw" time="0.095" /><testcase classname="tests.test_p2p_backend.TestWithdrawals" name="test_vip_withdraw_then_reject_refunds" time="0.095"><skipped type="pytest.skip" message="VIP balance too low">/app/backend/tests/test_p2p_backend.py:211: VIP balance too low</skipped></testcase><testcase classname="tests.test_p2p_backend.TestRedemptions" name="test_normal_cannot_redeem" time="0.208" /><testcase classname="tests.test_p2p_backend.TestRedemptions" name="test_vip_redeem_and_reject_refunds" time="1.417" /><testcase classname="tests.test_p2p_backend.TestProductsCRUD" name="test_product_crud" time="0.282" /><testcase classname="tests.test_p2p_backend.TestUsersAdmin" name="test_list_and_update_user" time="0.305" /><testcase classname="tests.test_push_notifications.TestVapidKey" name="test_get_vapid_key_no_auth" time="0.099" /><testcase classname="tests.test_push_notifications.TestSubscribe" name="test_subscribe_requires_auth" time="0.089" /><testcase classname="tests.test_push_notifications.TestSubscribe" name="test_subscribe_persists" time="0.100" /><testcase classname="tests.test_push_notifications.TestSubscribe" name="test_subscribe_upsert_no_duplicate" time="0.194" /><testcase classname="tests.test_push_notifications.TestSubscribe" name="test_subscribe_upsert_across_users" time="0.187" /><testcase classname="tests.test_push_notifications.TestSubscribe" name="test_subscribe_missing_endpoint_400" time="0.098" /><testcase classname="tests.test_push_notifications.TestUnsubscribe" name="test_unsubscribe_requires_auth" time="0.093" /><testcase classname="tests.test_push_notifications.TestUnsubscribe" name="test_unsubscribe_missing_endpoint_400" time="0.091" /><testcase classname="tests.test_push_notifications.TestUnsubscribe" name="test_unsubscribe_removes_record" time="0.194" /><testcase classname="tests.test_push_notifications.TestPushTestEndpoint" name="test_push_test_no_subscriptions_returns_404" time="0.092" /><testcase classname="tests.test_push_notifications.TestPushTestEndpoint" name="test_push_test_with_dummy_subscription_returns_delivered_total" time="0.187" /><testcase classname="tests.test_push_notifications.TestOrderApprovalPush" name="test_approve_order_with_dummy_sub_still_returns_200" time="1.770" /><testcase classname="tests.test_push_notifications.TestOrderApprovalPush" name="test_reject_order_with_dummy_sub_still_returns_200" time="1.492" /><testcase classname="tests.test_push_notifications.TestPwaAssets" name="test_splash_1170" time="0.126" /><testcase classname="tests.test_push_notifications.TestPwaAssets" name="test_splash_1290" time="0.134" /><testcase classname="tests.test_push_notifications.TestPwaAssets" name="test_icon_192_exists" time="0.099" /><testcase classname="tests.test_push_notifications.TestPwaAssets" name="test_logo_300_exists" time="0.107" /><testcase classname="tests.test_revenue_registry.TestRevenueTimeseries" name="test_daily_timeseries_shape" time="0.105" /><testcase classname="tests.test_revenue_registry.TestRevenueTimeseries" name="test_monthly_timeseries_shape" time="0.150" /><testcase classname="tests.test_revenue_registry.TestRevenueTimeseries" name="test_invalid_granularity_rejected" time="0.098" /><testcase classname="tests.test_revenue_registry.TestRevenueTimeseries" name="test_employee_forbidden" time="0.097" /><testcase classname="tests.test_revenue_registry.TestRevenueTimeseries" name="test_normal_user_unauthorized" time="0.095" /><testcase classname="tests.test_revenue_registry.TestMonthlyExport" name="test_csv_export" time="0.091" /><testcase classname="tests.test_revenue_registry.TestMonthlyExport" name="test_pdf_export" time="0.281" /><testcase classname="tests.test_revenue_registry.TestMonthlyExport" name="test_invalid_month_rejected" time="0.093" /><testcase classname="tests.test_revenue_registry.TestMonthlyExport" name="test_invalid_format_rejected" time="0.091" /><testcase classname="tests.test_revenue_registry.TestMonthlyExport" name="test_employee_forbidden" time="0.106" /><testcase classname="tests.test_revenue_scheduler.TestPdfChart" name="test_pdf_export_contains_chart_payload" time="0.590" /><testcase classname="tests.test_revenue_scheduler.TestSendNowEndpoint" name="test_requires_totp" time="0.090" /><testcase classname="tests.test_revenue_scheduler.TestSendNowEndpoint" name="test_employee_forbidden" time="0.092" /><testcase classname="tests.test_revenue_scheduler.TestSendNowEndpoint" name="test_invalid_month_rejected" time="0.098" /><testcase classname="tests.test_revenue_scheduler.TestSendNowEndpoint" name="test_send_now_succeeds_with_totp" time="1.056" /><testcase classname="tests.test_revenue_scheduler.TestSchedulerHelper" name="test_previous_month_helper" time="0.160" /><testcase classname="tests.test_totp_2fa.TestTotpSetup" name="test_status_when_disabled" time="0.095" /><testcase classname="tests.test_totp_2fa.TestTotpSetup" name="test_setup_requires_auth" time="0.090" /><testcase classname="tests.test_totp_2fa.TestTotpSetup" name="test_setup_returns_qr_and_secret" time="0.110" /><testcase classname="tests.test_totp_2fa.TestTotpSetup" name="test_verify_setup_wrong_code_401" time="0.091" /><testcase classname="tests.test_totp_2fa.TestWithdrawalStepUp" name="test_no_2fa_returns_412" time="0.093" /><testcase classname="tests.test_totp_2fa.TestWithdrawalStepUp" name="test_missing_code_returns_401" time="0.094" /><testcase classname="tests.test_totp_2fa.TestWithdrawalStepUp" name="test_wrong_code_returns_401" time="0.107" /><testcase classname="tests.test_totp_2fa.TestWithdrawalStepUp" name="test_valid_code_accepts" time="0.715" /><testcase classname="tests.test_totp_2fa.TestSecretEncryption" name="test_status_never_leaks_secret" time="0.118" /><testcase classname="tests.test_totp_2fa.TestSecretEncryption" name="test_encrypt_decrypt_round_trip" time="0.000" /><testcase classname="tests.test_transactions_registry.TestRequiredFields" name="test_order_create_rejects_empty_sender_name" time="0.092" /><testcase classname="tests.test_transactions_registry.TestRequiredFields" name="test_order_create_rejects_short_sender_name" time="0.125" /><testcase classname="tests.test_transactions_registry.TestRequiredFields" name="test_withdrawal_create_rejects_missing_beneficiary" time="0.093" /><testcase classname="tests.test_transactions_registry.TestTransactionsAccess" name="test_unauth_401" time="0.090" /><testcase classname="tests.test_transactions_registry.TestTransactionsAccess" name="test_employee_now_allowed" time="0.095" /><testcase classname="tests.test_transactions_registry.TestTransactionsAccess" name="test_admin_ok" time="0.093" /><testcase classname="tests.test_transactions_registry.TestTransactionsE2E" name="test_new_order_appears_as_entrada" time="1.145" /><testcase classname="tests.test_transactions_registry.TestTransactionsE2E" name="test_new_withdrawal_appears_as_salida" time="1.062" /><testcase classname="tests.test_transactions_registry.TestTransactionFilters" name="test_direction_in_only" time="0.100" /><testcase classname="tests.test_transactions_registry.TestTransactionFilters" name="test_direction_out_only" time="0.097" /><testcase classname="tests.test_transactions_registry.TestTransactionFilters" name="test_invalid_direction" time="0.092" /><testcase classname="tests.test_transactions_registry.TestTransactionFilters" name="test_totals_consistent_with_items" time="0.107" /><testcase classname="tests.test_transactions_registry.TestTransactionAmountFilters" name="test_min_amount_filter" time="0.099" /><testcase classname="tests.test_transactions_registry.TestTransactionAmountFilters" name="test_max_amount_filter" time="0.099" /><testcase classname="tests.test_transactions_registry.TestTransactionAmountFilters" name="test_amount_range" time="0.101" /><testcase classname="tests.test_transactions_registry.TestTransactionAmountFilters" name="test_negative_amount_rejected" time="0.094" /><testcase classname="tests.test_transactions_registry.TestTransactionAmountFilters" name="test_min_greater_than_max_rejected" time="0.095" /><testcase classname="tests.test_transactions_registry.TestTransactionAmountFilters" name="test_amount_filter_propagates_to_csv" time="0.108" /><testcase classname="tests.test_transactions_registry.TestTransactionAmountFilters" name="test_amount_filter_propagates_to_pdf" time="0.345" /><testcase classname="tests.test_transactions_registry.TestTransactionsExports" name="test_csv_admin_ok_with_bom_and_headers" time="0.131" /><testcase classname="tests.test_transactions_registry.TestTransactionsExports" name="test_pdf_admin_valid" time="0.375" /><testcase classname="tests.test_transactions_registry.TestTransactionsExports" name="test_csv_employee_forbidden" time="0.129" /><testcase classname="tests.test_transactions_registry.TestTransactionsExports" name="test_pdf_employee_forbidden" time="0.397" /><testcase classname="tests.test_transactions_registry.TestMyTransactions" name="test_unauth_401" time="0.106" /><testcase classname="tests.test_transactions_registry.TestMyTransactions" name="test_vip_returns_only_own" time="0.194" /><testcase classname="tests.test_transactions_registry.TestMyTransactions" name="test_self_isolation" time="0.202" /><testcase classname="tests.test_transactions_registry.TestMyTransactions" name="test_filters_work" time="0.103" /><testcase classname="tests.test_transactions_registry.TestMyTransactions" name="test_csv_export" time="0.119" /><testcase classname="tests.test_transactions_registry.TestMyTransactions" name="test_pdf_export" time="0.371" /><testcase classname="tests.test_transactions_registry.TestMyTransactions" name="test_invalid_direction_400" time="0.100" /></testsuite></testsuites>