<?xml version="1.0" encoding="utf-8"?><testsuites name="pytest tests"><testsuite name="pytest" errors="0" failures="0" skipped="1" tests="120" time="180.244" timestamp="2026-06-15T02:02:00.338117+00:00" hostname="agent-env-23837487-44ed-4227-9a7f-ba18017f06e1"><testcase classname="backend.tests.test_admin_alerts.TestAdminSettings" name="test_get_settings_unauth_401" time="0.152" /><testcase classname="backend.tests.test_admin_alerts.TestAdminSettings" name="test_get_settings_normal_403" time="0.102" /><testcase classname="backend.tests.test_admin_alerts.TestAdminSettings" name="test_get_settings_admin_default" time="0.097" /><testcase classname="backend.tests.test_admin_alerts.TestAdminSettings" name="test_put_settings_normal_403" time="0.097" /><testcase classname="backend.tests.test_admin_alerts.TestAdminSettings" name="test_put_settings_admin_persists" time="0.332" /><testcase classname="backend.tests.test_admin_alerts.TestAdminSettings" name="test_put_settings_invalid_payload_422" time="0.102" /><testcase classname="backend.tests.test_admin_alerts.TestAlertHooksNonBreaking" name="test_create_order_still_200" time="1.227" /><testcase classname="backend.tests.test_admin_alerts.TestAlertHooksNonBreaking" name="test_vip_withdraw_still_200" time="0.783" /><testcase classname="backend.tests.test_admin_alerts.TestAlertHooksNonBreaking" name="test_vip_redeem_still_200" time="0.710" /><testcase classname="backend.tests.test_admin_alerts.TestVipThresholdAlert" name="test_threshold_crossing_sets_last_vip_alert_threshold" time="2.248" /><testcase classname="backend.tests.test_admin_alerts.TestVipThresholdAlert" name="test_threshold_does_not_refire_on_small_increment" time="2.028" /><testcase classname="backend.tests.test_email_and_closing.TestEmailNotificationsAndStatusUpdate" name="test_approve_does_not_break_endpoint_even_if_email_fails" time="2.347" /><testcase classname="backend.tests.test_email_and_closing.TestEmailNotificationsAndStatusUpdate" name="test_reject_does_not_break_endpoint" time="1.608" /><testcase classname="backend.tests.test_email_and_closing.TestEmailNotificationsAndStatusUpdate" name="test_completed_status_does_not_break" time="1.336" /><testcase classname="backend.tests.test_email_and_closing.TestEmailNotificationsAndStatusUpdate" name="test_pending_status_noop_no_email" time="1.257" /><testcase classname="backend.tests.test_email_and_closing.TestEmailNotificationsAndStatusUpdate" name="test_double_approve_only_credits_once" time="2.471" /><testcase classname="backend.tests.test_email_and_closing.TestVipDailyClosing" name="test_unauth_401" time="0.099" /><testcase classname="backend.tests.test_email_and_closing.TestVipDailyClosing" name="test_normal_403" time="0.105" /><testcase classname="backend.tests.test_email_and_closing.TestVipDailyClosing" name="test_vip_returns_pdf" time="0.327" /><testcase classname="backend.tests.test_email_and_closing.TestVipDailyClosing" name="test_admin_returns_pdf" time="0.295" /><testcase classname="backend.tests.test_email_and_closing.TestVipDailyClosing" name="test_invalid_date_400" time="0.099" /><testcase classname="backend.tests.test_email_and_closing.TestVipDailyClosing" name="test_valid_date_filter" time="0.302" /><testcase classname="backend.tests.test_email_and_closing.TestVipDailyClosing" name="test_closing_includes_approved_orders_today" time="2.279" /><testcase classname="backend.tests.test_email_and_closing.TestVipDailyClosing" name="test_closing_past_date_still_returns_pdf" time="0.288" /><testcase classname="backend.tests.test_employee_and_revenue.TestEmployeeAuthMe" name="test_me_employee_role" time="0.118" /><testcase classname="backend.tests.test_employee_and_revenue.TestRevenueAccess" name="test_unauth_401" time="0.096" /><testcase classname="backend.tests.test_employee_and_revenue.TestRevenueAccess" name="test_normal_403" time="0.116" /><testcase classname="backend.tests.test_employee_and_revenue.TestRevenueAccess" name="test_vip_403" time="0.101" /><testcase classname="backend.tests.test_employee_and_revenue.TestRevenueAccess" name="test_employee_403" time="0.105" /><testcase classname="backend.tests.test_employee_and_revenue.TestRevenueAccess" name="test_admin_200_shape" time="0.101" /><testcase classname="backend.tests.test_employee_and_revenue.TestRevenueAccess" name="test_admin_days_filter" time="0.097" /><testcase classname="backend.tests.test_employee_and_revenue.TestRatesRealRate" name="test_employee_can_list_rates_via_public" time="0.204" /><testcase classname="backend.tests.test_employee_and_revenue.TestRatesRealRate" name="test_employee_can_create_rate_with_real_rate" time="0.408" /><testcase classname="backend.tests.test_employee_and_revenue.TestRatesRealRate" name="test_real_rate_null_persists_as_null" time="0.402" /><testcase classname="backend.tests.test_employee_and_revenue.TestRatesRealRate" name="test_put_updates_real_rate" time="0.512" /><testcase classname="backend.tests.test_employee_and_revenue.TestEmployeeStaffEndpoints" name="test_employee_can_get[/api/admin/orders]" time="0.106" /><testcase classname="backend.tests.test_employee_and_revenue.TestEmployeeStaffEndpoints" name="test_employee_can_get[/api/admin/withdrawals]" time="0.099" /><testcase classname="backend.tests.test_employee_and_revenue.TestEmployeeStaffEndpoints" name="test_employee_can_get[/api/admin/redemptions]" time="0.096" /><testcase classname="backend.tests.test_employee_and_revenue.TestEmployeeStaffEndpoints" name="test_employee_can_get[/api/admin/stats]" time="0.110" /><testcase classname="backend.tests.test_employee_and_revenue.TestEmployeeStaffEndpoints" name="test_employee_can_get[/api/admin/users]" time="0.104" /><testcase classname="backend.tests.test_employee_and_revenue.TestEmployeeStaffEndpoints" name="test_employee_can_seed" time="0.100" /><testcase classname="backend.tests.test_employee_and_revenue.TestEmployeeStaffEndpoints" name="test_employee_can_push_test" time="0.103" /><testcase classname="backend.tests.test_employee_and_revenue.TestEmployeeRestrictions" name="test_employee_cannot_update_admin_settings" time="0.099" /><testcase classname="backend.tests.test_employee_and_revenue.TestEmployeeRestrictions" name="test_admin_can_update_admin_settings" time="0.101" /><testcase classname="backend.tests.test_employee_and_revenue.TestEmployeeRestrictions" name="test_employee_cannot_promote_to_admin" time="0.248" /><testcase classname="backend.tests.test_employee_and_revenue.TestEmployeeRestrictions" name="test_employee_cannot_promote_to_employee" time="0.098" /><testcase classname="backend.tests.test_employee_and_revenue.TestEmployeeRestrictions" name="test_employee_can_set_normal_or_vip" time="0.212" /><testcase classname="backend.tests.test_employee_and_revenue.TestEmployeeRestrictions" name="test_admin_can_promote_to_employee" time="0.216" /><testcase classname="backend.tests.test_employee_and_revenue.TestRevenueCalculation" name="test_e2e_profit_computation" time="38.691" /><testcase classname="backend.tests.test_employee_and_revenue.TestRevenueCalculation" name="test_missing_real_rate_appears_in_missing_list" time="4.690" /><testcase classname="backend.tests.test_marketplace_profit_and_margin.TestProductCostUsd" name="test_create_persists_cost_usd" time="0.217" /><testcase classname="backend.tests.test_marketplace_profit_and_margin.TestProductCostUsd" name="test_default_cost_usd_zero" time="7.287" /><testcase classname="backend.tests.test_marketplace_profit_and_margin.TestProductCostUsd" name="test_put_updates_cost_usd" time="0.356" /><testcase classname="backend.tests.test_marketplace_profit_and_margin.TestRedemptionSnapshot" name="test_redemption_records_cost_snapshot" time="0.903" /><testcase classname="backend.tests.test_marketplace_profit_and_margin.TestRedemptionSnapshot" name="test_cost_snapshot_independent_of_later_product_edit" time="0.874" /><testcase classname="backend.tests.test_marketplace_profit_and_margin.TestRedemptionSnapshot" name="test_redemption_defaults_cost_when_product_missing_cost" time="0.652" /><testcase classname="backend.tests.test_marketplace_profit_and_margin.TestRevenueMarketplaceSection" name="test_revenue_shape_includes_marketplace_keys" time="0.100" /><testcase classname="backend.tests.test_marketplace_profit_and_margin.TestRevenueMarketplaceSection" name="test_marketplace_profit_after_delivery" time="1.037" /><testcase classname="backend.tests.test_marketplace_profit_and_margin.TestRevenueMarketplaceSection" name="test_pending_redemption_not_counted" time="0.916" /><testcase classname="backend.tests.test_marketplace_profit_and_margin.TestNegativeMarginOrderCreate" name="test_no_alert_when_no_real_rate" time="1.261" /><testcase classname="backend.tests.test_marketplace_profit_and_margin.TestNegativeMarginOrderCreate" name="test_alert_when_real_rate_makes_loss" time="2.335" /><testcase classname="backend.tests.test_marketplace_profit_and_margin.TestNegativeMarginOnRateUpdate" name="test_rate_update_pending_losers_does_not_break" time="1.976" /><testcase classname="backend.tests.test_marketplace_profit_and_margin.TestOrderEndpointRobust" name="test_order_creation_returns_200_with_alert_path" time="1.275" /><testcase classname="backend.tests.test_multicurrency_and_stats.TestVipBalancesEndpoint" name="test_unauth_401" time="0.123" /><testcase classname="backend.tests.test_multicurrency_and_stats.TestVipBalancesEndpoint" name="test_normal_403" time="0.109" /><testcase classname="backend.tests.test_multicurrency_and_stats.TestVipBalancesEndpoint" name="test_admin_200" time="0.106" /><testcase classname="backend.tests.test_multicurrency_and_stats.TestVipBalancesEndpoint" name="test_vip_legacy_plus_dict_usdt_conversion" time="0.304" /><testcase classname="backend.tests.test_multicurrency_and_stats.TestAdminStats" name="test_unauth_401" time="0.102" /><testcase classname="backend.tests.test_multicurrency_and_stats.TestAdminStats" name="test_normal_403" time="0.102" /><testcase classname="backend.tests.test_multicurrency_and_stats.TestAdminStats" name="test_vip_403" time="0.109" /><testcase classname="backend.tests.test_multicurrency_and_stats.TestAdminStats" name="test_admin_structure" time="0.107" /><testcase classname="backend.tests.test_multicurrency_and_stats.TestAdminStats" name="test_admin_stats_grouped_by_currency" time="1.737" /><testcase classname="backend.tests.test_multicurrency_and_stats.TestCurrencyWithdrawals" name="test_withdraw_with_currency_cup" time="1.216" /><testcase classname="backend.tests.test_multicurrency_and_stats.TestCurrencyWithdrawals" name="test_withdraw_insufficient_balance_400" time="0.341" /><testcase classname="backend.tests.test_multicurrency_and_stats.TestCurrencyWithdrawals" name="test_legacy_withdraw_no_currency_uses_usd" time="1.090" /><testcase classname="backend.tests.test_multicurrency_and_stats.TestCurrencyWithdrawals" name="test_rejected_withdrawal_refunds_correct_currency" time="1.335" /><testcase classname="backend.tests.test_multicurrency_and_stats.TestRedemptionMergedUsd" name="test_redeem_with_only_vip_balances_usd" time="1.263" /><testcase classname="backend.tests.test_multicurrency_and_stats.TestDoubleApproveGuard" name="test_double_approve_does_not_double_credit_balance" time="1.939" /><testcase classname="backend.tests.test_p2p_backend.TestPublic" name="test_root" time="0.096" /><testcase classname="backend.tests.test_p2p_backend.TestPublic" name="test_currencies" time="0.104" /><testcase classname="backend.tests.test_p2p_backend.TestPublic" name="test_rates" time="0.108" /><testcase classname="backend.tests.test_p2p_backend.TestPublic" name="test_products" time="0.138" /><testcase classname="backend.tests.test_p2p_backend.TestAuth" name="test_me_unauth_401" time="0.110" /><testcase classname="backend.tests.test_p2p_backend.TestAuth" name="test_me_with_bearer_admin" time="0.098" /><testcase classname="backend.tests.test_p2p_backend.TestAuth" name="test_me_with_bearer_vip" time="0.103" /><testcase classname="backend.tests.test_p2p_backend.TestAuth" name="test_admin_endpoint_rejects_normal" time="0.101" /><testcase classname="backend.tests.test_p2p_backend.TestAuth" name="test_admin_endpoint_rejects_vip" time="0.121" /><testcase classname="backend.tests.test_p2p_backend.TestSeed" name="test_seed" time="0.406" /><testcase classname="backend.tests.test_p2p_backend.TestCurrencyCRUD" name="test_currency_crud" time="0.509" /><testcase classname="backend.tests.test_p2p_backend.TestCurrencyCRUD" name="test_currency_normal_forbidden" time="0.109" /><testcase classname="backend.tests.test_p2p_backend.TestRateCRUD" name="test_rate_create_edit" time="0.333" /><testcase classname="backend.tests.test_p2p_backend.TestOrders" name="test_order_normal_5pct" time="1.240" /><testcase classname="backend.tests.test_p2p_backend.TestOrders" name="test_order_vip_0pct" time="1.203" /><testcase classname="backend.tests.test_p2p_backend.TestOrders" name="test_order_vip_accumulate_approve_credits_balance" time="1.638" /><testcase classname="backend.tests.test_p2p_backend.TestOrders" name="test_orders_mine_isolation" time="0.217" /><testcase classname="backend.tests.test_p2p_backend.TestOrders" name="test_admin_orders_all" time="0.104" /><testcase classname="backend.tests.test_p2p_backend.TestOrders" name="test_order_status_invalid" time="0.199" /><testcase classname="backend.tests.test_p2p_backend.TestWithdrawals" name="test_normal_cannot_withdraw" time="0.097" /><testcase classname="backend.tests.test_p2p_backend.TestWithdrawals" name="test_vip_withdraw_then_reject_refunds" time="0.097"><skipped type="pytest.skip" message="VIP balance too low">/app/backend/tests/test_p2p_backend.py:214: VIP balance too low</skipped></testcase><testcase classname="backend.tests.test_p2p_backend.TestRedemptions" name="test_normal_cannot_redeem" time="0.204" /><testcase classname="backend.tests.test_p2p_backend.TestRedemptions" name="test_vip_redeem_and_reject_refunds" time="1.442" /><testcase classname="backend.tests.test_p2p_backend.TestProductsCRUD" name="test_product_crud" time="68.488" /><testcase classname="backend.tests.test_p2p_backend.TestUsersAdmin" name="test_list_and_update_user" time="0.384" /><testcase classname="backend.tests.test_push_notifications.TestVapidKey" name="test_get_vapid_key_no_auth" time="0.100" /><testcase classname="backend.tests.test_push_notifications.TestSubscribe" name="test_subscribe_requires_auth" time="0.105" /><testcase classname="backend.tests.test_push_notifications.TestSubscribe" name="test_subscribe_persists" time="0.107" /><testcase classname="backend.tests.test_push_notifications.TestSubscribe" name="test_subscribe_upsert_no_duplicate" time="0.196" /><testcase classname="backend.tests.test_push_notifications.TestSubscribe" name="test_subscribe_upsert_across_users" time="0.268" /><testcase classname="backend.tests.test_push_notifications.TestSubscribe" name="test_subscribe_missing_endpoint_400" time="0.102" /><testcase classname="backend.tests.test_push_notifications.TestUnsubscribe" name="test_unsubscribe_requires_auth" time="0.102" /><testcase classname="backend.tests.test_push_notifications.TestUnsubscribe" name="test_unsubscribe_missing_endpoint_400" time="0.102" /><testcase classname="backend.tests.test_push_notifications.TestUnsubscribe" name="test_unsubscribe_removes_record" time="0.201" /><testcase classname="backend.tests.test_push_notifications.TestPushTestEndpoint" name="test_push_test_no_subscriptions_returns_404" time="0.103" /><testcase classname="backend.tests.test_push_notifications.TestPushTestEndpoint" name="test_push_test_with_dummy_subscription_returns_delivered_total" time="0.211" /><testcase classname="backend.tests.test_push_notifications.TestOrderApprovalPush" name="test_approve_order_with_dummy_sub_still_returns_200" time="1.572" /><testcase classname="backend.tests.test_push_notifications.TestOrderApprovalPush" name="test_reject_order_with_dummy_sub_still_returns_200" time="1.479" /><testcase classname="backend.tests.test_push_notifications.TestPwaAssets" name="test_splash_1170" time="0.141" /><testcase classname="backend.tests.test_push_notifications.TestPwaAssets" name="test_splash_1290" time="0.135" /><testcase classname="backend.tests.test_push_notifications.TestPwaAssets" name="test_icon_192_exists" time="0.105" /><testcase classname="backend.tests.test_push_notifications.TestPwaAssets" name="test_logo_300_exists" time="0.152" /></testsuite></testsuites>